[2025-04-21T13:16:32.217+0000] {processor.py:161} INFO - Started process (PID=163) to work on /opt/airflow/dags/scripts/preprocess.py
[2025-04-21T13:16:32.219+0000] {processor.py:830} INFO - Processing file /opt/airflow/dags/scripts/preprocess.py for tasks to queue
[2025-04-21T13:16:32.221+0000] {logging_mixin.py:188} INFO - [2025-04-21T13:16:32.220+0000] {dagbag.py:538} INFO - Filling up the DagBag from /opt/airflow/dags/scripts/preprocess.py
[2025-04-21T13:16:32.246+0000] {logging_mixin.py:188} INFO - [2025-04-21T13:16:32.244+0000] {dagbag.py:348} ERROR - Failed to import: /opt/airflow/dags/scripts/preprocess.py
Traceback (most recent call last):
  File "/home/airflow/.local/lib/python3.8/site-packages/airflow/models/dagbag.py", line 344, in parse
    loader.exec_module(new_module)
  File "<frozen importlib._bootstrap_external>", line 843, in exec_module
  File "<frozen importlib._bootstrap>", line 219, in _call_with_frames_removed
  File "/opt/airflow/dags/scripts/preprocess.py", line 1, in <module>
    from sklearn.datasets import load_iris
ModuleNotFoundError: No module named 'sklearn'
[2025-04-21T13:16:32.247+0000] {processor.py:842} WARNING - No viable dags retrieved from /opt/airflow/dags/scripts/preprocess.py
[2025-04-21T13:16:32.303+0000] {processor.py:183} INFO - Processing /opt/airflow/dags/scripts/preprocess.py took 0.091 seconds
[2025-04-21T13:17:02.708+0000] {processor.py:161} INFO - Started process (PID=173) to work on /opt/airflow/dags/scripts/preprocess.py
[2025-04-21T13:17:02.711+0000] {processor.py:830} INFO - Processing file /opt/airflow/dags/scripts/preprocess.py for tasks to queue
[2025-04-21T13:17:02.713+0000] {logging_mixin.py:188} INFO - [2025-04-21T13:17:02.712+0000] {dagbag.py:538} INFO - Filling up the DagBag from /opt/airflow/dags/scripts/preprocess.py
[2025-04-21T13:17:02.725+0000] {logging_mixin.py:188} INFO - [2025-04-21T13:17:02.723+0000] {dagbag.py:348} ERROR - Failed to import: /opt/airflow/dags/scripts/preprocess.py
Traceback (most recent call last):
  File "/home/airflow/.local/lib/python3.8/site-packages/airflow/models/dagbag.py", line 344, in parse
    loader.exec_module(new_module)
  File "<frozen importlib._bootstrap_external>", line 843, in exec_module
  File "<frozen importlib._bootstrap>", line 219, in _call_with_frames_removed
  File "/opt/airflow/dags/scripts/preprocess.py", line 1, in <module>
    from sklearn.datasets import load_iris
ModuleNotFoundError: No module named 'sklearn'
[2025-04-21T13:17:02.726+0000] {processor.py:842} WARNING - No viable dags retrieved from /opt/airflow/dags/scripts/preprocess.py
[2025-04-21T13:17:02.758+0000] {processor.py:183} INFO - Processing /opt/airflow/dags/scripts/preprocess.py took 0.060 seconds
[2025-04-21T13:17:33.133+0000] {processor.py:161} INFO - Started process (PID=183) to work on /opt/airflow/dags/scripts/preprocess.py
[2025-04-21T13:17:33.135+0000] {processor.py:830} INFO - Processing file /opt/airflow/dags/scripts/preprocess.py for tasks to queue
[2025-04-21T13:17:33.137+0000] {logging_mixin.py:188} INFO - [2025-04-21T13:17:33.137+0000] {dagbag.py:538} INFO - Filling up the DagBag from /opt/airflow/dags/scripts/preprocess.py
[2025-04-21T13:17:33.144+0000] {logging_mixin.py:188} INFO - [2025-04-21T13:17:33.143+0000] {dagbag.py:348} ERROR - Failed to import: /opt/airflow/dags/scripts/preprocess.py
Traceback (most recent call last):
  File "/home/airflow/.local/lib/python3.8/site-packages/airflow/models/dagbag.py", line 344, in parse
    loader.exec_module(new_module)
  File "<frozen importlib._bootstrap_external>", line 843, in exec_module
  File "<frozen importlib._bootstrap>", line 219, in _call_with_frames_removed
  File "/opt/airflow/dags/scripts/preprocess.py", line 1, in <module>
    from sklearn.datasets import load_iris
ModuleNotFoundError: No module named 'sklearn'
[2025-04-21T13:17:33.145+0000] {processor.py:842} WARNING - No viable dags retrieved from /opt/airflow/dags/scripts/preprocess.py
[2025-04-21T13:17:33.167+0000] {processor.py:183} INFO - Processing /opt/airflow/dags/scripts/preprocess.py took 0.038 seconds
[2025-04-21T13:18:03.541+0000] {processor.py:161} INFO - Started process (PID=193) to work on /opt/airflow/dags/scripts/preprocess.py
[2025-04-21T13:18:03.543+0000] {processor.py:830} INFO - Processing file /opt/airflow/dags/scripts/preprocess.py for tasks to queue
[2025-04-21T13:18:03.545+0000] {logging_mixin.py:188} INFO - [2025-04-21T13:18:03.544+0000] {dagbag.py:538} INFO - Filling up the DagBag from /opt/airflow/dags/scripts/preprocess.py
[2025-04-21T13:18:03.550+0000] {logging_mixin.py:188} INFO - [2025-04-21T13:18:03.549+0000] {dagbag.py:348} ERROR - Failed to import: /opt/airflow/dags/scripts/preprocess.py
Traceback (most recent call last):
  File "/home/airflow/.local/lib/python3.8/site-packages/airflow/models/dagbag.py", line 344, in parse
    loader.exec_module(new_module)
  File "<frozen importlib._bootstrap_external>", line 843, in exec_module
  File "<frozen importlib._bootstrap>", line 219, in _call_with_frames_removed
  File "/opt/airflow/dags/scripts/preprocess.py", line 1, in <module>
    from sklearn.datasets import load_iris
ModuleNotFoundError: No module named 'sklearn'
[2025-04-21T13:18:03.551+0000] {processor.py:842} WARNING - No viable dags retrieved from /opt/airflow/dags/scripts/preprocess.py
[2025-04-21T13:18:03.573+0000] {processor.py:183} INFO - Processing /opt/airflow/dags/scripts/preprocess.py took 0.036 seconds
[2025-04-21T13:18:33.943+0000] {processor.py:161} INFO - Started process (PID=203) to work on /opt/airflow/dags/scripts/preprocess.py
[2025-04-21T13:18:33.945+0000] {processor.py:830} INFO - Processing file /opt/airflow/dags/scripts/preprocess.py for tasks to queue
[2025-04-21T13:18:33.946+0000] {logging_mixin.py:188} INFO - [2025-04-21T13:18:33.946+0000] {dagbag.py:538} INFO - Filling up the DagBag from /opt/airflow/dags/scripts/preprocess.py
[2025-04-21T13:18:33.952+0000] {logging_mixin.py:188} INFO - [2025-04-21T13:18:33.951+0000] {dagbag.py:348} ERROR - Failed to import: /opt/airflow/dags/scripts/preprocess.py
Traceback (most recent call last):
  File "/home/airflow/.local/lib/python3.8/site-packages/airflow/models/dagbag.py", line 344, in parse
    loader.exec_module(new_module)
  File "<frozen importlib._bootstrap_external>", line 843, in exec_module
  File "<frozen importlib._bootstrap>", line 219, in _call_with_frames_removed
  File "/opt/airflow/dags/scripts/preprocess.py", line 1, in <module>
    from sklearn.datasets import load_iris
ModuleNotFoundError: No module named 'sklearn'
[2025-04-21T13:18:33.953+0000] {processor.py:842} WARNING - No viable dags retrieved from /opt/airflow/dags/scripts/preprocess.py
[2025-04-21T13:18:33.975+0000] {processor.py:183} INFO - Processing /opt/airflow/dags/scripts/preprocess.py took 0.036 seconds
[2025-04-21T13:19:04.354+0000] {processor.py:161} INFO - Started process (PID=213) to work on /opt/airflow/dags/scripts/preprocess.py
[2025-04-21T13:19:04.356+0000] {processor.py:830} INFO - Processing file /opt/airflow/dags/scripts/preprocess.py for tasks to queue
[2025-04-21T13:19:04.358+0000] {logging_mixin.py:188} INFO - [2025-04-21T13:19:04.357+0000] {dagbag.py:538} INFO - Filling up the DagBag from /opt/airflow/dags/scripts/preprocess.py
[2025-04-21T13:19:04.366+0000] {logging_mixin.py:188} INFO - [2025-04-21T13:19:04.365+0000] {dagbag.py:348} ERROR - Failed to import: /opt/airflow/dags/scripts/preprocess.py
Traceback (most recent call last):
  File "/home/airflow/.local/lib/python3.8/site-packages/airflow/models/dagbag.py", line 344, in parse
    loader.exec_module(new_module)
  File "<frozen importlib._bootstrap_external>", line 843, in exec_module
  File "<frozen importlib._bootstrap>", line 219, in _call_with_frames_removed
  File "/opt/airflow/dags/scripts/preprocess.py", line 1, in <module>
    from sklearn.datasets import load_iris
ModuleNotFoundError: No module named 'sklearn'
[2025-04-21T13:19:04.367+0000] {processor.py:842} WARNING - No viable dags retrieved from /opt/airflow/dags/scripts/preprocess.py
[2025-04-21T13:19:04.397+0000] {processor.py:183} INFO - Processing /opt/airflow/dags/scripts/preprocess.py took 0.051 seconds
[2025-04-21T13:19:34.757+0000] {processor.py:161} INFO - Started process (PID=223) to work on /opt/airflow/dags/scripts/preprocess.py
[2025-04-21T13:19:34.759+0000] {processor.py:830} INFO - Processing file /opt/airflow/dags/scripts/preprocess.py for tasks to queue
[2025-04-21T13:19:34.761+0000] {logging_mixin.py:188} INFO - [2025-04-21T13:19:34.760+0000] {dagbag.py:538} INFO - Filling up the DagBag from /opt/airflow/dags/scripts/preprocess.py
[2025-04-21T13:19:34.767+0000] {logging_mixin.py:188} INFO - [2025-04-21T13:19:34.766+0000] {dagbag.py:348} ERROR - Failed to import: /opt/airflow/dags/scripts/preprocess.py
Traceback (most recent call last):
  File "/home/airflow/.local/lib/python3.8/site-packages/airflow/models/dagbag.py", line 344, in parse
    loader.exec_module(new_module)
  File "<frozen importlib._bootstrap_external>", line 843, in exec_module
  File "<frozen importlib._bootstrap>", line 219, in _call_with_frames_removed
  File "/opt/airflow/dags/scripts/preprocess.py", line 1, in <module>
    from sklearn.datasets import load_iris
ModuleNotFoundError: No module named 'sklearn'
[2025-04-21T13:19:34.767+0000] {processor.py:842} WARNING - No viable dags retrieved from /opt/airflow/dags/scripts/preprocess.py
[2025-04-21T13:19:34.789+0000] {processor.py:183} INFO - Processing /opt/airflow/dags/scripts/preprocess.py took 0.037 seconds
[2025-04-21T13:20:05.127+0000] {processor.py:161} INFO - Started process (PID=233) to work on /opt/airflow/dags/scripts/preprocess.py
[2025-04-21T13:20:05.129+0000] {processor.py:830} INFO - Processing file /opt/airflow/dags/scripts/preprocess.py for tasks to queue
[2025-04-21T13:20:05.130+0000] {logging_mixin.py:188} INFO - [2025-04-21T13:20:05.130+0000] {dagbag.py:538} INFO - Filling up the DagBag from /opt/airflow/dags/scripts/preprocess.py
[2025-04-21T13:20:05.136+0000] {logging_mixin.py:188} INFO - [2025-04-21T13:20:05.135+0000] {dagbag.py:348} ERROR - Failed to import: /opt/airflow/dags/scripts/preprocess.py
Traceback (most recent call last):
  File "/home/airflow/.local/lib/python3.8/site-packages/airflow/models/dagbag.py", line 344, in parse
    loader.exec_module(new_module)
  File "<frozen importlib._bootstrap_external>", line 843, in exec_module
  File "<frozen importlib._bootstrap>", line 219, in _call_with_frames_removed
  File "/opt/airflow/dags/scripts/preprocess.py", line 1, in <module>
    from sklearn.datasets import load_iris
ModuleNotFoundError: No module named 'sklearn'
[2025-04-21T13:20:05.136+0000] {processor.py:842} WARNING - No viable dags retrieved from /opt/airflow/dags/scripts/preprocess.py
[2025-04-21T13:20:05.158+0000] {processor.py:183} INFO - Processing /opt/airflow/dags/scripts/preprocess.py took 0.034 seconds
[2025-04-21T13:20:35.514+0000] {processor.py:161} INFO - Started process (PID=243) to work on /opt/airflow/dags/scripts/preprocess.py
[2025-04-21T13:20:35.516+0000] {processor.py:830} INFO - Processing file /opt/airflow/dags/scripts/preprocess.py for tasks to queue
[2025-04-21T13:20:35.517+0000] {logging_mixin.py:188} INFO - [2025-04-21T13:20:35.517+0000] {dagbag.py:538} INFO - Filling up the DagBag from /opt/airflow/dags/scripts/preprocess.py
[2025-04-21T13:20:35.523+0000] {logging_mixin.py:188} INFO - [2025-04-21T13:20:35.522+0000] {dagbag.py:348} ERROR - Failed to import: /opt/airflow/dags/scripts/preprocess.py
Traceback (most recent call last):
  File "/home/airflow/.local/lib/python3.8/site-packages/airflow/models/dagbag.py", line 344, in parse
    loader.exec_module(new_module)
  File "<frozen importlib._bootstrap_external>", line 843, in exec_module
  File "<frozen importlib._bootstrap>", line 219, in _call_with_frames_removed
  File "/opt/airflow/dags/scripts/preprocess.py", line 1, in <module>
    from sklearn.datasets import load_iris
ModuleNotFoundError: No module named 'sklearn'
[2025-04-21T13:20:35.524+0000] {processor.py:842} WARNING - No viable dags retrieved from /opt/airflow/dags/scripts/preprocess.py
[2025-04-21T13:20:35.545+0000] {processor.py:183} INFO - Processing /opt/airflow/dags/scripts/preprocess.py took 0.035 seconds
[2025-04-21T13:21:05.933+0000] {processor.py:161} INFO - Started process (PID=253) to work on /opt/airflow/dags/scripts/preprocess.py
[2025-04-21T13:21:05.936+0000] {processor.py:830} INFO - Processing file /opt/airflow/dags/scripts/preprocess.py for tasks to queue
[2025-04-21T13:21:05.938+0000] {logging_mixin.py:188} INFO - [2025-04-21T13:21:05.937+0000] {dagbag.py:538} INFO - Filling up the DagBag from /opt/airflow/dags/scripts/preprocess.py
[2025-04-21T13:21:05.944+0000] {logging_mixin.py:188} INFO - [2025-04-21T13:21:05.943+0000] {dagbag.py:348} ERROR - Failed to import: /opt/airflow/dags/scripts/preprocess.py
Traceback (most recent call last):
  File "/home/airflow/.local/lib/python3.8/site-packages/airflow/models/dagbag.py", line 344, in parse
    loader.exec_module(new_module)
  File "<frozen importlib._bootstrap_external>", line 843, in exec_module
  File "<frozen importlib._bootstrap>", line 219, in _call_with_frames_removed
  File "/opt/airflow/dags/scripts/preprocess.py", line 1, in <module>
    from sklearn.datasets import load_iris
ModuleNotFoundError: No module named 'sklearn'
[2025-04-21T13:21:05.944+0000] {processor.py:842} WARNING - No viable dags retrieved from /opt/airflow/dags/scripts/preprocess.py
[2025-04-21T13:21:05.967+0000] {processor.py:183} INFO - Processing /opt/airflow/dags/scripts/preprocess.py took 0.038 seconds
[2025-04-21T13:21:36.354+0000] {processor.py:161} INFO - Started process (PID=269) to work on /opt/airflow/dags/scripts/preprocess.py
[2025-04-21T13:21:36.357+0000] {processor.py:830} INFO - Processing file /opt/airflow/dags/scripts/preprocess.py for tasks to queue
[2025-04-21T13:21:36.358+0000] {logging_mixin.py:188} INFO - [2025-04-21T13:21:36.357+0000] {dagbag.py:538} INFO - Filling up the DagBag from /opt/airflow/dags/scripts/preprocess.py
[2025-04-21T13:21:36.364+0000] {logging_mixin.py:188} INFO - [2025-04-21T13:21:36.363+0000] {dagbag.py:348} ERROR - Failed to import: /opt/airflow/dags/scripts/preprocess.py
Traceback (most recent call last):
  File "/home/airflow/.local/lib/python3.8/site-packages/airflow/models/dagbag.py", line 344, in parse
    loader.exec_module(new_module)
  File "<frozen importlib._bootstrap_external>", line 843, in exec_module
  File "<frozen importlib._bootstrap>", line 219, in _call_with_frames_removed
  File "/opt/airflow/dags/scripts/preprocess.py", line 1, in <module>
    from sklearn.datasets import load_iris
ModuleNotFoundError: No module named 'sklearn'
[2025-04-21T13:21:36.365+0000] {processor.py:842} WARNING - No viable dags retrieved from /opt/airflow/dags/scripts/preprocess.py
[2025-04-21T13:21:36.387+0000] {processor.py:183} INFO - Processing /opt/airflow/dags/scripts/preprocess.py took 0.038 seconds
[2025-04-21T13:22:06.909+0000] {processor.py:161} INFO - Started process (PID=285) to work on /opt/airflow/dags/scripts/preprocess.py
[2025-04-21T13:22:06.911+0000] {processor.py:830} INFO - Processing file /opt/airflow/dags/scripts/preprocess.py for tasks to queue
[2025-04-21T13:22:06.912+0000] {logging_mixin.py:188} INFO - [2025-04-21T13:22:06.912+0000] {dagbag.py:538} INFO - Filling up the DagBag from /opt/airflow/dags/scripts/preprocess.py
[2025-04-21T13:22:06.918+0000] {logging_mixin.py:188} INFO - [2025-04-21T13:22:06.917+0000] {dagbag.py:348} ERROR - Failed to import: /opt/airflow/dags/scripts/preprocess.py
Traceback (most recent call last):
  File "/home/airflow/.local/lib/python3.8/site-packages/airflow/models/dagbag.py", line 344, in parse
    loader.exec_module(new_module)
  File "<frozen importlib._bootstrap_external>", line 843, in exec_module
  File "<frozen importlib._bootstrap>", line 219, in _call_with_frames_removed
  File "/opt/airflow/dags/scripts/preprocess.py", line 1, in <module>
    from sklearn.datasets import load_iris
ModuleNotFoundError: No module named 'sklearn'
[2025-04-21T13:22:06.918+0000] {processor.py:842} WARNING - No viable dags retrieved from /opt/airflow/dags/scripts/preprocess.py
[2025-04-21T13:22:06.943+0000] {processor.py:183} INFO - Processing /opt/airflow/dags/scripts/preprocess.py took 0.039 seconds
[2025-04-21T13:22:37.364+0000] {processor.py:161} INFO - Started process (PID=301) to work on /opt/airflow/dags/scripts/preprocess.py
[2025-04-21T13:22:37.365+0000] {processor.py:830} INFO - Processing file /opt/airflow/dags/scripts/preprocess.py for tasks to queue
[2025-04-21T13:22:37.367+0000] {logging_mixin.py:188} INFO - [2025-04-21T13:22:37.366+0000] {dagbag.py:538} INFO - Filling up the DagBag from /opt/airflow/dags/scripts/preprocess.py
[2025-04-21T13:22:37.372+0000] {logging_mixin.py:188} INFO - [2025-04-21T13:22:37.371+0000] {dagbag.py:348} ERROR - Failed to import: /opt/airflow/dags/scripts/preprocess.py
Traceback (most recent call last):
  File "/home/airflow/.local/lib/python3.8/site-packages/airflow/models/dagbag.py", line 344, in parse
    loader.exec_module(new_module)
  File "<frozen importlib._bootstrap_external>", line 843, in exec_module
  File "<frozen importlib._bootstrap>", line 219, in _call_with_frames_removed
  File "/opt/airflow/dags/scripts/preprocess.py", line 1, in <module>
    from sklearn.datasets import load_iris
ModuleNotFoundError: No module named 'sklearn'
[2025-04-21T13:22:37.373+0000] {processor.py:842} WARNING - No viable dags retrieved from /opt/airflow/dags/scripts/preprocess.py
[2025-04-21T13:22:37.396+0000] {processor.py:183} INFO - Processing /opt/airflow/dags/scripts/preprocess.py took 0.036 seconds
[2025-04-21T13:23:07.889+0000] {processor.py:161} INFO - Started process (PID=317) to work on /opt/airflow/dags/scripts/preprocess.py
[2025-04-21T13:23:07.891+0000] {processor.py:830} INFO - Processing file /opt/airflow/dags/scripts/preprocess.py for tasks to queue
[2025-04-21T13:23:07.893+0000] {logging_mixin.py:188} INFO - [2025-04-21T13:23:07.892+0000] {dagbag.py:538} INFO - Filling up the DagBag from /opt/airflow/dags/scripts/preprocess.py
[2025-04-21T13:23:07.899+0000] {logging_mixin.py:188} INFO - [2025-04-21T13:23:07.898+0000] {dagbag.py:348} ERROR - Failed to import: /opt/airflow/dags/scripts/preprocess.py
Traceback (most recent call last):
  File "/home/airflow/.local/lib/python3.8/site-packages/airflow/models/dagbag.py", line 344, in parse
    loader.exec_module(new_module)
  File "<frozen importlib._bootstrap_external>", line 843, in exec_module
  File "<frozen importlib._bootstrap>", line 219, in _call_with_frames_removed
  File "/opt/airflow/dags/scripts/preprocess.py", line 1, in <module>
    from sklearn.datasets import load_iris
ModuleNotFoundError: No module named 'sklearn'
[2025-04-21T13:23:07.899+0000] {processor.py:842} WARNING - No viable dags retrieved from /opt/airflow/dags/scripts/preprocess.py
[2025-04-21T13:23:07.921+0000] {processor.py:183} INFO - Processing /opt/airflow/dags/scripts/preprocess.py took 0.036 seconds
[2025-04-21T13:23:38.748+0000] {processor.py:161} INFO - Started process (PID=167) to work on /opt/airflow/dags/scripts/preprocess.py
[2025-04-21T13:23:38.750+0000] {processor.py:830} INFO - Processing file /opt/airflow/dags/scripts/preprocess.py for tasks to queue
[2025-04-21T13:23:38.752+0000] {logging_mixin.py:188} INFO - [2025-04-21T13:23:38.751+0000] {dagbag.py:538} INFO - Filling up the DagBag from /opt/airflow/dags/scripts/preprocess.py
[2025-04-21T13:23:38.765+0000] {logging_mixin.py:188} INFO - [2025-04-21T13:23:38.763+0000] {dagbag.py:348} ERROR - Failed to import: /opt/airflow/dags/scripts/preprocess.py
Traceback (most recent call last):
  File "/home/airflow/.local/lib/python3.8/site-packages/airflow/models/dagbag.py", line 344, in parse
    loader.exec_module(new_module)
  File "<frozen importlib._bootstrap_external>", line 843, in exec_module
  File "<frozen importlib._bootstrap>", line 219, in _call_with_frames_removed
  File "/opt/airflow/dags/scripts/preprocess.py", line 1, in <module>
    from sklearn.datasets import load_iris
ModuleNotFoundError: No module named 'sklearn'
[2025-04-21T13:23:38.766+0000] {processor.py:842} WARNING - No viable dags retrieved from /opt/airflow/dags/scripts/preprocess.py
[2025-04-21T13:23:38.797+0000] {processor.py:183} INFO - Processing /opt/airflow/dags/scripts/preprocess.py took 0.057 seconds
[2025-04-21T13:24:09.021+0000] {processor.py:161} INFO - Started process (PID=180) to work on /opt/airflow/dags/scripts/preprocess.py
[2025-04-21T13:24:09.023+0000] {processor.py:830} INFO - Processing file /opt/airflow/dags/scripts/preprocess.py for tasks to queue
[2025-04-21T13:24:09.025+0000] {logging_mixin.py:188} INFO - [2025-04-21T13:24:09.024+0000] {dagbag.py:538} INFO - Filling up the DagBag from /opt/airflow/dags/scripts/preprocess.py
[2025-04-21T13:24:09.034+0000] {logging_mixin.py:188} INFO - [2025-04-21T13:24:09.032+0000] {dagbag.py:348} ERROR - Failed to import: /opt/airflow/dags/scripts/preprocess.py
Traceback (most recent call last):
  File "/home/airflow/.local/lib/python3.8/site-packages/airflow/models/dagbag.py", line 344, in parse
    loader.exec_module(new_module)
  File "<frozen importlib._bootstrap_external>", line 843, in exec_module
  File "<frozen importlib._bootstrap>", line 219, in _call_with_frames_removed
  File "/opt/airflow/dags/scripts/preprocess.py", line 1, in <module>
    from sklearn.datasets import load_iris
ModuleNotFoundError: No module named 'sklearn'
[2025-04-21T13:24:09.034+0000] {processor.py:842} WARNING - No viable dags retrieved from /opt/airflow/dags/scripts/preprocess.py
[2025-04-21T13:24:09.064+0000] {processor.py:183} INFO - Processing /opt/airflow/dags/scripts/preprocess.py took 0.048 seconds
[2025-04-21T13:24:39.555+0000] {processor.py:161} INFO - Started process (PID=196) to work on /opt/airflow/dags/scripts/preprocess.py
[2025-04-21T13:24:39.557+0000] {processor.py:830} INFO - Processing file /opt/airflow/dags/scripts/preprocess.py for tasks to queue
[2025-04-21T13:24:39.558+0000] {logging_mixin.py:188} INFO - [2025-04-21T13:24:39.558+0000] {dagbag.py:538} INFO - Filling up the DagBag from /opt/airflow/dags/scripts/preprocess.py
[2025-04-21T13:24:39.564+0000] {logging_mixin.py:188} INFO - [2025-04-21T13:24:39.562+0000] {dagbag.py:348} ERROR - Failed to import: /opt/airflow/dags/scripts/preprocess.py
Traceback (most recent call last):
  File "/home/airflow/.local/lib/python3.8/site-packages/airflow/models/dagbag.py", line 344, in parse
    loader.exec_module(new_module)
  File "<frozen importlib._bootstrap_external>", line 843, in exec_module
  File "<frozen importlib._bootstrap>", line 219, in _call_with_frames_removed
  File "/opt/airflow/dags/scripts/preprocess.py", line 1, in <module>
    from sklearn.datasets import load_iris
ModuleNotFoundError: No module named 'sklearn'
[2025-04-21T13:24:39.564+0000] {processor.py:842} WARNING - No viable dags retrieved from /opt/airflow/dags/scripts/preprocess.py
[2025-04-21T13:24:39.586+0000] {processor.py:183} INFO - Processing /opt/airflow/dags/scripts/preprocess.py took 0.036 seconds
[2025-04-21T13:25:09.983+0000] {processor.py:161} INFO - Started process (PID=212) to work on /opt/airflow/dags/scripts/preprocess.py
[2025-04-21T13:25:09.985+0000] {processor.py:830} INFO - Processing file /opt/airflow/dags/scripts/preprocess.py for tasks to queue
[2025-04-21T13:25:09.986+0000] {logging_mixin.py:188} INFO - [2025-04-21T13:25:09.985+0000] {dagbag.py:538} INFO - Filling up the DagBag from /opt/airflow/dags/scripts/preprocess.py
[2025-04-21T13:25:09.991+0000] {logging_mixin.py:188} INFO - [2025-04-21T13:25:09.990+0000] {dagbag.py:348} ERROR - Failed to import: /opt/airflow/dags/scripts/preprocess.py
Traceback (most recent call last):
  File "/home/airflow/.local/lib/python3.8/site-packages/airflow/models/dagbag.py", line 344, in parse
    loader.exec_module(new_module)
  File "<frozen importlib._bootstrap_external>", line 843, in exec_module
  File "<frozen importlib._bootstrap>", line 219, in _call_with_frames_removed
  File "/opt/airflow/dags/scripts/preprocess.py", line 1, in <module>
    from sklearn.datasets import load_iris
ModuleNotFoundError: No module named 'sklearn'
[2025-04-21T13:25:09.992+0000] {processor.py:842} WARNING - No viable dags retrieved from /opt/airflow/dags/scripts/preprocess.py
[2025-04-21T13:25:10.014+0000] {processor.py:183} INFO - Processing /opt/airflow/dags/scripts/preprocess.py took 0.035 seconds
[2025-04-21T13:25:40.430+0000] {processor.py:161} INFO - Started process (PID=228) to work on /opt/airflow/dags/scripts/preprocess.py
[2025-04-21T13:25:40.433+0000] {processor.py:830} INFO - Processing file /opt/airflow/dags/scripts/preprocess.py for tasks to queue
[2025-04-21T13:25:40.435+0000] {logging_mixin.py:188} INFO - [2025-04-21T13:25:40.434+0000] {dagbag.py:538} INFO - Filling up the DagBag from /opt/airflow/dags/scripts/preprocess.py
[2025-04-21T13:25:40.443+0000] {logging_mixin.py:188} INFO - [2025-04-21T13:25:40.441+0000] {dagbag.py:348} ERROR - Failed to import: /opt/airflow/dags/scripts/preprocess.py
Traceback (most recent call last):
  File "/home/airflow/.local/lib/python3.8/site-packages/airflow/models/dagbag.py", line 344, in parse
    loader.exec_module(new_module)
  File "<frozen importlib._bootstrap_external>", line 843, in exec_module
  File "<frozen importlib._bootstrap>", line 219, in _call_with_frames_removed
  File "/opt/airflow/dags/scripts/preprocess.py", line 1, in <module>
    from sklearn.datasets import load_iris
ModuleNotFoundError: No module named 'sklearn'
[2025-04-21T13:25:40.444+0000] {processor.py:842} WARNING - No viable dags retrieved from /opt/airflow/dags/scripts/preprocess.py
[2025-04-21T13:25:40.472+0000] {processor.py:183} INFO - Processing /opt/airflow/dags/scripts/preprocess.py took 0.050 seconds
[2025-04-21T13:26:10.928+0000] {processor.py:161} INFO - Started process (PID=244) to work on /opt/airflow/dags/scripts/preprocess.py
[2025-04-21T13:26:10.931+0000] {processor.py:830} INFO - Processing file /opt/airflow/dags/scripts/preprocess.py for tasks to queue
[2025-04-21T13:26:10.933+0000] {logging_mixin.py:188} INFO - [2025-04-21T13:26:10.932+0000] {dagbag.py:538} INFO - Filling up the DagBag from /opt/airflow/dags/scripts/preprocess.py
[2025-04-21T13:26:10.943+0000] {logging_mixin.py:188} INFO - [2025-04-21T13:26:10.941+0000] {dagbag.py:348} ERROR - Failed to import: /opt/airflow/dags/scripts/preprocess.py
Traceback (most recent call last):
  File "/home/airflow/.local/lib/python3.8/site-packages/airflow/models/dagbag.py", line 344, in parse
    loader.exec_module(new_module)
  File "<frozen importlib._bootstrap_external>", line 843, in exec_module
  File "<frozen importlib._bootstrap>", line 219, in _call_with_frames_removed
  File "/opt/airflow/dags/scripts/preprocess.py", line 1, in <module>
    from sklearn.datasets import load_iris
ModuleNotFoundError: No module named 'sklearn'
[2025-04-21T13:26:10.943+0000] {processor.py:842} WARNING - No viable dags retrieved from /opt/airflow/dags/scripts/preprocess.py
[2025-04-21T13:26:10.981+0000] {processor.py:183} INFO - Processing /opt/airflow/dags/scripts/preprocess.py took 0.061 seconds
[2025-04-21T13:26:41.428+0000] {processor.py:161} INFO - Started process (PID=260) to work on /opt/airflow/dags/scripts/preprocess.py
[2025-04-21T13:26:41.430+0000] {processor.py:830} INFO - Processing file /opt/airflow/dags/scripts/preprocess.py for tasks to queue
[2025-04-21T13:26:41.432+0000] {logging_mixin.py:188} INFO - [2025-04-21T13:26:41.431+0000] {dagbag.py:538} INFO - Filling up the DagBag from /opt/airflow/dags/scripts/preprocess.py
[2025-04-21T13:26:41.442+0000] {logging_mixin.py:188} INFO - [2025-04-21T13:26:41.440+0000] {dagbag.py:348} ERROR - Failed to import: /opt/airflow/dags/scripts/preprocess.py
Traceback (most recent call last):
  File "/home/airflow/.local/lib/python3.8/site-packages/airflow/models/dagbag.py", line 344, in parse
    loader.exec_module(new_module)
  File "<frozen importlib._bootstrap_external>", line 843, in exec_module
  File "<frozen importlib._bootstrap>", line 219, in _call_with_frames_removed
  File "/opt/airflow/dags/scripts/preprocess.py", line 1, in <module>
    from sklearn.datasets import load_iris
ModuleNotFoundError: No module named 'sklearn'
[2025-04-21T13:26:41.442+0000] {processor.py:842} WARNING - No viable dags retrieved from /opt/airflow/dags/scripts/preprocess.py
[2025-04-21T13:26:41.475+0000] {processor.py:183} INFO - Processing /opt/airflow/dags/scripts/preprocess.py took 0.053 seconds
[2025-04-21T13:27:11.875+0000] {processor.py:161} INFO - Started process (PID=276) to work on /opt/airflow/dags/scripts/preprocess.py
[2025-04-21T13:27:11.877+0000] {processor.py:830} INFO - Processing file /opt/airflow/dags/scripts/preprocess.py for tasks to queue
[2025-04-21T13:27:11.878+0000] {logging_mixin.py:188} INFO - [2025-04-21T13:27:11.878+0000] {dagbag.py:538} INFO - Filling up the DagBag from /opt/airflow/dags/scripts/preprocess.py
[2025-04-21T13:27:11.884+0000] {logging_mixin.py:188} INFO - [2025-04-21T13:27:11.883+0000] {dagbag.py:348} ERROR - Failed to import: /opt/airflow/dags/scripts/preprocess.py
Traceback (most recent call last):
  File "/home/airflow/.local/lib/python3.8/site-packages/airflow/models/dagbag.py", line 344, in parse
    loader.exec_module(new_module)
  File "<frozen importlib._bootstrap_external>", line 843, in exec_module
  File "<frozen importlib._bootstrap>", line 219, in _call_with_frames_removed
  File "/opt/airflow/dags/scripts/preprocess.py", line 1, in <module>
    from sklearn.datasets import load_iris
ModuleNotFoundError: No module named 'sklearn'
[2025-04-21T13:27:11.885+0000] {processor.py:842} WARNING - No viable dags retrieved from /opt/airflow/dags/scripts/preprocess.py
[2025-04-21T13:27:11.906+0000] {processor.py:183} INFO - Processing /opt/airflow/dags/scripts/preprocess.py took 0.037 seconds
[2025-04-21T13:27:42.307+0000] {processor.py:161} INFO - Started process (PID=292) to work on /opt/airflow/dags/scripts/preprocess.py
[2025-04-21T13:27:42.308+0000] {processor.py:830} INFO - Processing file /opt/airflow/dags/scripts/preprocess.py for tasks to queue
[2025-04-21T13:27:42.310+0000] {logging_mixin.py:188} INFO - [2025-04-21T13:27:42.309+0000] {dagbag.py:538} INFO - Filling up the DagBag from /opt/airflow/dags/scripts/preprocess.py
[2025-04-21T13:27:42.316+0000] {logging_mixin.py:188} INFO - [2025-04-21T13:27:42.315+0000] {dagbag.py:348} ERROR - Failed to import: /opt/airflow/dags/scripts/preprocess.py
Traceback (most recent call last):
  File "/home/airflow/.local/lib/python3.8/site-packages/airflow/models/dagbag.py", line 344, in parse
    loader.exec_module(new_module)
  File "<frozen importlib._bootstrap_external>", line 843, in exec_module
  File "<frozen importlib._bootstrap>", line 219, in _call_with_frames_removed
  File "/opt/airflow/dags/scripts/preprocess.py", line 1, in <module>
    from sklearn.datasets import load_iris
ModuleNotFoundError: No module named 'sklearn'
[2025-04-21T13:27:42.317+0000] {processor.py:842} WARNING - No viable dags retrieved from /opt/airflow/dags/scripts/preprocess.py
[2025-04-21T13:27:42.343+0000] {processor.py:183} INFO - Processing /opt/airflow/dags/scripts/preprocess.py took 0.042 seconds
[2025-04-21T13:28:12.781+0000] {processor.py:161} INFO - Started process (PID=308) to work on /opt/airflow/dags/scripts/preprocess.py
[2025-04-21T13:28:12.782+0000] {processor.py:830} INFO - Processing file /opt/airflow/dags/scripts/preprocess.py for tasks to queue
[2025-04-21T13:28:12.784+0000] {logging_mixin.py:188} INFO - [2025-04-21T13:28:12.783+0000] {dagbag.py:538} INFO - Filling up the DagBag from /opt/airflow/dags/scripts/preprocess.py
[2025-04-21T13:28:12.789+0000] {logging_mixin.py:188} INFO - [2025-04-21T13:28:12.788+0000] {dagbag.py:348} ERROR - Failed to import: /opt/airflow/dags/scripts/preprocess.py
Traceback (most recent call last):
  File "/home/airflow/.local/lib/python3.8/site-packages/airflow/models/dagbag.py", line 344, in parse
    loader.exec_module(new_module)
  File "<frozen importlib._bootstrap_external>", line 843, in exec_module
  File "<frozen importlib._bootstrap>", line 219, in _call_with_frames_removed
  File "/opt/airflow/dags/scripts/preprocess.py", line 1, in <module>
    from sklearn.datasets import load_iris
ModuleNotFoundError: No module named 'sklearn'
[2025-04-21T13:28:12.790+0000] {processor.py:842} WARNING - No viable dags retrieved from /opt/airflow/dags/scripts/preprocess.py
[2025-04-21T13:28:12.814+0000] {processor.py:183} INFO - Processing /opt/airflow/dags/scripts/preprocess.py took 0.037 seconds
[2025-04-21T13:28:43.321+0000] {processor.py:161} INFO - Started process (PID=324) to work on /opt/airflow/dags/scripts/preprocess.py
[2025-04-21T13:28:43.323+0000] {processor.py:830} INFO - Processing file /opt/airflow/dags/scripts/preprocess.py for tasks to queue
[2025-04-21T13:28:43.325+0000] {logging_mixin.py:188} INFO - [2025-04-21T13:28:43.324+0000] {dagbag.py:538} INFO - Filling up the DagBag from /opt/airflow/dags/scripts/preprocess.py
[2025-04-21T13:28:43.332+0000] {logging_mixin.py:188} INFO - [2025-04-21T13:28:43.331+0000] {dagbag.py:348} ERROR - Failed to import: /opt/airflow/dags/scripts/preprocess.py
Traceback (most recent call last):
  File "/home/airflow/.local/lib/python3.8/site-packages/airflow/models/dagbag.py", line 344, in parse
    loader.exec_module(new_module)
  File "<frozen importlib._bootstrap_external>", line 843, in exec_module
  File "<frozen importlib._bootstrap>", line 219, in _call_with_frames_removed
  File "/opt/airflow/dags/scripts/preprocess.py", line 1, in <module>
    from sklearn.datasets import load_iris
ModuleNotFoundError: No module named 'sklearn'
[2025-04-21T13:28:43.333+0000] {processor.py:842} WARNING - No viable dags retrieved from /opt/airflow/dags/scripts/preprocess.py
[2025-04-21T13:28:43.373+0000] {processor.py:183} INFO - Processing /opt/airflow/dags/scripts/preprocess.py took 0.059 seconds
[2025-04-21T13:29:13.822+0000] {processor.py:161} INFO - Started process (PID=340) to work on /opt/airflow/dags/scripts/preprocess.py
[2025-04-21T13:29:13.824+0000] {processor.py:830} INFO - Processing file /opt/airflow/dags/scripts/preprocess.py for tasks to queue
[2025-04-21T13:29:13.826+0000] {logging_mixin.py:188} INFO - [2025-04-21T13:29:13.825+0000] {dagbag.py:538} INFO - Filling up the DagBag from /opt/airflow/dags/scripts/preprocess.py
[2025-04-21T13:29:13.838+0000] {logging_mixin.py:188} INFO - [2025-04-21T13:29:13.836+0000] {dagbag.py:348} ERROR - Failed to import: /opt/airflow/dags/scripts/preprocess.py
Traceback (most recent call last):
  File "/home/airflow/.local/lib/python3.8/site-packages/airflow/models/dagbag.py", line 344, in parse
    loader.exec_module(new_module)
  File "<frozen importlib._bootstrap_external>", line 843, in exec_module
  File "<frozen importlib._bootstrap>", line 219, in _call_with_frames_removed
  File "/opt/airflow/dags/scripts/preprocess.py", line 1, in <module>
    from sklearn.datasets import load_iris
ModuleNotFoundError: No module named 'sklearn'
[2025-04-21T13:29:13.838+0000] {processor.py:842} WARNING - No viable dags retrieved from /opt/airflow/dags/scripts/preprocess.py
[2025-04-21T13:29:13.877+0000] {processor.py:183} INFO - Processing /opt/airflow/dags/scripts/preprocess.py took 0.063 seconds
[2025-04-21T13:29:44.314+0000] {processor.py:161} INFO - Started process (PID=356) to work on /opt/airflow/dags/scripts/preprocess.py
[2025-04-21T13:29:44.316+0000] {processor.py:830} INFO - Processing file /opt/airflow/dags/scripts/preprocess.py for tasks to queue
[2025-04-21T13:29:44.319+0000] {logging_mixin.py:188} INFO - [2025-04-21T13:29:44.318+0000] {dagbag.py:538} INFO - Filling up the DagBag from /opt/airflow/dags/scripts/preprocess.py
[2025-04-21T13:29:44.330+0000] {logging_mixin.py:188} INFO - [2025-04-21T13:29:44.328+0000] {dagbag.py:348} ERROR - Failed to import: /opt/airflow/dags/scripts/preprocess.py
Traceback (most recent call last):
  File "/home/airflow/.local/lib/python3.8/site-packages/airflow/models/dagbag.py", line 344, in parse
    loader.exec_module(new_module)
  File "<frozen importlib._bootstrap_external>", line 843, in exec_module
  File "<frozen importlib._bootstrap>", line 219, in _call_with_frames_removed
  File "/opt/airflow/dags/scripts/preprocess.py", line 1, in <module>
    from sklearn.datasets import load_iris
ModuleNotFoundError: No module named 'sklearn'
[2025-04-21T13:29:44.332+0000] {processor.py:842} WARNING - No viable dags retrieved from /opt/airflow/dags/scripts/preprocess.py
[2025-04-21T13:29:44.368+0000] {processor.py:183} INFO - Processing /opt/airflow/dags/scripts/preprocess.py took 0.062 seconds
[2025-04-21T13:30:14.797+0000] {processor.py:161} INFO - Started process (PID=372) to work on /opt/airflow/dags/scripts/preprocess.py
[2025-04-21T13:30:14.800+0000] {processor.py:830} INFO - Processing file /opt/airflow/dags/scripts/preprocess.py for tasks to queue
[2025-04-21T13:30:14.802+0000] {logging_mixin.py:188} INFO - [2025-04-21T13:30:14.801+0000] {dagbag.py:538} INFO - Filling up the DagBag from /opt/airflow/dags/scripts/preprocess.py
[2025-04-21T13:30:14.812+0000] {logging_mixin.py:188} INFO - [2025-04-21T13:30:14.809+0000] {dagbag.py:348} ERROR - Failed to import: /opt/airflow/dags/scripts/preprocess.py
Traceback (most recent call last):
  File "/home/airflow/.local/lib/python3.8/site-packages/airflow/models/dagbag.py", line 344, in parse
    loader.exec_module(new_module)
  File "<frozen importlib._bootstrap_external>", line 843, in exec_module
  File "<frozen importlib._bootstrap>", line 219, in _call_with_frames_removed
  File "/opt/airflow/dags/scripts/preprocess.py", line 1, in <module>
    from sklearn.datasets import load_iris
ModuleNotFoundError: No module named 'sklearn'
[2025-04-21T13:30:14.813+0000] {processor.py:842} WARNING - No viable dags retrieved from /opt/airflow/dags/scripts/preprocess.py
[2025-04-21T13:30:14.849+0000] {processor.py:183} INFO - Processing /opt/airflow/dags/scripts/preprocess.py took 0.060 seconds
[2025-04-21T13:30:45.335+0000] {processor.py:161} INFO - Started process (PID=388) to work on /opt/airflow/dags/scripts/preprocess.py
[2025-04-21T13:30:45.338+0000] {processor.py:830} INFO - Processing file /opt/airflow/dags/scripts/preprocess.py for tasks to queue
[2025-04-21T13:30:45.343+0000] {logging_mixin.py:188} INFO - [2025-04-21T13:30:45.341+0000] {dagbag.py:538} INFO - Filling up the DagBag from /opt/airflow/dags/scripts/preprocess.py
[2025-04-21T13:30:45.352+0000] {logging_mixin.py:188} INFO - [2025-04-21T13:30:45.350+0000] {dagbag.py:348} ERROR - Failed to import: /opt/airflow/dags/scripts/preprocess.py
Traceback (most recent call last):
  File "/home/airflow/.local/lib/python3.8/site-packages/airflow/models/dagbag.py", line 344, in parse
    loader.exec_module(new_module)
  File "<frozen importlib._bootstrap_external>", line 843, in exec_module
  File "<frozen importlib._bootstrap>", line 219, in _call_with_frames_removed
  File "/opt/airflow/dags/scripts/preprocess.py", line 1, in <module>
    from sklearn.datasets import load_iris
ModuleNotFoundError: No module named 'sklearn'
[2025-04-21T13:30:45.353+0000] {processor.py:842} WARNING - No viable dags retrieved from /opt/airflow/dags/scripts/preprocess.py
[2025-04-21T13:30:45.392+0000] {processor.py:183} INFO - Processing /opt/airflow/dags/scripts/preprocess.py took 0.065 seconds
[2025-04-21T13:31:15.798+0000] {processor.py:161} INFO - Started process (PID=404) to work on /opt/airflow/dags/scripts/preprocess.py
[2025-04-21T13:31:15.800+0000] {processor.py:830} INFO - Processing file /opt/airflow/dags/scripts/preprocess.py for tasks to queue
[2025-04-21T13:31:15.802+0000] {logging_mixin.py:188} INFO - [2025-04-21T13:31:15.801+0000] {dagbag.py:538} INFO - Filling up the DagBag from /opt/airflow/dags/scripts/preprocess.py
[2025-04-21T13:31:15.812+0000] {logging_mixin.py:188} INFO - [2025-04-21T13:31:15.809+0000] {dagbag.py:348} ERROR - Failed to import: /opt/airflow/dags/scripts/preprocess.py
Traceback (most recent call last):
  File "/home/airflow/.local/lib/python3.8/site-packages/airflow/models/dagbag.py", line 344, in parse
    loader.exec_module(new_module)
  File "<frozen importlib._bootstrap_external>", line 843, in exec_module
  File "<frozen importlib._bootstrap>", line 219, in _call_with_frames_removed
  File "/opt/airflow/dags/scripts/preprocess.py", line 1, in <module>
    from sklearn.datasets import load_iris
ModuleNotFoundError: No module named 'sklearn'
[2025-04-21T13:31:15.813+0000] {processor.py:842} WARNING - No viable dags retrieved from /opt/airflow/dags/scripts/preprocess.py
[2025-04-21T13:31:15.846+0000] {processor.py:183} INFO - Processing /opt/airflow/dags/scripts/preprocess.py took 0.059 seconds
[2025-04-21T13:31:46.306+0000] {processor.py:161} INFO - Started process (PID=420) to work on /opt/airflow/dags/scripts/preprocess.py
[2025-04-21T13:31:46.309+0000] {processor.py:830} INFO - Processing file /opt/airflow/dags/scripts/preprocess.py for tasks to queue
[2025-04-21T13:31:46.312+0000] {logging_mixin.py:188} INFO - [2025-04-21T13:31:46.311+0000] {dagbag.py:538} INFO - Filling up the DagBag from /opt/airflow/dags/scripts/preprocess.py
[2025-04-21T13:31:46.322+0000] {logging_mixin.py:188} INFO - [2025-04-21T13:31:46.320+0000] {dagbag.py:348} ERROR - Failed to import: /opt/airflow/dags/scripts/preprocess.py
Traceback (most recent call last):
  File "/home/airflow/.local/lib/python3.8/site-packages/airflow/models/dagbag.py", line 344, in parse
    loader.exec_module(new_module)
  File "<frozen importlib._bootstrap_external>", line 843, in exec_module
  File "<frozen importlib._bootstrap>", line 219, in _call_with_frames_removed
  File "/opt/airflow/dags/scripts/preprocess.py", line 1, in <module>
    from sklearn.datasets import load_iris
ModuleNotFoundError: No module named 'sklearn'
[2025-04-21T13:31:46.323+0000] {processor.py:842} WARNING - No viable dags retrieved from /opt/airflow/dags/scripts/preprocess.py
[2025-04-21T13:31:46.363+0000] {processor.py:183} INFO - Processing /opt/airflow/dags/scripts/preprocess.py took 0.066 seconds
[2025-04-21T13:32:16.805+0000] {processor.py:161} INFO - Started process (PID=436) to work on /opt/airflow/dags/scripts/preprocess.py
[2025-04-21T13:32:16.807+0000] {processor.py:830} INFO - Processing file /opt/airflow/dags/scripts/preprocess.py for tasks to queue
[2025-04-21T13:32:16.810+0000] {logging_mixin.py:188} INFO - [2025-04-21T13:32:16.808+0000] {dagbag.py:538} INFO - Filling up the DagBag from /opt/airflow/dags/scripts/preprocess.py
[2025-04-21T13:32:16.820+0000] {logging_mixin.py:188} INFO - [2025-04-21T13:32:16.819+0000] {dagbag.py:348} ERROR - Failed to import: /opt/airflow/dags/scripts/preprocess.py
Traceback (most recent call last):
  File "/home/airflow/.local/lib/python3.8/site-packages/airflow/models/dagbag.py", line 344, in parse
    loader.exec_module(new_module)
  File "<frozen importlib._bootstrap_external>", line 843, in exec_module
  File "<frozen importlib._bootstrap>", line 219, in _call_with_frames_removed
  File "/opt/airflow/dags/scripts/preprocess.py", line 1, in <module>
    from sklearn.datasets import load_iris
ModuleNotFoundError: No module named 'sklearn'
[2025-04-21T13:32:16.821+0000] {processor.py:842} WARNING - No viable dags retrieved from /opt/airflow/dags/scripts/preprocess.py
[2025-04-21T13:32:16.863+0000] {processor.py:183} INFO - Processing /opt/airflow/dags/scripts/preprocess.py took 0.067 seconds
[2025-04-21T13:32:47.319+0000] {processor.py:161} INFO - Started process (PID=452) to work on /opt/airflow/dags/scripts/preprocess.py
[2025-04-21T13:32:47.321+0000] {processor.py:830} INFO - Processing file /opt/airflow/dags/scripts/preprocess.py for tasks to queue
[2025-04-21T13:32:47.323+0000] {logging_mixin.py:188} INFO - [2025-04-21T13:32:47.322+0000] {dagbag.py:538} INFO - Filling up the DagBag from /opt/airflow/dags/scripts/preprocess.py
[2025-04-21T13:32:47.333+0000] {logging_mixin.py:188} INFO - [2025-04-21T13:32:47.331+0000] {dagbag.py:348} ERROR - Failed to import: /opt/airflow/dags/scripts/preprocess.py
Traceback (most recent call last):
  File "/home/airflow/.local/lib/python3.8/site-packages/airflow/models/dagbag.py", line 344, in parse
    loader.exec_module(new_module)
  File "<frozen importlib._bootstrap_external>", line 843, in exec_module
  File "<frozen importlib._bootstrap>", line 219, in _call_with_frames_removed
  File "/opt/airflow/dags/scripts/preprocess.py", line 1, in <module>
    from sklearn.datasets import load_iris
ModuleNotFoundError: No module named 'sklearn'
[2025-04-21T13:32:47.333+0000] {processor.py:842} WARNING - No viable dags retrieved from /opt/airflow/dags/scripts/preprocess.py
[2025-04-21T13:32:47.366+0000] {processor.py:183} INFO - Processing /opt/airflow/dags/scripts/preprocess.py took 0.054 seconds
[2025-04-21T13:33:17.785+0000] {processor.py:161} INFO - Started process (PID=468) to work on /opt/airflow/dags/scripts/preprocess.py
[2025-04-21T13:33:17.788+0000] {processor.py:830} INFO - Processing file /opt/airflow/dags/scripts/preprocess.py for tasks to queue
[2025-04-21T13:33:17.790+0000] {logging_mixin.py:188} INFO - [2025-04-21T13:33:17.790+0000] {dagbag.py:538} INFO - Filling up the DagBag from /opt/airflow/dags/scripts/preprocess.py
[2025-04-21T13:33:17.801+0000] {logging_mixin.py:188} INFO - [2025-04-21T13:33:17.799+0000] {dagbag.py:348} ERROR - Failed to import: /opt/airflow/dags/scripts/preprocess.py
Traceback (most recent call last):
  File "/home/airflow/.local/lib/python3.8/site-packages/airflow/models/dagbag.py", line 344, in parse
    loader.exec_module(new_module)
  File "<frozen importlib._bootstrap_external>", line 843, in exec_module
  File "<frozen importlib._bootstrap>", line 219, in _call_with_frames_removed
  File "/opt/airflow/dags/scripts/preprocess.py", line 1, in <module>
    from sklearn.datasets import load_iris
ModuleNotFoundError: No module named 'sklearn'
[2025-04-21T13:33:17.801+0000] {processor.py:842} WARNING - No viable dags retrieved from /opt/airflow/dags/scripts/preprocess.py
[2025-04-21T13:33:17.839+0000] {processor.py:183} INFO - Processing /opt/airflow/dags/scripts/preprocess.py took 0.065 seconds
[2025-04-21T13:33:48.251+0000] {processor.py:161} INFO - Started process (PID=484) to work on /opt/airflow/dags/scripts/preprocess.py
[2025-04-21T13:33:48.253+0000] {processor.py:830} INFO - Processing file /opt/airflow/dags/scripts/preprocess.py for tasks to queue
[2025-04-21T13:33:48.256+0000] {logging_mixin.py:188} INFO - [2025-04-21T13:33:48.255+0000] {dagbag.py:538} INFO - Filling up the DagBag from /opt/airflow/dags/scripts/preprocess.py
[2025-04-21T13:33:48.271+0000] {logging_mixin.py:188} INFO - [2025-04-21T13:33:48.268+0000] {dagbag.py:348} ERROR - Failed to import: /opt/airflow/dags/scripts/preprocess.py
Traceback (most recent call last):
  File "/home/airflow/.local/lib/python3.8/site-packages/airflow/models/dagbag.py", line 344, in parse
    loader.exec_module(new_module)
  File "<frozen importlib._bootstrap_external>", line 843, in exec_module
  File "<frozen importlib._bootstrap>", line 219, in _call_with_frames_removed
  File "/opt/airflow/dags/scripts/preprocess.py", line 1, in <module>
    from sklearn.datasets import load_iris
ModuleNotFoundError: No module named 'sklearn'
[2025-04-21T13:33:48.272+0000] {processor.py:842} WARNING - No viable dags retrieved from /opt/airflow/dags/scripts/preprocess.py
[2025-04-21T13:33:48.315+0000] {processor.py:183} INFO - Processing /opt/airflow/dags/scripts/preprocess.py took 0.074 seconds
[2025-04-21T13:34:18.796+0000] {processor.py:161} INFO - Started process (PID=500) to work on /opt/airflow/dags/scripts/preprocess.py
[2025-04-21T13:34:18.799+0000] {processor.py:830} INFO - Processing file /opt/airflow/dags/scripts/preprocess.py for tasks to queue
[2025-04-21T13:34:18.802+0000] {logging_mixin.py:188} INFO - [2025-04-21T13:34:18.801+0000] {dagbag.py:538} INFO - Filling up the DagBag from /opt/airflow/dags/scripts/preprocess.py
[2025-04-21T13:34:18.812+0000] {logging_mixin.py:188} INFO - [2025-04-21T13:34:18.809+0000] {dagbag.py:348} ERROR - Failed to import: /opt/airflow/dags/scripts/preprocess.py
Traceback (most recent call last):
  File "/home/airflow/.local/lib/python3.8/site-packages/airflow/models/dagbag.py", line 344, in parse
    loader.exec_module(new_module)
  File "<frozen importlib._bootstrap_external>", line 843, in exec_module
  File "<frozen importlib._bootstrap>", line 219, in _call_with_frames_removed
  File "/opt/airflow/dags/scripts/preprocess.py", line 1, in <module>
    from sklearn.datasets import load_iris
ModuleNotFoundError: No module named 'sklearn'
[2025-04-21T13:34:18.813+0000] {processor.py:842} WARNING - No viable dags retrieved from /opt/airflow/dags/scripts/preprocess.py
[2025-04-21T13:34:18.854+0000] {processor.py:183} INFO - Processing /opt/airflow/dags/scripts/preprocess.py took 0.066 seconds
[2025-04-21T13:43:13.726+0000] {processor.py:161} INFO - Started process (PID=166) to work on /opt/airflow/dags/scripts/preprocess.py
[2025-04-21T13:43:13.728+0000] {processor.py:830} INFO - Processing file /opt/airflow/dags/scripts/preprocess.py for tasks to queue
[2025-04-21T13:43:13.730+0000] {logging_mixin.py:188} INFO - [2025-04-21T13:43:13.729+0000] {dagbag.py:538} INFO - Filling up the DagBag from /opt/airflow/dags/scripts/preprocess.py
[2025-04-21T13:43:14.630+0000] {logging_mixin.py:188} INFO - ✅ Preprocessing complete: iris.csv created.
[2025-04-21T13:43:14.631+0000] {processor.py:842} WARNING - No viable dags retrieved from /opt/airflow/dags/scripts/preprocess.py
[2025-04-21T13:43:14.648+0000] {processor.py:183} INFO - Processing /opt/airflow/dags/scripts/preprocess.py took 0.927 seconds
[2025-04-21T13:43:45.449+0000] {processor.py:161} INFO - Started process (PID=189) to work on /opt/airflow/dags/scripts/preprocess.py
[2025-04-21T13:43:45.451+0000] {processor.py:830} INFO - Processing file /opt/airflow/dags/scripts/preprocess.py for tasks to queue
[2025-04-21T13:43:45.452+0000] {logging_mixin.py:188} INFO - [2025-04-21T13:43:45.452+0000] {dagbag.py:538} INFO - Filling up the DagBag from /opt/airflow/dags/scripts/preprocess.py
[2025-04-21T13:43:46.251+0000] {logging_mixin.py:188} INFO - ✅ Preprocessing complete: iris.csv created.
[2025-04-21T13:43:46.252+0000] {processor.py:842} WARNING - No viable dags retrieved from /opt/airflow/dags/scripts/preprocess.py
[2025-04-21T13:43:46.284+0000] {processor.py:183} INFO - Processing /opt/airflow/dags/scripts/preprocess.py took 0.838 seconds
[2025-04-21T13:44:16.838+0000] {processor.py:161} INFO - Started process (PID=212) to work on /opt/airflow/dags/scripts/preprocess.py
[2025-04-21T13:44:16.840+0000] {processor.py:830} INFO - Processing file /opt/airflow/dags/scripts/preprocess.py for tasks to queue
[2025-04-21T13:44:16.841+0000] {logging_mixin.py:188} INFO - [2025-04-21T13:44:16.841+0000] {dagbag.py:538} INFO - Filling up the DagBag from /opt/airflow/dags/scripts/preprocess.py
[2025-04-21T13:44:17.607+0000] {logging_mixin.py:188} INFO - ✅ Preprocessing complete: iris.csv created.
[2025-04-21T13:44:17.608+0000] {processor.py:842} WARNING - No viable dags retrieved from /opt/airflow/dags/scripts/preprocess.py
[2025-04-21T13:44:17.634+0000] {processor.py:183} INFO - Processing /opt/airflow/dags/scripts/preprocess.py took 0.801 seconds
[2025-04-21T13:44:48.229+0000] {processor.py:161} INFO - Started process (PID=234) to work on /opt/airflow/dags/scripts/preprocess.py
[2025-04-21T13:44:48.231+0000] {processor.py:830} INFO - Processing file /opt/airflow/dags/scripts/preprocess.py for tasks to queue
[2025-04-21T13:44:48.234+0000] {logging_mixin.py:188} INFO - [2025-04-21T13:44:48.233+0000] {dagbag.py:538} INFO - Filling up the DagBag from /opt/airflow/dags/scripts/preprocess.py
[2025-04-21T13:44:48.961+0000] {logging_mixin.py:188} INFO - ✅ Preprocessing complete: iris.csv created.
[2025-04-21T13:44:48.962+0000] {processor.py:842} WARNING - No viable dags retrieved from /opt/airflow/dags/scripts/preprocess.py
[2025-04-21T13:44:48.987+0000] {processor.py:183} INFO - Processing /opt/airflow/dags/scripts/preprocess.py took 0.766 seconds
[2025-04-21T13:45:19.547+0000] {processor.py:161} INFO - Started process (PID=258) to work on /opt/airflow/dags/scripts/preprocess.py
[2025-04-21T13:45:19.549+0000] {processor.py:830} INFO - Processing file /opt/airflow/dags/scripts/preprocess.py for tasks to queue
[2025-04-21T13:45:19.551+0000] {logging_mixin.py:188} INFO - [2025-04-21T13:45:19.550+0000] {dagbag.py:538} INFO - Filling up the DagBag from /opt/airflow/dags/scripts/preprocess.py
[2025-04-21T13:45:20.304+0000] {logging_mixin.py:188} INFO - ✅ Preprocessing complete: iris.csv created.
[2025-04-21T13:45:20.305+0000] {processor.py:842} WARNING - No viable dags retrieved from /opt/airflow/dags/scripts/preprocess.py
[2025-04-21T13:45:20.328+0000] {processor.py:183} INFO - Processing /opt/airflow/dags/scripts/preprocess.py took 0.785 seconds
[2025-04-21T13:45:50.883+0000] {processor.py:161} INFO - Started process (PID=281) to work on /opt/airflow/dags/scripts/preprocess.py
[2025-04-21T13:45:50.886+0000] {processor.py:830} INFO - Processing file /opt/airflow/dags/scripts/preprocess.py for tasks to queue
[2025-04-21T13:45:50.888+0000] {logging_mixin.py:188} INFO - [2025-04-21T13:45:50.887+0000] {dagbag.py:538} INFO - Filling up the DagBag from /opt/airflow/dags/scripts/preprocess.py
[2025-04-21T13:45:51.726+0000] {logging_mixin.py:188} INFO - ✅ Preprocessing complete: iris.csv created.
[2025-04-21T13:45:51.727+0000] {processor.py:842} WARNING - No viable dags retrieved from /opt/airflow/dags/scripts/preprocess.py
[2025-04-21T13:45:51.752+0000] {processor.py:183} INFO - Processing /opt/airflow/dags/scripts/preprocess.py took 0.876 seconds
[2025-04-21T13:46:22.285+0000] {processor.py:161} INFO - Started process (PID=304) to work on /opt/airflow/dags/scripts/preprocess.py
[2025-04-21T13:46:22.287+0000] {processor.py:830} INFO - Processing file /opt/airflow/dags/scripts/preprocess.py for tasks to queue
[2025-04-21T13:46:22.289+0000] {logging_mixin.py:188} INFO - [2025-04-21T13:46:22.288+0000] {dagbag.py:538} INFO - Filling up the DagBag from /opt/airflow/dags/scripts/preprocess.py
[2025-04-21T13:46:23.079+0000] {logging_mixin.py:188} INFO - ✅ Preprocessing complete: iris.csv created.
[2025-04-21T13:46:23.080+0000] {processor.py:842} WARNING - No viable dags retrieved from /opt/airflow/dags/scripts/preprocess.py
[2025-04-21T13:46:23.102+0000] {processor.py:183} INFO - Processing /opt/airflow/dags/scripts/preprocess.py took 0.823 seconds
[2025-04-21T13:46:53.677+0000] {processor.py:161} INFO - Started process (PID=327) to work on /opt/airflow/dags/scripts/preprocess.py
[2025-04-21T13:46:53.679+0000] {processor.py:830} INFO - Processing file /opt/airflow/dags/scripts/preprocess.py for tasks to queue
[2025-04-21T13:46:53.680+0000] {logging_mixin.py:188} INFO - [2025-04-21T13:46:53.680+0000] {dagbag.py:538} INFO - Filling up the DagBag from /opt/airflow/dags/scripts/preprocess.py
[2025-04-21T13:46:54.431+0000] {logging_mixin.py:188} INFO - ✅ Preprocessing complete: iris.csv created.
[2025-04-21T13:46:54.432+0000] {processor.py:842} WARNING - No viable dags retrieved from /opt/airflow/dags/scripts/preprocess.py
[2025-04-21T13:46:54.457+0000] {processor.py:183} INFO - Processing /opt/airflow/dags/scripts/preprocess.py took 0.785 seconds
[2025-04-21T13:47:25.057+0000] {processor.py:161} INFO - Started process (PID=350) to work on /opt/airflow/dags/scripts/preprocess.py
[2025-04-21T13:47:25.058+0000] {processor.py:830} INFO - Processing file /opt/airflow/dags/scripts/preprocess.py for tasks to queue
[2025-04-21T13:47:25.060+0000] {logging_mixin.py:188} INFO - [2025-04-21T13:47:25.060+0000] {dagbag.py:538} INFO - Filling up the DagBag from /opt/airflow/dags/scripts/preprocess.py
[2025-04-21T13:47:25.796+0000] {logging_mixin.py:188} INFO - ✅ Preprocessing complete: iris.csv created.
[2025-04-21T13:47:25.797+0000] {processor.py:842} WARNING - No viable dags retrieved from /opt/airflow/dags/scripts/preprocess.py
[2025-04-21T13:47:25.821+0000] {processor.py:183} INFO - Processing /opt/airflow/dags/scripts/preprocess.py took 0.770 seconds
[2025-04-21T13:47:56.406+0000] {processor.py:161} INFO - Started process (PID=373) to work on /opt/airflow/dags/scripts/preprocess.py
[2025-04-21T13:47:56.408+0000] {processor.py:830} INFO - Processing file /opt/airflow/dags/scripts/preprocess.py for tasks to queue
[2025-04-21T13:47:56.410+0000] {logging_mixin.py:188} INFO - [2025-04-21T13:47:56.409+0000] {dagbag.py:538} INFO - Filling up the DagBag from /opt/airflow/dags/scripts/preprocess.py
[2025-04-21T13:47:57.200+0000] {logging_mixin.py:188} INFO - ✅ Preprocessing complete: iris.csv created.
[2025-04-21T13:47:57.201+0000] {processor.py:842} WARNING - No viable dags retrieved from /opt/airflow/dags/scripts/preprocess.py
[2025-04-21T13:47:57.226+0000] {processor.py:183} INFO - Processing /opt/airflow/dags/scripts/preprocess.py took 0.825 seconds
[2025-04-21T13:48:27.870+0000] {processor.py:161} INFO - Started process (PID=396) to work on /opt/airflow/dags/scripts/preprocess.py
[2025-04-21T13:48:27.874+0000] {processor.py:830} INFO - Processing file /opt/airflow/dags/scripts/preprocess.py for tasks to queue
[2025-04-21T13:48:27.876+0000] {logging_mixin.py:188} INFO - [2025-04-21T13:48:27.875+0000] {dagbag.py:538} INFO - Filling up the DagBag from /opt/airflow/dags/scripts/preprocess.py
[2025-04-21T13:48:28.624+0000] {logging_mixin.py:188} INFO - ✅ Preprocessing complete: iris.csv created.
[2025-04-21T13:48:28.625+0000] {processor.py:842} WARNING - No viable dags retrieved from /opt/airflow/dags/scripts/preprocess.py
[2025-04-21T13:48:28.661+0000] {processor.py:183} INFO - Processing /opt/airflow/dags/scripts/preprocess.py took 0.796 seconds
[2025-04-21T13:48:59.294+0000] {processor.py:161} INFO - Started process (PID=419) to work on /opt/airflow/dags/scripts/preprocess.py
[2025-04-21T13:48:59.296+0000] {processor.py:830} INFO - Processing file /opt/airflow/dags/scripts/preprocess.py for tasks to queue
[2025-04-21T13:48:59.298+0000] {logging_mixin.py:188} INFO - [2025-04-21T13:48:59.297+0000] {dagbag.py:538} INFO - Filling up the DagBag from /opt/airflow/dags/scripts/preprocess.py
[2025-04-21T13:49:00.059+0000] {logging_mixin.py:188} INFO - ✅ Preprocessing complete: iris.csv created.
[2025-04-21T13:49:00.060+0000] {processor.py:842} WARNING - No viable dags retrieved from /opt/airflow/dags/scripts/preprocess.py
[2025-04-21T13:49:00.090+0000] {processor.py:183} INFO - Processing /opt/airflow/dags/scripts/preprocess.py took 0.802 seconds
[2025-04-21T13:49:30.639+0000] {processor.py:161} INFO - Started process (PID=442) to work on /opt/airflow/dags/scripts/preprocess.py
[2025-04-21T13:49:30.642+0000] {processor.py:830} INFO - Processing file /opt/airflow/dags/scripts/preprocess.py for tasks to queue
[2025-04-21T13:49:30.644+0000] {logging_mixin.py:188} INFO - [2025-04-21T13:49:30.643+0000] {dagbag.py:538} INFO - Filling up the DagBag from /opt/airflow/dags/scripts/preprocess.py
[2025-04-21T13:49:31.390+0000] {logging_mixin.py:188} INFO - ✅ Preprocessing complete: iris.csv created.
[2025-04-21T13:49:31.391+0000] {processor.py:842} WARNING - No viable dags retrieved from /opt/airflow/dags/scripts/preprocess.py
[2025-04-21T13:49:31.415+0000] {processor.py:183} INFO - Processing /opt/airflow/dags/scripts/preprocess.py took 0.785 seconds
[2025-04-21T13:50:01.986+0000] {processor.py:161} INFO - Started process (PID=465) to work on /opt/airflow/dags/scripts/preprocess.py
[2025-04-21T13:50:01.989+0000] {processor.py:830} INFO - Processing file /opt/airflow/dags/scripts/preprocess.py for tasks to queue
[2025-04-21T13:50:01.990+0000] {logging_mixin.py:188} INFO - [2025-04-21T13:50:01.990+0000] {dagbag.py:538} INFO - Filling up the DagBag from /opt/airflow/dags/scripts/preprocess.py
[2025-04-21T13:50:02.750+0000] {logging_mixin.py:188} INFO - ✅ Preprocessing complete: iris.csv created.
[2025-04-21T13:50:02.751+0000] {processor.py:842} WARNING - No viable dags retrieved from /opt/airflow/dags/scripts/preprocess.py
[2025-04-21T13:50:02.780+0000] {processor.py:183} INFO - Processing /opt/airflow/dags/scripts/preprocess.py took 0.803 seconds
[2025-04-21T13:50:33.315+0000] {processor.py:161} INFO - Started process (PID=488) to work on /opt/airflow/dags/scripts/preprocess.py
[2025-04-21T13:50:33.317+0000] {processor.py:830} INFO - Processing file /opt/airflow/dags/scripts/preprocess.py for tasks to queue
[2025-04-21T13:50:33.319+0000] {logging_mixin.py:188} INFO - [2025-04-21T13:50:33.318+0000] {dagbag.py:538} INFO - Filling up the DagBag from /opt/airflow/dags/scripts/preprocess.py
[2025-04-21T13:50:34.001+0000] {logging_mixin.py:188} INFO - ✅ Preprocessing complete: iris.csv created.
[2025-04-21T13:50:34.002+0000] {processor.py:842} WARNING - No viable dags retrieved from /opt/airflow/dags/scripts/preprocess.py
[2025-04-21T13:50:34.018+0000] {processor.py:183} INFO - Processing /opt/airflow/dags/scripts/preprocess.py took 0.708 seconds
[2025-04-21T13:51:04.515+0000] {processor.py:161} INFO - Started process (PID=510) to work on /opt/airflow/dags/scripts/preprocess.py
[2025-04-21T13:51:04.519+0000] {processor.py:830} INFO - Processing file /opt/airflow/dags/scripts/preprocess.py for tasks to queue
[2025-04-21T13:51:04.521+0000] {logging_mixin.py:188} INFO - [2025-04-21T13:51:04.520+0000] {dagbag.py:538} INFO - Filling up the DagBag from /opt/airflow/dags/scripts/preprocess.py
[2025-04-21T13:51:05.297+0000] {logging_mixin.py:188} INFO - ✅ Preprocessing complete: iris.csv created.
[2025-04-21T13:51:05.298+0000] {processor.py:842} WARNING - No viable dags retrieved from /opt/airflow/dags/scripts/preprocess.py
[2025-04-21T13:51:05.326+0000] {processor.py:183} INFO - Processing /opt/airflow/dags/scripts/preprocess.py took 0.822 seconds
[2025-04-21T13:51:35.816+0000] {processor.py:161} INFO - Started process (PID=534) to work on /opt/airflow/dags/scripts/preprocess.py
[2025-04-21T13:51:35.819+0000] {processor.py:830} INFO - Processing file /opt/airflow/dags/scripts/preprocess.py for tasks to queue
[2025-04-21T13:51:35.822+0000] {logging_mixin.py:188} INFO - [2025-04-21T13:51:35.820+0000] {dagbag.py:538} INFO - Filling up the DagBag from /opt/airflow/dags/scripts/preprocess.py
[2025-04-21T13:51:36.600+0000] {logging_mixin.py:188} INFO - ✅ Preprocessing complete: iris.csv created.
[2025-04-21T13:51:36.601+0000] {processor.py:842} WARNING - No viable dags retrieved from /opt/airflow/dags/scripts/preprocess.py
[2025-04-21T13:51:36.626+0000] {processor.py:183} INFO - Processing /opt/airflow/dags/scripts/preprocess.py took 0.816 seconds
[2025-04-21T13:52:07.139+0000] {processor.py:161} INFO - Started process (PID=557) to work on /opt/airflow/dags/scripts/preprocess.py
[2025-04-21T13:52:07.141+0000] {processor.py:830} INFO - Processing file /opt/airflow/dags/scripts/preprocess.py for tasks to queue
[2025-04-21T13:52:07.143+0000] {logging_mixin.py:188} INFO - [2025-04-21T13:52:07.142+0000] {dagbag.py:538} INFO - Filling up the DagBag from /opt/airflow/dags/scripts/preprocess.py
[2025-04-21T13:52:07.934+0000] {logging_mixin.py:188} INFO - ✅ Preprocessing complete: iris.csv created.
[2025-04-21T13:52:07.935+0000] {processor.py:842} WARNING - No viable dags retrieved from /opt/airflow/dags/scripts/preprocess.py
[2025-04-21T13:52:07.963+0000] {processor.py:183} INFO - Processing /opt/airflow/dags/scripts/preprocess.py took 0.831 seconds
[2025-04-21T13:52:38.565+0000] {processor.py:161} INFO - Started process (PID=580) to work on /opt/airflow/dags/scripts/preprocess.py
[2025-04-21T13:52:38.568+0000] {processor.py:830} INFO - Processing file /opt/airflow/dags/scripts/preprocess.py for tasks to queue
[2025-04-21T13:52:38.570+0000] {logging_mixin.py:188} INFO - [2025-04-21T13:52:38.570+0000] {dagbag.py:538} INFO - Filling up the DagBag from /opt/airflow/dags/scripts/preprocess.py
[2025-04-21T13:52:39.371+0000] {logging_mixin.py:188} INFO - ✅ Preprocessing complete: iris.csv created.
[2025-04-21T13:52:39.373+0000] {processor.py:842} WARNING - No viable dags retrieved from /opt/airflow/dags/scripts/preprocess.py
[2025-04-21T13:52:39.401+0000] {processor.py:183} INFO - Processing /opt/airflow/dags/scripts/preprocess.py took 0.843 seconds
[2025-04-21T13:53:09.968+0000] {processor.py:161} INFO - Started process (PID=603) to work on /opt/airflow/dags/scripts/preprocess.py
[2025-04-21T13:53:09.970+0000] {processor.py:830} INFO - Processing file /opt/airflow/dags/scripts/preprocess.py for tasks to queue
[2025-04-21T13:53:09.971+0000] {logging_mixin.py:188} INFO - [2025-04-21T13:53:09.971+0000] {dagbag.py:538} INFO - Filling up the DagBag from /opt/airflow/dags/scripts/preprocess.py
[2025-04-21T13:53:10.750+0000] {logging_mixin.py:188} INFO - ✅ Preprocessing complete: iris.csv created.
[2025-04-21T13:53:10.751+0000] {processor.py:842} WARNING - No viable dags retrieved from /opt/airflow/dags/scripts/preprocess.py
[2025-04-21T13:53:10.780+0000] {processor.py:183} INFO - Processing /opt/airflow/dags/scripts/preprocess.py took 0.818 seconds
[2025-04-21T13:53:41.367+0000] {processor.py:161} INFO - Started process (PID=626) to work on /opt/airflow/dags/scripts/preprocess.py
[2025-04-21T13:53:41.370+0000] {processor.py:830} INFO - Processing file /opt/airflow/dags/scripts/preprocess.py for tasks to queue
[2025-04-21T13:53:41.373+0000] {logging_mixin.py:188} INFO - [2025-04-21T13:53:41.373+0000] {dagbag.py:538} INFO - Filling up the DagBag from /opt/airflow/dags/scripts/preprocess.py
[2025-04-21T13:53:42.190+0000] {logging_mixin.py:188} INFO - ✅ Preprocessing complete: iris.csv created.
[2025-04-21T13:53:42.191+0000] {processor.py:842} WARNING - No viable dags retrieved from /opt/airflow/dags/scripts/preprocess.py
[2025-04-21T13:53:42.221+0000] {processor.py:183} INFO - Processing /opt/airflow/dags/scripts/preprocess.py took 0.862 seconds
[2025-04-21T13:54:12.806+0000] {processor.py:161} INFO - Started process (PID=649) to work on /opt/airflow/dags/scripts/preprocess.py
[2025-04-21T13:54:12.808+0000] {processor.py:830} INFO - Processing file /opt/airflow/dags/scripts/preprocess.py for tasks to queue
[2025-04-21T13:54:12.810+0000] {logging_mixin.py:188} INFO - [2025-04-21T13:54:12.809+0000] {dagbag.py:538} INFO - Filling up the DagBag from /opt/airflow/dags/scripts/preprocess.py
[2025-04-21T13:54:13.570+0000] {logging_mixin.py:188} INFO - ✅ Preprocessing complete: iris.csv created.
[2025-04-21T13:54:13.571+0000] {processor.py:842} WARNING - No viable dags retrieved from /opt/airflow/dags/scripts/preprocess.py
[2025-04-21T13:54:13.598+0000] {processor.py:183} INFO - Processing /opt/airflow/dags/scripts/preprocess.py took 0.799 seconds
[2025-04-21T13:54:44.121+0000] {processor.py:161} INFO - Started process (PID=672) to work on /opt/airflow/dags/scripts/preprocess.py
[2025-04-21T13:54:44.124+0000] {processor.py:830} INFO - Processing file /opt/airflow/dags/scripts/preprocess.py for tasks to queue
[2025-04-21T13:54:44.126+0000] {logging_mixin.py:188} INFO - [2025-04-21T13:54:44.126+0000] {dagbag.py:538} INFO - Filling up the DagBag from /opt/airflow/dags/scripts/preprocess.py
[2025-04-21T13:54:44.911+0000] {logging_mixin.py:188} INFO - ✅ Preprocessing complete: iris.csv created.
[2025-04-21T13:54:44.911+0000] {processor.py:842} WARNING - No viable dags retrieved from /opt/airflow/dags/scripts/preprocess.py
[2025-04-21T13:54:44.939+0000] {processor.py:183} INFO - Processing /opt/airflow/dags/scripts/preprocess.py took 0.824 seconds
[2025-04-21T13:55:15.499+0000] {processor.py:161} INFO - Started process (PID=695) to work on /opt/airflow/dags/scripts/preprocess.py
[2025-04-21T13:55:15.502+0000] {processor.py:830} INFO - Processing file /opt/airflow/dags/scripts/preprocess.py for tasks to queue
[2025-04-21T13:55:15.503+0000] {logging_mixin.py:188} INFO - [2025-04-21T13:55:15.503+0000] {dagbag.py:538} INFO - Filling up the DagBag from /opt/airflow/dags/scripts/preprocess.py
[2025-04-21T13:55:16.427+0000] {logging_mixin.py:188} INFO - ✅ Preprocessing complete: iris.csv created.
[2025-04-21T13:55:16.429+0000] {processor.py:842} WARNING - No viable dags retrieved from /opt/airflow/dags/scripts/preprocess.py
[2025-04-21T13:55:16.468+0000] {processor.py:183} INFO - Processing /opt/airflow/dags/scripts/preprocess.py took 0.981 seconds
[2025-04-21T13:55:46.949+0000] {processor.py:161} INFO - Started process (PID=718) to work on /opt/airflow/dags/scripts/preprocess.py
[2025-04-21T13:55:46.950+0000] {processor.py:830} INFO - Processing file /opt/airflow/dags/scripts/preprocess.py for tasks to queue
[2025-04-21T13:55:46.952+0000] {logging_mixin.py:188} INFO - [2025-04-21T13:55:46.951+0000] {dagbag.py:538} INFO - Filling up the DagBag from /opt/airflow/dags/scripts/preprocess.py
[2025-04-21T13:55:47.767+0000] {logging_mixin.py:188} INFO - ✅ Preprocessing complete: iris.csv created.
[2025-04-21T13:55:47.768+0000] {processor.py:842} WARNING - No viable dags retrieved from /opt/airflow/dags/scripts/preprocess.py
[2025-04-21T13:55:47.796+0000] {processor.py:183} INFO - Processing /opt/airflow/dags/scripts/preprocess.py took 0.850 seconds
[2025-04-21T13:56:18.292+0000] {processor.py:161} INFO - Started process (PID=741) to work on /opt/airflow/dags/scripts/preprocess.py
[2025-04-21T13:56:18.294+0000] {processor.py:830} INFO - Processing file /opt/airflow/dags/scripts/preprocess.py for tasks to queue
[2025-04-21T13:56:18.296+0000] {logging_mixin.py:188} INFO - [2025-04-21T13:56:18.295+0000] {dagbag.py:538} INFO - Filling up the DagBag from /opt/airflow/dags/scripts/preprocess.py
[2025-04-21T13:56:19.063+0000] {logging_mixin.py:188} INFO - ✅ Preprocessing complete: iris.csv created.
[2025-04-21T13:56:19.064+0000] {processor.py:842} WARNING - No viable dags retrieved from /opt/airflow/dags/scripts/preprocess.py
[2025-04-21T13:56:19.093+0000] {processor.py:183} INFO - Processing /opt/airflow/dags/scripts/preprocess.py took 0.806 seconds
[2025-04-21T13:56:49.634+0000] {processor.py:161} INFO - Started process (PID=764) to work on /opt/airflow/dags/scripts/preprocess.py
[2025-04-21T13:56:49.636+0000] {processor.py:830} INFO - Processing file /opt/airflow/dags/scripts/preprocess.py for tasks to queue
[2025-04-21T13:56:49.638+0000] {logging_mixin.py:188} INFO - [2025-04-21T13:56:49.637+0000] {dagbag.py:538} INFO - Filling up the DagBag from /opt/airflow/dags/scripts/preprocess.py
[2025-04-21T13:56:50.425+0000] {logging_mixin.py:188} INFO - ✅ Preprocessing complete: iris.csv created.
[2025-04-21T13:56:50.427+0000] {processor.py:842} WARNING - No viable dags retrieved from /opt/airflow/dags/scripts/preprocess.py
[2025-04-21T13:56:50.454+0000] {processor.py:183} INFO - Processing /opt/airflow/dags/scripts/preprocess.py took 0.825 seconds
[2025-04-21T13:57:21.009+0000] {processor.py:161} INFO - Started process (PID=787) to work on /opt/airflow/dags/scripts/preprocess.py
[2025-04-21T13:57:21.011+0000] {processor.py:830} INFO - Processing file /opt/airflow/dags/scripts/preprocess.py for tasks to queue
[2025-04-21T13:57:21.013+0000] {logging_mixin.py:188} INFO - [2025-04-21T13:57:21.012+0000] {dagbag.py:538} INFO - Filling up the DagBag from /opt/airflow/dags/scripts/preprocess.py
[2025-04-21T13:57:21.899+0000] {logging_mixin.py:188} INFO - ✅ Preprocessing complete: iris.csv created.
[2025-04-21T13:57:21.902+0000] {processor.py:842} WARNING - No viable dags retrieved from /opt/airflow/dags/scripts/preprocess.py
[2025-04-21T13:57:21.924+0000] {processor.py:183} INFO - Processing /opt/airflow/dags/scripts/preprocess.py took 0.921 seconds
[2025-04-21T13:57:52.475+0000] {processor.py:161} INFO - Started process (PID=810) to work on /opt/airflow/dags/scripts/preprocess.py
[2025-04-21T13:57:52.477+0000] {processor.py:830} INFO - Processing file /opt/airflow/dags/scripts/preprocess.py for tasks to queue
[2025-04-21T13:57:52.478+0000] {logging_mixin.py:188} INFO - [2025-04-21T13:57:52.478+0000] {dagbag.py:538} INFO - Filling up the DagBag from /opt/airflow/dags/scripts/preprocess.py
[2025-04-21T13:57:53.241+0000] {logging_mixin.py:188} INFO - ✅ Preprocessing complete: iris.csv created.
[2025-04-21T13:57:53.242+0000] {processor.py:842} WARNING - No viable dags retrieved from /opt/airflow/dags/scripts/preprocess.py
[2025-04-21T13:57:53.270+0000] {processor.py:183} INFO - Processing /opt/airflow/dags/scripts/preprocess.py took 0.801 seconds
[2025-04-21T13:58:23.850+0000] {processor.py:161} INFO - Started process (PID=833) to work on /opt/airflow/dags/scripts/preprocess.py
[2025-04-21T13:58:23.852+0000] {processor.py:830} INFO - Processing file /opt/airflow/dags/scripts/preprocess.py for tasks to queue
[2025-04-21T13:58:23.854+0000] {logging_mixin.py:188} INFO - [2025-04-21T13:58:23.853+0000] {dagbag.py:538} INFO - Filling up the DagBag from /opt/airflow/dags/scripts/preprocess.py
[2025-04-21T13:58:24.639+0000] {logging_mixin.py:188} INFO - ✅ Preprocessing complete: iris.csv created.
[2025-04-21T13:58:24.640+0000] {processor.py:842} WARNING - No viable dags retrieved from /opt/airflow/dags/scripts/preprocess.py
[2025-04-21T13:58:24.675+0000] {processor.py:183} INFO - Processing /opt/airflow/dags/scripts/preprocess.py took 0.830 seconds
[2025-04-21T13:58:55.209+0000] {processor.py:161} INFO - Started process (PID=856) to work on /opt/airflow/dags/scripts/preprocess.py
[2025-04-21T13:58:55.211+0000] {processor.py:830} INFO - Processing file /opt/airflow/dags/scripts/preprocess.py for tasks to queue
[2025-04-21T13:58:55.213+0000] {logging_mixin.py:188} INFO - [2025-04-21T13:58:55.212+0000] {dagbag.py:538} INFO - Filling up the DagBag from /opt/airflow/dags/scripts/preprocess.py
[2025-04-21T13:58:55.973+0000] {logging_mixin.py:188} INFO - ✅ Preprocessing complete: iris.csv created.
[2025-04-21T13:58:55.974+0000] {processor.py:842} WARNING - No viable dags retrieved from /opt/airflow/dags/scripts/preprocess.py
[2025-04-21T13:58:55.996+0000] {processor.py:183} INFO - Processing /opt/airflow/dags/scripts/preprocess.py took 0.794 seconds
[2025-04-21T13:59:26.523+0000] {processor.py:161} INFO - Started process (PID=879) to work on /opt/airflow/dags/scripts/preprocess.py
[2025-04-21T13:59:26.525+0000] {processor.py:830} INFO - Processing file /opt/airflow/dags/scripts/preprocess.py for tasks to queue
[2025-04-21T13:59:26.527+0000] {logging_mixin.py:188} INFO - [2025-04-21T13:59:26.526+0000] {dagbag.py:538} INFO - Filling up the DagBag from /opt/airflow/dags/scripts/preprocess.py
[2025-04-21T13:59:27.377+0000] {logging_mixin.py:188} INFO - ✅ Preprocessing complete: iris.csv created.
[2025-04-21T13:59:27.378+0000] {processor.py:842} WARNING - No viable dags retrieved from /opt/airflow/dags/scripts/preprocess.py
[2025-04-21T13:59:27.416+0000] {processor.py:183} INFO - Processing /opt/airflow/dags/scripts/preprocess.py took 0.901 seconds
[2025-04-21T13:59:57.961+0000] {processor.py:161} INFO - Started process (PID=902) to work on /opt/airflow/dags/scripts/preprocess.py
[2025-04-21T13:59:57.963+0000] {processor.py:830} INFO - Processing file /opt/airflow/dags/scripts/preprocess.py for tasks to queue
[2025-04-21T13:59:57.966+0000] {logging_mixin.py:188} INFO - [2025-04-21T13:59:57.965+0000] {dagbag.py:538} INFO - Filling up the DagBag from /opt/airflow/dags/scripts/preprocess.py
[2025-04-21T13:59:58.813+0000] {logging_mixin.py:188} INFO - ✅ Preprocessing complete: iris.csv created.
[2025-04-21T13:59:58.814+0000] {processor.py:842} WARNING - No viable dags retrieved from /opt/airflow/dags/scripts/preprocess.py
[2025-04-21T13:59:58.847+0000] {processor.py:183} INFO - Processing /opt/airflow/dags/scripts/preprocess.py took 0.895 seconds
[2025-04-21T14:00:29.414+0000] {processor.py:161} INFO - Started process (PID=925) to work on /opt/airflow/dags/scripts/preprocess.py
[2025-04-21T14:00:29.415+0000] {processor.py:830} INFO - Processing file /opt/airflow/dags/scripts/preprocess.py for tasks to queue
[2025-04-21T14:00:29.417+0000] {logging_mixin.py:188} INFO - [2025-04-21T14:00:29.417+0000] {dagbag.py:538} INFO - Filling up the DagBag from /opt/airflow/dags/scripts/preprocess.py
[2025-04-21T14:00:30.217+0000] {logging_mixin.py:188} INFO - ✅ Preprocessing complete: iris.csv created.
[2025-04-21T14:00:30.218+0000] {processor.py:842} WARNING - No viable dags retrieved from /opt/airflow/dags/scripts/preprocess.py
[2025-04-21T14:00:30.239+0000] {processor.py:183} INFO - Processing /opt/airflow/dags/scripts/preprocess.py took 0.831 seconds
[2025-04-21T14:01:00.814+0000] {processor.py:161} INFO - Started process (PID=948) to work on /opt/airflow/dags/scripts/preprocess.py
[2025-04-21T14:01:00.818+0000] {processor.py:830} INFO - Processing file /opt/airflow/dags/scripts/preprocess.py for tasks to queue
[2025-04-21T14:01:00.819+0000] {logging_mixin.py:188} INFO - [2025-04-21T14:01:00.819+0000] {dagbag.py:538} INFO - Filling up the DagBag from /opt/airflow/dags/scripts/preprocess.py
[2025-04-21T14:01:01.585+0000] {logging_mixin.py:188} INFO - ✅ Preprocessing complete: iris.csv created.
[2025-04-21T14:01:01.586+0000] {processor.py:842} WARNING - No viable dags retrieved from /opt/airflow/dags/scripts/preprocess.py
[2025-04-21T14:01:01.615+0000] {processor.py:183} INFO - Processing /opt/airflow/dags/scripts/preprocess.py took 0.806 seconds
[2025-04-21T14:01:32.192+0000] {processor.py:161} INFO - Started process (PID=971) to work on /opt/airflow/dags/scripts/preprocess.py
[2025-04-21T14:01:32.194+0000] {processor.py:830} INFO - Processing file /opt/airflow/dags/scripts/preprocess.py for tasks to queue
[2025-04-21T14:01:32.198+0000] {logging_mixin.py:188} INFO - [2025-04-21T14:01:32.197+0000] {dagbag.py:538} INFO - Filling up the DagBag from /opt/airflow/dags/scripts/preprocess.py
[2025-04-21T14:01:32.949+0000] {logging_mixin.py:188} INFO - ✅ Preprocessing complete: iris.csv created.
[2025-04-21T14:01:32.950+0000] {processor.py:842} WARNING - No viable dags retrieved from /opt/airflow/dags/scripts/preprocess.py
[2025-04-21T14:01:32.980+0000] {processor.py:183} INFO - Processing /opt/airflow/dags/scripts/preprocess.py took 0.793 seconds
[2025-04-21T14:02:03.549+0000] {processor.py:161} INFO - Started process (PID=994) to work on /opt/airflow/dags/scripts/preprocess.py
[2025-04-21T14:02:03.552+0000] {processor.py:830} INFO - Processing file /opt/airflow/dags/scripts/preprocess.py for tasks to queue
[2025-04-21T14:02:03.554+0000] {logging_mixin.py:188} INFO - [2025-04-21T14:02:03.553+0000] {dagbag.py:538} INFO - Filling up the DagBag from /opt/airflow/dags/scripts/preprocess.py
[2025-04-21T14:02:04.307+0000] {logging_mixin.py:188} INFO - ✅ Preprocessing complete: iris.csv created.
[2025-04-21T14:02:04.308+0000] {processor.py:842} WARNING - No viable dags retrieved from /opt/airflow/dags/scripts/preprocess.py
[2025-04-21T14:02:04.333+0000] {processor.py:183} INFO - Processing /opt/airflow/dags/scripts/preprocess.py took 0.791 seconds
[2025-04-21T14:02:34.983+0000] {processor.py:161} INFO - Started process (PID=1017) to work on /opt/airflow/dags/scripts/preprocess.py
[2025-04-21T14:02:34.985+0000] {processor.py:830} INFO - Processing file /opt/airflow/dags/scripts/preprocess.py for tasks to queue
[2025-04-21T14:02:34.987+0000] {logging_mixin.py:188} INFO - [2025-04-21T14:02:34.986+0000] {dagbag.py:538} INFO - Filling up the DagBag from /opt/airflow/dags/scripts/preprocess.py
[2025-04-21T14:02:35.779+0000] {logging_mixin.py:188} INFO - ✅ Preprocessing complete: iris.csv created.
[2025-04-21T14:02:35.780+0000] {processor.py:842} WARNING - No viable dags retrieved from /opt/airflow/dags/scripts/preprocess.py
[2025-04-21T14:02:35.814+0000] {processor.py:183} INFO - Processing /opt/airflow/dags/scripts/preprocess.py took 0.841 seconds
[2025-04-21T14:03:06.368+0000] {processor.py:161} INFO - Started process (PID=1040) to work on /opt/airflow/dags/scripts/preprocess.py
[2025-04-21T14:03:06.370+0000] {processor.py:830} INFO - Processing file /opt/airflow/dags/scripts/preprocess.py for tasks to queue
[2025-04-21T14:03:06.372+0000] {logging_mixin.py:188} INFO - [2025-04-21T14:03:06.371+0000] {dagbag.py:538} INFO - Filling up the DagBag from /opt/airflow/dags/scripts/preprocess.py
[2025-04-21T14:03:07.130+0000] {logging_mixin.py:188} INFO - ✅ Preprocessing complete: iris.csv created.
[2025-04-21T14:03:07.131+0000] {processor.py:842} WARNING - No viable dags retrieved from /opt/airflow/dags/scripts/preprocess.py
[2025-04-21T14:03:07.157+0000] {processor.py:183} INFO - Processing /opt/airflow/dags/scripts/preprocess.py took 0.794 seconds
[2025-04-21T14:03:37.753+0000] {processor.py:161} INFO - Started process (PID=1063) to work on /opt/airflow/dags/scripts/preprocess.py
[2025-04-21T14:03:37.756+0000] {processor.py:830} INFO - Processing file /opt/airflow/dags/scripts/preprocess.py for tasks to queue
[2025-04-21T14:03:37.758+0000] {logging_mixin.py:188} INFO - [2025-04-21T14:03:37.758+0000] {dagbag.py:538} INFO - Filling up the DagBag from /opt/airflow/dags/scripts/preprocess.py
[2025-04-21T14:03:38.520+0000] {logging_mixin.py:188} INFO - ✅ Preprocessing complete: iris.csv created.
[2025-04-21T14:03:38.521+0000] {processor.py:842} WARNING - No viable dags retrieved from /opt/airflow/dags/scripts/preprocess.py
[2025-04-21T14:03:38.547+0000] {processor.py:183} INFO - Processing /opt/airflow/dags/scripts/preprocess.py took 0.799 seconds
[2025-04-21T14:04:09.135+0000] {processor.py:161} INFO - Started process (PID=1086) to work on /opt/airflow/dags/scripts/preprocess.py
[2025-04-21T14:04:09.138+0000] {processor.py:830} INFO - Processing file /opt/airflow/dags/scripts/preprocess.py for tasks to queue
[2025-04-21T14:04:09.140+0000] {logging_mixin.py:188} INFO - [2025-04-21T14:04:09.139+0000] {dagbag.py:538} INFO - Filling up the DagBag from /opt/airflow/dags/scripts/preprocess.py
[2025-04-21T14:04:09.898+0000] {logging_mixin.py:188} INFO - ✅ Preprocessing complete: iris.csv created.
[2025-04-21T14:04:09.899+0000] {processor.py:842} WARNING - No viable dags retrieved from /opt/airflow/dags/scripts/preprocess.py
[2025-04-21T14:04:09.926+0000] {processor.py:183} INFO - Processing /opt/airflow/dags/scripts/preprocess.py took 0.796 seconds
[2025-04-21T14:04:40.481+0000] {processor.py:161} INFO - Started process (PID=1109) to work on /opt/airflow/dags/scripts/preprocess.py
[2025-04-21T14:04:40.483+0000] {processor.py:830} INFO - Processing file /opt/airflow/dags/scripts/preprocess.py for tasks to queue
[2025-04-21T14:04:40.485+0000] {logging_mixin.py:188} INFO - [2025-04-21T14:04:40.484+0000] {dagbag.py:538} INFO - Filling up the DagBag from /opt/airflow/dags/scripts/preprocess.py
[2025-04-21T14:04:41.355+0000] {logging_mixin.py:188} INFO - ✅ Preprocessing complete: iris.csv created.
[2025-04-21T14:04:41.356+0000] {processor.py:842} WARNING - No viable dags retrieved from /opt/airflow/dags/scripts/preprocess.py
[2025-04-21T14:04:41.391+0000] {processor.py:183} INFO - Processing /opt/airflow/dags/scripts/preprocess.py took 0.917 seconds
[2025-04-21T14:05:12.021+0000] {processor.py:161} INFO - Started process (PID=1132) to work on /opt/airflow/dags/scripts/preprocess.py
[2025-04-21T14:05:12.023+0000] {processor.py:830} INFO - Processing file /opt/airflow/dags/scripts/preprocess.py for tasks to queue
[2025-04-21T14:05:12.025+0000] {logging_mixin.py:188} INFO - [2025-04-21T14:05:12.024+0000] {dagbag.py:538} INFO - Filling up the DagBag from /opt/airflow/dags/scripts/preprocess.py
[2025-04-21T14:05:12.775+0000] {logging_mixin.py:188} INFO - ✅ Preprocessing complete: iris.csv created.
[2025-04-21T14:05:12.776+0000] {processor.py:842} WARNING - No viable dags retrieved from /opt/airflow/dags/scripts/preprocess.py
[2025-04-21T14:05:12.800+0000] {processor.py:183} INFO - Processing /opt/airflow/dags/scripts/preprocess.py took 0.787 seconds
