[2025-04-21T13:21:32.351+0000] {processor.py:161} INFO - Started process (PID=263) to work on /opt/airflow/dags/scripts/train_model.py
[2025-04-21T13:21:32.352+0000] {processor.py:830} INFO - Processing file /opt/airflow/dags/scripts/train_model.py for tasks to queue
[2025-04-21T13:21:32.354+0000] {logging_mixin.py:188} INFO - [2025-04-21T13:21:32.353+0000] {dagbag.py:538} INFO - Filling up the DagBag from /opt/airflow/dags/scripts/train_model.py
[2025-04-21T13:21:33.247+0000] {logging_mixin.py:188} INFO - [2025-04-21T13:21:33.245+0000] {dagbag.py:348} ERROR - Failed to import: /opt/airflow/dags/scripts/train_model.py
Traceback (most recent call last):
  File "/home/airflow/.local/lib/python3.8/site-packages/airflow/models/dagbag.py", line 344, in parse
    loader.exec_module(new_module)
  File "<frozen importlib._bootstrap_external>", line 843, in exec_module
  File "<frozen importlib._bootstrap>", line 219, in _call_with_frames_removed
  File "/opt/airflow/dags/scripts/train_model.py", line 2, in <module>
    from sklearn.linear_model import LogisticRegression
ModuleNotFoundError: No module named 'sklearn'
[2025-04-21T13:21:33.248+0000] {processor.py:842} WARNING - No viable dags retrieved from /opt/airflow/dags/scripts/train_model.py
[2025-04-21T13:21:33.270+0000] {processor.py:183} INFO - Processing /opt/airflow/dags/scripts/train_model.py took 0.925 seconds
[2025-04-21T13:22:03.831+0000] {processor.py:161} INFO - Started process (PID=279) to work on /opt/airflow/dags/scripts/train_model.py
[2025-04-21T13:22:03.833+0000] {processor.py:830} INFO - Processing file /opt/airflow/dags/scripts/train_model.py for tasks to queue
[2025-04-21T13:22:03.835+0000] {logging_mixin.py:188} INFO - [2025-04-21T13:22:03.834+0000] {dagbag.py:538} INFO - Filling up the DagBag from /opt/airflow/dags/scripts/train_model.py
[2025-04-21T13:22:04.127+0000] {logging_mixin.py:188} INFO - [2025-04-21T13:22:04.121+0000] {dagbag.py:348} ERROR - Failed to import: /opt/airflow/dags/scripts/train_model.py
Traceback (most recent call last):
  File "/home/airflow/.local/lib/python3.8/site-packages/airflow/models/dagbag.py", line 344, in parse
    loader.exec_module(new_module)
  File "<frozen importlib._bootstrap_external>", line 843, in exec_module
  File "<frozen importlib._bootstrap>", line 219, in _call_with_frames_removed
  File "/opt/airflow/dags/scripts/train_model.py", line 2, in <module>
    from sklearn.linear_model import LogisticRegression
ModuleNotFoundError: No module named 'sklearn'
[2025-04-21T13:22:04.127+0000] {processor.py:842} WARNING - No viable dags retrieved from /opt/airflow/dags/scripts/train_model.py
[2025-04-21T13:22:04.154+0000] {processor.py:183} INFO - Processing /opt/airflow/dags/scripts/train_model.py took 0.328 seconds
[2025-04-21T13:22:34.314+0000] {processor.py:161} INFO - Started process (PID=295) to work on /opt/airflow/dags/scripts/train_model.py
[2025-04-21T13:22:34.315+0000] {processor.py:830} INFO - Processing file /opt/airflow/dags/scripts/train_model.py for tasks to queue
[2025-04-21T13:22:34.317+0000] {logging_mixin.py:188} INFO - [2025-04-21T13:22:34.316+0000] {dagbag.py:538} INFO - Filling up the DagBag from /opt/airflow/dags/scripts/train_model.py
[2025-04-21T13:22:34.531+0000] {logging_mixin.py:188} INFO - [2025-04-21T13:22:34.526+0000] {dagbag.py:348} ERROR - Failed to import: /opt/airflow/dags/scripts/train_model.py
Traceback (most recent call last):
  File "/home/airflow/.local/lib/python3.8/site-packages/airflow/models/dagbag.py", line 344, in parse
    loader.exec_module(new_module)
  File "<frozen importlib._bootstrap_external>", line 843, in exec_module
  File "<frozen importlib._bootstrap>", line 219, in _call_with_frames_removed
  File "/opt/airflow/dags/scripts/train_model.py", line 2, in <module>
    from sklearn.linear_model import LogisticRegression
ModuleNotFoundError: No module named 'sklearn'
[2025-04-21T13:22:34.532+0000] {processor.py:842} WARNING - No viable dags retrieved from /opt/airflow/dags/scripts/train_model.py
[2025-04-21T13:22:34.554+0000] {processor.py:183} INFO - Processing /opt/airflow/dags/scripts/train_model.py took 0.244 seconds
[2025-04-21T13:23:04.811+0000] {processor.py:161} INFO - Started process (PID=311) to work on /opt/airflow/dags/scripts/train_model.py
[2025-04-21T13:23:04.813+0000] {processor.py:830} INFO - Processing file /opt/airflow/dags/scripts/train_model.py for tasks to queue
[2025-04-21T13:23:04.815+0000] {logging_mixin.py:188} INFO - [2025-04-21T13:23:04.814+0000] {dagbag.py:538} INFO - Filling up the DagBag from /opt/airflow/dags/scripts/train_model.py
[2025-04-21T13:23:05.029+0000] {logging_mixin.py:188} INFO - [2025-04-21T13:23:05.027+0000] {dagbag.py:348} ERROR - Failed to import: /opt/airflow/dags/scripts/train_model.py
Traceback (most recent call last):
  File "/home/airflow/.local/lib/python3.8/site-packages/airflow/models/dagbag.py", line 344, in parse
    loader.exec_module(new_module)
  File "<frozen importlib._bootstrap_external>", line 843, in exec_module
  File "<frozen importlib._bootstrap>", line 219, in _call_with_frames_removed
  File "/opt/airflow/dags/scripts/train_model.py", line 2, in <module>
    from sklearn.linear_model import LogisticRegression
ModuleNotFoundError: No module named 'sklearn'
[2025-04-21T13:23:05.029+0000] {processor.py:842} WARNING - No viable dags retrieved from /opt/airflow/dags/scripts/train_model.py
[2025-04-21T13:23:05.049+0000] {processor.py:183} INFO - Processing /opt/airflow/dags/scripts/train_model.py took 0.244 seconds
[2025-04-21T13:23:38.738+0000] {processor.py:161} INFO - Started process (PID=164) to work on /opt/airflow/dags/scripts/train_model.py
[2025-04-21T13:23:38.741+0000] {processor.py:830} INFO - Processing file /opt/airflow/dags/scripts/train_model.py for tasks to queue
[2025-04-21T13:23:38.745+0000] {logging_mixin.py:188} INFO - [2025-04-21T13:23:38.743+0000] {dagbag.py:538} INFO - Filling up the DagBag from /opt/airflow/dags/scripts/train_model.py
[2025-04-21T13:23:39.695+0000] {logging_mixin.py:188} INFO - [2025-04-21T13:23:39.692+0000] {dagbag.py:348} ERROR - Failed to import: /opt/airflow/dags/scripts/train_model.py
Traceback (most recent call last):
  File "/home/airflow/.local/lib/python3.8/site-packages/airflow/models/dagbag.py", line 344, in parse
    loader.exec_module(new_module)
  File "<frozen importlib._bootstrap_external>", line 843, in exec_module
  File "<frozen importlib._bootstrap>", line 219, in _call_with_frames_removed
  File "/opt/airflow/dags/scripts/train_model.py", line 2, in <module>
    from sklearn.linear_model import LogisticRegression
ModuleNotFoundError: No module named 'sklearn'
[2025-04-21T13:23:39.695+0000] {processor.py:842} WARNING - No viable dags retrieved from /opt/airflow/dags/scripts/train_model.py
[2025-04-21T13:23:39.719+0000] {processor.py:183} INFO - Processing /opt/airflow/dags/scripts/train_model.py took 0.986 seconds
[2025-04-21T13:24:10.127+0000] {processor.py:161} INFO - Started process (PID=190) to work on /opt/airflow/dags/scripts/train_model.py
[2025-04-21T13:24:10.131+0000] {processor.py:830} INFO - Processing file /opt/airflow/dags/scripts/train_model.py for tasks to queue
[2025-04-21T13:24:10.133+0000] {logging_mixin.py:188} INFO - [2025-04-21T13:24:10.133+0000] {dagbag.py:538} INFO - Filling up the DagBag from /opt/airflow/dags/scripts/train_model.py
[2025-04-21T13:24:10.405+0000] {logging_mixin.py:188} INFO - [2025-04-21T13:24:10.402+0000] {dagbag.py:348} ERROR - Failed to import: /opt/airflow/dags/scripts/train_model.py
Traceback (most recent call last):
  File "/home/airflow/.local/lib/python3.8/site-packages/airflow/models/dagbag.py", line 344, in parse
    loader.exec_module(new_module)
  File "<frozen importlib._bootstrap_external>", line 843, in exec_module
  File "<frozen importlib._bootstrap>", line 219, in _call_with_frames_removed
  File "/opt/airflow/dags/scripts/train_model.py", line 2, in <module>
    from sklearn.linear_model import LogisticRegression
ModuleNotFoundError: No module named 'sklearn'
[2025-04-21T13:24:10.406+0000] {processor.py:842} WARNING - No viable dags retrieved from /opt/airflow/dags/scripts/train_model.py
[2025-04-21T13:24:10.434+0000] {processor.py:183} INFO - Processing /opt/airflow/dags/scripts/train_model.py took 0.313 seconds
[2025-04-21T13:24:40.641+0000] {processor.py:161} INFO - Started process (PID=206) to work on /opt/airflow/dags/scripts/train_model.py
[2025-04-21T13:24:40.644+0000] {processor.py:830} INFO - Processing file /opt/airflow/dags/scripts/train_model.py for tasks to queue
[2025-04-21T13:24:40.645+0000] {logging_mixin.py:188} INFO - [2025-04-21T13:24:40.645+0000] {dagbag.py:538} INFO - Filling up the DagBag from /opt/airflow/dags/scripts/train_model.py
[2025-04-21T13:24:40.860+0000] {logging_mixin.py:188} INFO - [2025-04-21T13:24:40.858+0000] {dagbag.py:348} ERROR - Failed to import: /opt/airflow/dags/scripts/train_model.py
Traceback (most recent call last):
  File "/home/airflow/.local/lib/python3.8/site-packages/airflow/models/dagbag.py", line 344, in parse
    loader.exec_module(new_module)
  File "<frozen importlib._bootstrap_external>", line 843, in exec_module
  File "<frozen importlib._bootstrap>", line 219, in _call_with_frames_removed
  File "/opt/airflow/dags/scripts/train_model.py", line 2, in <module>
    from sklearn.linear_model import LogisticRegression
ModuleNotFoundError: No module named 'sklearn'
[2025-04-21T13:24:40.861+0000] {processor.py:842} WARNING - No viable dags retrieved from /opt/airflow/dags/scripts/train_model.py
[2025-04-21T13:24:40.882+0000] {processor.py:183} INFO - Processing /opt/airflow/dags/scripts/train_model.py took 0.245 seconds
[2025-04-21T13:25:11.073+0000] {processor.py:161} INFO - Started process (PID=222) to work on /opt/airflow/dags/scripts/train_model.py
[2025-04-21T13:25:11.074+0000] {processor.py:830} INFO - Processing file /opt/airflow/dags/scripts/train_model.py for tasks to queue
[2025-04-21T13:25:11.076+0000] {logging_mixin.py:188} INFO - [2025-04-21T13:25:11.076+0000] {dagbag.py:538} INFO - Filling up the DagBag from /opt/airflow/dags/scripts/train_model.py
[2025-04-21T13:25:11.303+0000] {logging_mixin.py:188} INFO - [2025-04-21T13:25:11.301+0000] {dagbag.py:348} ERROR - Failed to import: /opt/airflow/dags/scripts/train_model.py
Traceback (most recent call last):
  File "/home/airflow/.local/lib/python3.8/site-packages/airflow/models/dagbag.py", line 344, in parse
    loader.exec_module(new_module)
  File "<frozen importlib._bootstrap_external>", line 843, in exec_module
  File "<frozen importlib._bootstrap>", line 219, in _call_with_frames_removed
  File "/opt/airflow/dags/scripts/train_model.py", line 2, in <module>
    from sklearn.linear_model import LogisticRegression
ModuleNotFoundError: No module named 'sklearn'
[2025-04-21T13:25:11.304+0000] {processor.py:842} WARNING - No viable dags retrieved from /opt/airflow/dags/scripts/train_model.py
[2025-04-21T13:25:11.324+0000] {processor.py:183} INFO - Processing /opt/airflow/dags/scripts/train_model.py took 0.256 seconds
[2025-04-21T13:25:41.535+0000] {processor.py:161} INFO - Started process (PID=238) to work on /opt/airflow/dags/scripts/train_model.py
[2025-04-21T13:25:41.536+0000] {processor.py:830} INFO - Processing file /opt/airflow/dags/scripts/train_model.py for tasks to queue
[2025-04-21T13:25:41.538+0000] {logging_mixin.py:188} INFO - [2025-04-21T13:25:41.537+0000] {dagbag.py:538} INFO - Filling up the DagBag from /opt/airflow/dags/scripts/train_model.py
[2025-04-21T13:25:41.811+0000] {logging_mixin.py:188} INFO - [2025-04-21T13:25:41.808+0000] {dagbag.py:348} ERROR - Failed to import: /opt/airflow/dags/scripts/train_model.py
Traceback (most recent call last):
  File "/home/airflow/.local/lib/python3.8/site-packages/airflow/models/dagbag.py", line 344, in parse
    loader.exec_module(new_module)
  File "<frozen importlib._bootstrap_external>", line 843, in exec_module
  File "<frozen importlib._bootstrap>", line 219, in _call_with_frames_removed
  File "/opt/airflow/dags/scripts/train_model.py", line 2, in <module>
    from sklearn.linear_model import LogisticRegression
ModuleNotFoundError: No module named 'sklearn'
[2025-04-21T13:25:41.811+0000] {processor.py:842} WARNING - No viable dags retrieved from /opt/airflow/dags/scripts/train_model.py
[2025-04-21T13:25:41.832+0000] {processor.py:183} INFO - Processing /opt/airflow/dags/scripts/train_model.py took 0.302 seconds
[2025-04-21T13:26:12.057+0000] {processor.py:161} INFO - Started process (PID=254) to work on /opt/airflow/dags/scripts/train_model.py
[2025-04-21T13:26:12.059+0000] {processor.py:830} INFO - Processing file /opt/airflow/dags/scripts/train_model.py for tasks to queue
[2025-04-21T13:26:12.060+0000] {logging_mixin.py:188} INFO - [2025-04-21T13:26:12.059+0000] {dagbag.py:538} INFO - Filling up the DagBag from /opt/airflow/dags/scripts/train_model.py
[2025-04-21T13:26:12.323+0000] {logging_mixin.py:188} INFO - [2025-04-21T13:26:12.321+0000] {dagbag.py:348} ERROR - Failed to import: /opt/airflow/dags/scripts/train_model.py
Traceback (most recent call last):
  File "/home/airflow/.local/lib/python3.8/site-packages/airflow/models/dagbag.py", line 344, in parse
    loader.exec_module(new_module)
  File "<frozen importlib._bootstrap_external>", line 843, in exec_module
  File "<frozen importlib._bootstrap>", line 219, in _call_with_frames_removed
  File "/opt/airflow/dags/scripts/train_model.py", line 2, in <module>
    from sklearn.linear_model import LogisticRegression
ModuleNotFoundError: No module named 'sklearn'
[2025-04-21T13:26:12.324+0000] {processor.py:842} WARNING - No viable dags retrieved from /opt/airflow/dags/scripts/train_model.py
[2025-04-21T13:26:12.350+0000] {processor.py:183} INFO - Processing /opt/airflow/dags/scripts/train_model.py took 0.296 seconds
[2025-04-21T13:26:42.532+0000] {processor.py:161} INFO - Started process (PID=270) to work on /opt/airflow/dags/scripts/train_model.py
[2025-04-21T13:26:42.533+0000] {processor.py:830} INFO - Processing file /opt/airflow/dags/scripts/train_model.py for tasks to queue
[2025-04-21T13:26:42.535+0000] {logging_mixin.py:188} INFO - [2025-04-21T13:26:42.534+0000] {dagbag.py:538} INFO - Filling up the DagBag from /opt/airflow/dags/scripts/train_model.py
[2025-04-21T13:26:42.804+0000] {logging_mixin.py:188} INFO - [2025-04-21T13:26:42.799+0000] {dagbag.py:348} ERROR - Failed to import: /opt/airflow/dags/scripts/train_model.py
Traceback (most recent call last):
  File "/home/airflow/.local/lib/python3.8/site-packages/airflow/models/dagbag.py", line 344, in parse
    loader.exec_module(new_module)
  File "<frozen importlib._bootstrap_external>", line 843, in exec_module
  File "<frozen importlib._bootstrap>", line 219, in _call_with_frames_removed
  File "/opt/airflow/dags/scripts/train_model.py", line 2, in <module>
    from sklearn.linear_model import LogisticRegression
ModuleNotFoundError: No module named 'sklearn'
[2025-04-21T13:26:42.805+0000] {processor.py:842} WARNING - No viable dags retrieved from /opt/airflow/dags/scripts/train_model.py
[2025-04-21T13:26:42.827+0000] {processor.py:183} INFO - Processing /opt/airflow/dags/scripts/train_model.py took 0.301 seconds
[2025-04-21T13:27:12.964+0000] {processor.py:161} INFO - Started process (PID=286) to work on /opt/airflow/dags/scripts/train_model.py
[2025-04-21T13:27:12.966+0000] {processor.py:830} INFO - Processing file /opt/airflow/dags/scripts/train_model.py for tasks to queue
[2025-04-21T13:27:12.967+0000] {logging_mixin.py:188} INFO - [2025-04-21T13:27:12.967+0000] {dagbag.py:538} INFO - Filling up the DagBag from /opt/airflow/dags/scripts/train_model.py
[2025-04-21T13:27:13.180+0000] {logging_mixin.py:188} INFO - [2025-04-21T13:27:13.178+0000] {dagbag.py:348} ERROR - Failed to import: /opt/airflow/dags/scripts/train_model.py
Traceback (most recent call last):
  File "/home/airflow/.local/lib/python3.8/site-packages/airflow/models/dagbag.py", line 344, in parse
    loader.exec_module(new_module)
  File "<frozen importlib._bootstrap_external>", line 843, in exec_module
  File "<frozen importlib._bootstrap>", line 219, in _call_with_frames_removed
  File "/opt/airflow/dags/scripts/train_model.py", line 2, in <module>
    from sklearn.linear_model import LogisticRegression
ModuleNotFoundError: No module named 'sklearn'
[2025-04-21T13:27:13.181+0000] {processor.py:842} WARNING - No viable dags retrieved from /opt/airflow/dags/scripts/train_model.py
[2025-04-21T13:27:13.201+0000] {processor.py:183} INFO - Processing /opt/airflow/dags/scripts/train_model.py took 0.241 seconds
[2025-04-21T13:27:43.404+0000] {processor.py:161} INFO - Started process (PID=302) to work on /opt/airflow/dags/scripts/train_model.py
[2025-04-21T13:27:43.406+0000] {processor.py:830} INFO - Processing file /opt/airflow/dags/scripts/train_model.py for tasks to queue
[2025-04-21T13:27:43.407+0000] {logging_mixin.py:188} INFO - [2025-04-21T13:27:43.407+0000] {dagbag.py:538} INFO - Filling up the DagBag from /opt/airflow/dags/scripts/train_model.py
[2025-04-21T13:27:43.624+0000] {logging_mixin.py:188} INFO - [2025-04-21T13:27:43.622+0000] {dagbag.py:348} ERROR - Failed to import: /opt/airflow/dags/scripts/train_model.py
Traceback (most recent call last):
  File "/home/airflow/.local/lib/python3.8/site-packages/airflow/models/dagbag.py", line 344, in parse
    loader.exec_module(new_module)
  File "<frozen importlib._bootstrap_external>", line 843, in exec_module
  File "<frozen importlib._bootstrap>", line 219, in _call_with_frames_removed
  File "/opt/airflow/dags/scripts/train_model.py", line 2, in <module>
    from sklearn.linear_model import LogisticRegression
ModuleNotFoundError: No module named 'sklearn'
[2025-04-21T13:27:43.625+0000] {processor.py:842} WARNING - No viable dags retrieved from /opt/airflow/dags/scripts/train_model.py
[2025-04-21T13:27:43.644+0000] {processor.py:183} INFO - Processing /opt/airflow/dags/scripts/train_model.py took 0.246 seconds
[2025-04-21T13:28:13.872+0000] {processor.py:161} INFO - Started process (PID=318) to work on /opt/airflow/dags/scripts/train_model.py
[2025-04-21T13:28:13.875+0000] {processor.py:830} INFO - Processing file /opt/airflow/dags/scripts/train_model.py for tasks to queue
[2025-04-21T13:28:13.877+0000] {logging_mixin.py:188} INFO - [2025-04-21T13:28:13.876+0000] {dagbag.py:538} INFO - Filling up the DagBag from /opt/airflow/dags/scripts/train_model.py
[2025-04-21T13:28:14.155+0000] {logging_mixin.py:188} INFO - [2025-04-21T13:28:14.152+0000] {dagbag.py:348} ERROR - Failed to import: /opt/airflow/dags/scripts/train_model.py
Traceback (most recent call last):
  File "/home/airflow/.local/lib/python3.8/site-packages/airflow/models/dagbag.py", line 344, in parse
    loader.exec_module(new_module)
  File "<frozen importlib._bootstrap_external>", line 843, in exec_module
  File "<frozen importlib._bootstrap>", line 219, in _call_with_frames_removed
  File "/opt/airflow/dags/scripts/train_model.py", line 2, in <module>
    from sklearn.linear_model import LogisticRegression
ModuleNotFoundError: No module named 'sklearn'
[2025-04-21T13:28:14.155+0000] {processor.py:842} WARNING - No viable dags retrieved from /opt/airflow/dags/scripts/train_model.py
[2025-04-21T13:28:14.180+0000] {processor.py:183} INFO - Processing /opt/airflow/dags/scripts/train_model.py took 0.312 seconds
[2025-04-21T13:28:44.438+0000] {processor.py:161} INFO - Started process (PID=334) to work on /opt/airflow/dags/scripts/train_model.py
[2025-04-21T13:28:44.440+0000] {processor.py:830} INFO - Processing file /opt/airflow/dags/scripts/train_model.py for tasks to queue
[2025-04-21T13:28:44.442+0000] {logging_mixin.py:188} INFO - [2025-04-21T13:28:44.441+0000] {dagbag.py:538} INFO - Filling up the DagBag from /opt/airflow/dags/scripts/train_model.py
[2025-04-21T13:28:44.708+0000] {logging_mixin.py:188} INFO - [2025-04-21T13:28:44.706+0000] {dagbag.py:348} ERROR - Failed to import: /opt/airflow/dags/scripts/train_model.py
Traceback (most recent call last):
  File "/home/airflow/.local/lib/python3.8/site-packages/airflow/models/dagbag.py", line 344, in parse
    loader.exec_module(new_module)
  File "<frozen importlib._bootstrap_external>", line 843, in exec_module
  File "<frozen importlib._bootstrap>", line 219, in _call_with_frames_removed
  File "/opt/airflow/dags/scripts/train_model.py", line 2, in <module>
    from sklearn.linear_model import LogisticRegression
ModuleNotFoundError: No module named 'sklearn'
[2025-04-21T13:28:44.710+0000] {processor.py:842} WARNING - No viable dags retrieved from /opt/airflow/dags/scripts/train_model.py
[2025-04-21T13:28:44.731+0000] {processor.py:183} INFO - Processing /opt/airflow/dags/scripts/train_model.py took 0.297 seconds
[2025-04-21T13:29:14.953+0000] {processor.py:161} INFO - Started process (PID=350) to work on /opt/airflow/dags/scripts/train_model.py
[2025-04-21T13:29:14.954+0000] {processor.py:830} INFO - Processing file /opt/airflow/dags/scripts/train_model.py for tasks to queue
[2025-04-21T13:29:14.956+0000] {logging_mixin.py:188} INFO - [2025-04-21T13:29:14.955+0000] {dagbag.py:538} INFO - Filling up the DagBag from /opt/airflow/dags/scripts/train_model.py
[2025-04-21T13:29:15.252+0000] {logging_mixin.py:188} INFO - [2025-04-21T13:29:15.249+0000] {dagbag.py:348} ERROR - Failed to import: /opt/airflow/dags/scripts/train_model.py
Traceback (most recent call last):
  File "/home/airflow/.local/lib/python3.8/site-packages/airflow/models/dagbag.py", line 344, in parse
    loader.exec_module(new_module)
  File "<frozen importlib._bootstrap_external>", line 843, in exec_module
  File "<frozen importlib._bootstrap>", line 219, in _call_with_frames_removed
  File "/opt/airflow/dags/scripts/train_model.py", line 2, in <module>
    from sklearn.linear_model import LogisticRegression
ModuleNotFoundError: No module named 'sklearn'
[2025-04-21T13:29:15.253+0000] {processor.py:842} WARNING - No viable dags retrieved from /opt/airflow/dags/scripts/train_model.py
[2025-04-21T13:29:15.278+0000] {processor.py:183} INFO - Processing /opt/airflow/dags/scripts/train_model.py took 0.330 seconds
[2025-04-21T13:29:45.435+0000] {processor.py:161} INFO - Started process (PID=366) to work on /opt/airflow/dags/scripts/train_model.py
[2025-04-21T13:29:45.437+0000] {processor.py:830} INFO - Processing file /opt/airflow/dags/scripts/train_model.py for tasks to queue
[2025-04-21T13:29:45.439+0000] {logging_mixin.py:188} INFO - [2025-04-21T13:29:45.438+0000] {dagbag.py:538} INFO - Filling up the DagBag from /opt/airflow/dags/scripts/train_model.py
[2025-04-21T13:29:45.693+0000] {logging_mixin.py:188} INFO - [2025-04-21T13:29:45.690+0000] {dagbag.py:348} ERROR - Failed to import: /opt/airflow/dags/scripts/train_model.py
Traceback (most recent call last):
  File "/home/airflow/.local/lib/python3.8/site-packages/airflow/models/dagbag.py", line 344, in parse
    loader.exec_module(new_module)
  File "<frozen importlib._bootstrap_external>", line 843, in exec_module
  File "<frozen importlib._bootstrap>", line 219, in _call_with_frames_removed
  File "/opt/airflow/dags/scripts/train_model.py", line 2, in <module>
    from sklearn.linear_model import LogisticRegression
ModuleNotFoundError: No module named 'sklearn'
[2025-04-21T13:29:45.694+0000] {processor.py:842} WARNING - No viable dags retrieved from /opt/airflow/dags/scripts/train_model.py
[2025-04-21T13:29:45.716+0000] {processor.py:183} INFO - Processing /opt/airflow/dags/scripts/train_model.py took 0.286 seconds
[2025-04-21T13:30:15.922+0000] {processor.py:161} INFO - Started process (PID=382) to work on /opt/airflow/dags/scripts/train_model.py
[2025-04-21T13:30:15.923+0000] {processor.py:830} INFO - Processing file /opt/airflow/dags/scripts/train_model.py for tasks to queue
[2025-04-21T13:30:15.925+0000] {logging_mixin.py:188} INFO - [2025-04-21T13:30:15.924+0000] {dagbag.py:538} INFO - Filling up the DagBag from /opt/airflow/dags/scripts/train_model.py
[2025-04-21T13:30:16.192+0000] {logging_mixin.py:188} INFO - [2025-04-21T13:30:16.190+0000] {dagbag.py:348} ERROR - Failed to import: /opt/airflow/dags/scripts/train_model.py
Traceback (most recent call last):
  File "/home/airflow/.local/lib/python3.8/site-packages/airflow/models/dagbag.py", line 344, in parse
    loader.exec_module(new_module)
  File "<frozen importlib._bootstrap_external>", line 843, in exec_module
  File "<frozen importlib._bootstrap>", line 219, in _call_with_frames_removed
  File "/opt/airflow/dags/scripts/train_model.py", line 2, in <module>
    from sklearn.linear_model import LogisticRegression
ModuleNotFoundError: No module named 'sklearn'
[2025-04-21T13:30:16.194+0000] {processor.py:842} WARNING - No viable dags retrieved from /opt/airflow/dags/scripts/train_model.py
[2025-04-21T13:30:16.216+0000] {processor.py:183} INFO - Processing /opt/airflow/dags/scripts/train_model.py took 0.299 seconds
[2025-04-21T13:30:46.462+0000] {processor.py:161} INFO - Started process (PID=398) to work on /opt/airflow/dags/scripts/train_model.py
[2025-04-21T13:30:46.464+0000] {processor.py:830} INFO - Processing file /opt/airflow/dags/scripts/train_model.py for tasks to queue
[2025-04-21T13:30:46.466+0000] {logging_mixin.py:188} INFO - [2025-04-21T13:30:46.465+0000] {dagbag.py:538} INFO - Filling up the DagBag from /opt/airflow/dags/scripts/train_model.py
[2025-04-21T13:30:46.725+0000] {logging_mixin.py:188} INFO - [2025-04-21T13:30:46.722+0000] {dagbag.py:348} ERROR - Failed to import: /opt/airflow/dags/scripts/train_model.py
Traceback (most recent call last):
  File "/home/airflow/.local/lib/python3.8/site-packages/airflow/models/dagbag.py", line 344, in parse
    loader.exec_module(new_module)
  File "<frozen importlib._bootstrap_external>", line 843, in exec_module
  File "<frozen importlib._bootstrap>", line 219, in _call_with_frames_removed
  File "/opt/airflow/dags/scripts/train_model.py", line 2, in <module>
    from sklearn.linear_model import LogisticRegression
ModuleNotFoundError: No module named 'sklearn'
[2025-04-21T13:30:46.726+0000] {processor.py:842} WARNING - No viable dags retrieved from /opt/airflow/dags/scripts/train_model.py
[2025-04-21T13:30:46.746+0000] {processor.py:183} INFO - Processing /opt/airflow/dags/scripts/train_model.py took 0.291 seconds
[2025-04-21T13:31:16.914+0000] {processor.py:161} INFO - Started process (PID=414) to work on /opt/airflow/dags/scripts/train_model.py
[2025-04-21T13:31:16.916+0000] {processor.py:830} INFO - Processing file /opt/airflow/dags/scripts/train_model.py for tasks to queue
[2025-04-21T13:31:16.917+0000] {logging_mixin.py:188} INFO - [2025-04-21T13:31:16.917+0000] {dagbag.py:538} INFO - Filling up the DagBag from /opt/airflow/dags/scripts/train_model.py
[2025-04-21T13:31:17.218+0000] {logging_mixin.py:188} INFO - [2025-04-21T13:31:17.215+0000] {dagbag.py:348} ERROR - Failed to import: /opt/airflow/dags/scripts/train_model.py
Traceback (most recent call last):
  File "/home/airflow/.local/lib/python3.8/site-packages/airflow/models/dagbag.py", line 344, in parse
    loader.exec_module(new_module)
  File "<frozen importlib._bootstrap_external>", line 843, in exec_module
  File "<frozen importlib._bootstrap>", line 219, in _call_with_frames_removed
  File "/opt/airflow/dags/scripts/train_model.py", line 2, in <module>
    from sklearn.linear_model import LogisticRegression
ModuleNotFoundError: No module named 'sklearn'
[2025-04-21T13:31:17.219+0000] {processor.py:842} WARNING - No viable dags retrieved from /opt/airflow/dags/scripts/train_model.py
[2025-04-21T13:31:17.248+0000] {processor.py:183} INFO - Processing /opt/airflow/dags/scripts/train_model.py took 0.339 seconds
[2025-04-21T13:31:47.427+0000] {processor.py:161} INFO - Started process (PID=430) to work on /opt/airflow/dags/scripts/train_model.py
[2025-04-21T13:31:47.429+0000] {processor.py:830} INFO - Processing file /opt/airflow/dags/scripts/train_model.py for tasks to queue
[2025-04-21T13:31:47.430+0000] {logging_mixin.py:188} INFO - [2025-04-21T13:31:47.430+0000] {dagbag.py:538} INFO - Filling up the DagBag from /opt/airflow/dags/scripts/train_model.py
[2025-04-21T13:31:47.695+0000] {logging_mixin.py:188} INFO - [2025-04-21T13:31:47.693+0000] {dagbag.py:348} ERROR - Failed to import: /opt/airflow/dags/scripts/train_model.py
Traceback (most recent call last):
  File "/home/airflow/.local/lib/python3.8/site-packages/airflow/models/dagbag.py", line 344, in parse
    loader.exec_module(new_module)
  File "<frozen importlib._bootstrap_external>", line 843, in exec_module
  File "<frozen importlib._bootstrap>", line 219, in _call_with_frames_removed
  File "/opt/airflow/dags/scripts/train_model.py", line 2, in <module>
    from sklearn.linear_model import LogisticRegression
ModuleNotFoundError: No module named 'sklearn'
[2025-04-21T13:31:47.696+0000] {processor.py:842} WARNING - No viable dags retrieved from /opt/airflow/dags/scripts/train_model.py
[2025-04-21T13:31:47.717+0000] {processor.py:183} INFO - Processing /opt/airflow/dags/scripts/train_model.py took 0.295 seconds
[2025-04-21T13:32:17.907+0000] {processor.py:161} INFO - Started process (PID=446) to work on /opt/airflow/dags/scripts/train_model.py
[2025-04-21T13:32:17.908+0000] {processor.py:830} INFO - Processing file /opt/airflow/dags/scripts/train_model.py for tasks to queue
[2025-04-21T13:32:17.910+0000] {logging_mixin.py:188} INFO - [2025-04-21T13:32:17.909+0000] {dagbag.py:538} INFO - Filling up the DagBag from /opt/airflow/dags/scripts/train_model.py
[2025-04-21T13:32:18.163+0000] {logging_mixin.py:188} INFO - [2025-04-21T13:32:18.161+0000] {dagbag.py:348} ERROR - Failed to import: /opt/airflow/dags/scripts/train_model.py
Traceback (most recent call last):
  File "/home/airflow/.local/lib/python3.8/site-packages/airflow/models/dagbag.py", line 344, in parse
    loader.exec_module(new_module)
  File "<frozen importlib._bootstrap_external>", line 843, in exec_module
  File "<frozen importlib._bootstrap>", line 219, in _call_with_frames_removed
  File "/opt/airflow/dags/scripts/train_model.py", line 2, in <module>
    from sklearn.linear_model import LogisticRegression
ModuleNotFoundError: No module named 'sklearn'
[2025-04-21T13:32:18.164+0000] {processor.py:842} WARNING - No viable dags retrieved from /opt/airflow/dags/scripts/train_model.py
[2025-04-21T13:32:18.185+0000] {processor.py:183} INFO - Processing /opt/airflow/dags/scripts/train_model.py took 0.282 seconds
[2025-04-21T13:32:48.423+0000] {processor.py:161} INFO - Started process (PID=462) to work on /opt/airflow/dags/scripts/train_model.py
[2025-04-21T13:32:48.426+0000] {processor.py:830} INFO - Processing file /opt/airflow/dags/scripts/train_model.py for tasks to queue
[2025-04-21T13:32:48.427+0000] {logging_mixin.py:188} INFO - [2025-04-21T13:32:48.427+0000] {dagbag.py:538} INFO - Filling up the DagBag from /opt/airflow/dags/scripts/train_model.py
[2025-04-21T13:32:48.769+0000] {logging_mixin.py:188} INFO - [2025-04-21T13:32:48.765+0000] {dagbag.py:348} ERROR - Failed to import: /opt/airflow/dags/scripts/train_model.py
Traceback (most recent call last):
  File "/home/airflow/.local/lib/python3.8/site-packages/airflow/models/dagbag.py", line 344, in parse
    loader.exec_module(new_module)
  File "<frozen importlib._bootstrap_external>", line 843, in exec_module
  File "<frozen importlib._bootstrap>", line 219, in _call_with_frames_removed
  File "/opt/airflow/dags/scripts/train_model.py", line 2, in <module>
    from sklearn.linear_model import LogisticRegression
ModuleNotFoundError: No module named 'sklearn'
[2025-04-21T13:32:48.770+0000] {processor.py:842} WARNING - No viable dags retrieved from /opt/airflow/dags/scripts/train_model.py
[2025-04-21T13:32:48.792+0000] {processor.py:183} INFO - Processing /opt/airflow/dags/scripts/train_model.py took 0.374 seconds
[2025-04-21T13:33:18.893+0000] {processor.py:161} INFO - Started process (PID=478) to work on /opt/airflow/dags/scripts/train_model.py
[2025-04-21T13:33:18.895+0000] {processor.py:830} INFO - Processing file /opt/airflow/dags/scripts/train_model.py for tasks to queue
[2025-04-21T13:33:18.897+0000] {logging_mixin.py:188} INFO - [2025-04-21T13:33:18.896+0000] {dagbag.py:538} INFO - Filling up the DagBag from /opt/airflow/dags/scripts/train_model.py
[2025-04-21T13:33:19.175+0000] {logging_mixin.py:188} INFO - [2025-04-21T13:33:19.173+0000] {dagbag.py:348} ERROR - Failed to import: /opt/airflow/dags/scripts/train_model.py
Traceback (most recent call last):
  File "/home/airflow/.local/lib/python3.8/site-packages/airflow/models/dagbag.py", line 344, in parse
    loader.exec_module(new_module)
  File "<frozen importlib._bootstrap_external>", line 843, in exec_module
  File "<frozen importlib._bootstrap>", line 219, in _call_with_frames_removed
  File "/opt/airflow/dags/scripts/train_model.py", line 2, in <module>
    from sklearn.linear_model import LogisticRegression
ModuleNotFoundError: No module named 'sklearn'
[2025-04-21T13:33:19.177+0000] {processor.py:842} WARNING - No viable dags retrieved from /opt/airflow/dags/scripts/train_model.py
[2025-04-21T13:33:19.202+0000] {processor.py:183} INFO - Processing /opt/airflow/dags/scripts/train_model.py took 0.312 seconds
[2025-04-21T13:33:49.377+0000] {processor.py:161} INFO - Started process (PID=494) to work on /opt/airflow/dags/scripts/train_model.py
[2025-04-21T13:33:49.379+0000] {processor.py:830} INFO - Processing file /opt/airflow/dags/scripts/train_model.py for tasks to queue
[2025-04-21T13:33:49.381+0000] {logging_mixin.py:188} INFO - [2025-04-21T13:33:49.380+0000] {dagbag.py:538} INFO - Filling up the DagBag from /opt/airflow/dags/scripts/train_model.py
[2025-04-21T13:33:49.663+0000] {logging_mixin.py:188} INFO - [2025-04-21T13:33:49.660+0000] {dagbag.py:348} ERROR - Failed to import: /opt/airflow/dags/scripts/train_model.py
Traceback (most recent call last):
  File "/home/airflow/.local/lib/python3.8/site-packages/airflow/models/dagbag.py", line 344, in parse
    loader.exec_module(new_module)
  File "<frozen importlib._bootstrap_external>", line 843, in exec_module
  File "<frozen importlib._bootstrap>", line 219, in _call_with_frames_removed
  File "/opt/airflow/dags/scripts/train_model.py", line 2, in <module>
    from sklearn.linear_model import LogisticRegression
ModuleNotFoundError: No module named 'sklearn'
[2025-04-21T13:33:49.663+0000] {processor.py:842} WARNING - No viable dags retrieved from /opt/airflow/dags/scripts/train_model.py
[2025-04-21T13:33:49.688+0000] {processor.py:183} INFO - Processing /opt/airflow/dags/scripts/train_model.py took 0.319 seconds
[2025-04-21T13:34:19.926+0000] {processor.py:161} INFO - Started process (PID=510) to work on /opt/airflow/dags/scripts/train_model.py
[2025-04-21T13:34:19.928+0000] {processor.py:830} INFO - Processing file /opt/airflow/dags/scripts/train_model.py for tasks to queue
[2025-04-21T13:34:19.929+0000] {logging_mixin.py:188} INFO - [2025-04-21T13:34:19.928+0000] {dagbag.py:538} INFO - Filling up the DagBag from /opt/airflow/dags/scripts/train_model.py
[2025-04-21T13:34:20.193+0000] {logging_mixin.py:188} INFO - [2025-04-21T13:34:20.190+0000] {dagbag.py:348} ERROR - Failed to import: /opt/airflow/dags/scripts/train_model.py
Traceback (most recent call last):
  File "/home/airflow/.local/lib/python3.8/site-packages/airflow/models/dagbag.py", line 344, in parse
    loader.exec_module(new_module)
  File "<frozen importlib._bootstrap_external>", line 843, in exec_module
  File "<frozen importlib._bootstrap>", line 219, in _call_with_frames_removed
  File "/opt/airflow/dags/scripts/train_model.py", line 2, in <module>
    from sklearn.linear_model import LogisticRegression
ModuleNotFoundError: No module named 'sklearn'
[2025-04-21T13:34:20.194+0000] {processor.py:842} WARNING - No viable dags retrieved from /opt/airflow/dags/scripts/train_model.py
[2025-04-21T13:34:20.215+0000] {processor.py:183} INFO - Processing /opt/airflow/dags/scripts/train_model.py took 0.297 seconds
[2025-04-21T13:43:13.719+0000] {processor.py:161} INFO - Started process (PID=163) to work on /opt/airflow/dags/scripts/train_model.py
[2025-04-21T13:43:13.721+0000] {processor.py:830} INFO - Processing file /opt/airflow/dags/scripts/train_model.py for tasks to queue
[2025-04-21T13:43:13.722+0000] {logging_mixin.py:188} INFO - [2025-04-21T13:43:13.722+0000] {dagbag.py:538} INFO - Filling up the DagBag from /opt/airflow/dags/scripts/train_model.py
[2025-04-21T13:43:15.045+0000] {logging_mixin.py:188} INFO - ✅ Model trained and saved as iris_model.pkl
[2025-04-21T13:43:15.046+0000] {processor.py:842} WARNING - No viable dags retrieved from /opt/airflow/dags/scripts/train_model.py
[2025-04-21T13:43:15.060+0000] {processor.py:183} INFO - Processing /opt/airflow/dags/scripts/train_model.py took 1.346 seconds
[2025-04-21T13:43:45.445+0000] {processor.py:161} INFO - Started process (PID=186) to work on /opt/airflow/dags/scripts/train_model.py
[2025-04-21T13:43:45.448+0000] {processor.py:830} INFO - Processing file /opt/airflow/dags/scripts/train_model.py for tasks to queue
[2025-04-21T13:43:45.449+0000] {logging_mixin.py:188} INFO - [2025-04-21T13:43:45.449+0000] {dagbag.py:538} INFO - Filling up the DagBag from /opt/airflow/dags/scripts/train_model.py
[2025-04-21T13:43:46.330+0000] {logging_mixin.py:188} INFO - ✅ Model trained and saved as iris_model.pkl
[2025-04-21T13:43:46.330+0000] {processor.py:842} WARNING - No viable dags retrieved from /opt/airflow/dags/scripts/train_model.py
[2025-04-21T13:43:46.346+0000] {processor.py:183} INFO - Processing /opt/airflow/dags/scripts/train_model.py took 0.906 seconds
[2025-04-21T13:44:16.836+0000] {processor.py:161} INFO - Started process (PID=209) to work on /opt/airflow/dags/scripts/train_model.py
[2025-04-21T13:44:16.838+0000] {processor.py:830} INFO - Processing file /opt/airflow/dags/scripts/train_model.py for tasks to queue
[2025-04-21T13:44:16.840+0000] {logging_mixin.py:188} INFO - [2025-04-21T13:44:16.840+0000] {dagbag.py:538} INFO - Filling up the DagBag from /opt/airflow/dags/scripts/train_model.py
[2025-04-21T13:44:17.710+0000] {logging_mixin.py:188} INFO - ✅ Model trained and saved as iris_model.pkl
[2025-04-21T13:44:17.711+0000] {processor.py:842} WARNING - No viable dags retrieved from /opt/airflow/dags/scripts/train_model.py
[2025-04-21T13:44:17.729+0000] {processor.py:183} INFO - Processing /opt/airflow/dags/scripts/train_model.py took 0.899 seconds
[2025-04-21T13:44:48.227+0000] {processor.py:161} INFO - Started process (PID=232) to work on /opt/airflow/dags/scripts/train_model.py
[2025-04-21T13:44:48.231+0000] {processor.py:830} INFO - Processing file /opt/airflow/dags/scripts/train_model.py for tasks to queue
[2025-04-21T13:44:48.234+0000] {logging_mixin.py:188} INFO - [2025-04-21T13:44:48.232+0000] {dagbag.py:538} INFO - Filling up the DagBag from /opt/airflow/dags/scripts/train_model.py
[2025-04-21T13:44:49.041+0000] {logging_mixin.py:188} INFO - ✅ Model trained and saved as iris_model.pkl
[2025-04-21T13:44:49.042+0000] {processor.py:842} WARNING - No viable dags retrieved from /opt/airflow/dags/scripts/train_model.py
[2025-04-21T13:44:49.057+0000] {processor.py:183} INFO - Processing /opt/airflow/dags/scripts/train_model.py took 0.840 seconds
[2025-04-21T13:45:19.544+0000] {processor.py:161} INFO - Started process (PID=255) to work on /opt/airflow/dags/scripts/train_model.py
[2025-04-21T13:45:19.546+0000] {processor.py:830} INFO - Processing file /opt/airflow/dags/scripts/train_model.py for tasks to queue
[2025-04-21T13:45:19.549+0000] {logging_mixin.py:188} INFO - [2025-04-21T13:45:19.548+0000] {dagbag.py:538} INFO - Filling up the DagBag from /opt/airflow/dags/scripts/train_model.py
[2025-04-21T13:45:20.385+0000] {logging_mixin.py:188} INFO - ✅ Model trained and saved as iris_model.pkl
[2025-04-21T13:45:20.386+0000] {processor.py:842} WARNING - No viable dags retrieved from /opt/airflow/dags/scripts/train_model.py
[2025-04-21T13:45:20.402+0000] {processor.py:183} INFO - Processing /opt/airflow/dags/scripts/train_model.py took 0.866 seconds
[2025-04-21T13:45:50.875+0000] {processor.py:161} INFO - Started process (PID=278) to work on /opt/airflow/dags/scripts/train_model.py
[2025-04-21T13:45:50.878+0000] {processor.py:830} INFO - Processing file /opt/airflow/dags/scripts/train_model.py for tasks to queue
[2025-04-21T13:45:50.880+0000] {logging_mixin.py:188} INFO - [2025-04-21T13:45:50.879+0000] {dagbag.py:538} INFO - Filling up the DagBag from /opt/airflow/dags/scripts/train_model.py
[2025-04-21T13:45:51.820+0000] {logging_mixin.py:188} INFO - ✅ Model trained and saved as iris_model.pkl
[2025-04-21T13:45:51.821+0000] {processor.py:842} WARNING - No viable dags retrieved from /opt/airflow/dags/scripts/train_model.py
[2025-04-21T13:45:51.837+0000] {processor.py:183} INFO - Processing /opt/airflow/dags/scripts/train_model.py took 0.971 seconds
[2025-04-21T13:46:22.284+0000] {processor.py:161} INFO - Started process (PID=301) to work on /opt/airflow/dags/scripts/train_model.py
[2025-04-21T13:46:22.287+0000] {processor.py:830} INFO - Processing file /opt/airflow/dags/scripts/train_model.py for tasks to queue
[2025-04-21T13:46:22.289+0000] {logging_mixin.py:188} INFO - [2025-04-21T13:46:22.288+0000] {dagbag.py:538} INFO - Filling up the DagBag from /opt/airflow/dags/scripts/train_model.py
[2025-04-21T13:46:23.174+0000] {logging_mixin.py:188} INFO - ✅ Model trained and saved as iris_model.pkl
[2025-04-21T13:46:23.175+0000] {processor.py:842} WARNING - No viable dags retrieved from /opt/airflow/dags/scripts/train_model.py
[2025-04-21T13:46:23.190+0000] {processor.py:183} INFO - Processing /opt/airflow/dags/scripts/train_model.py took 0.918 seconds
[2025-04-21T13:46:53.674+0000] {processor.py:161} INFO - Started process (PID=324) to work on /opt/airflow/dags/scripts/train_model.py
[2025-04-21T13:46:53.676+0000] {processor.py:830} INFO - Processing file /opt/airflow/dags/scripts/train_model.py for tasks to queue
[2025-04-21T13:46:53.678+0000] {logging_mixin.py:188} INFO - [2025-04-21T13:46:53.677+0000] {dagbag.py:538} INFO - Filling up the DagBag from /opt/airflow/dags/scripts/train_model.py
[2025-04-21T13:46:54.515+0000] {logging_mixin.py:188} INFO - ✅ Model trained and saved as iris_model.pkl
[2025-04-21T13:46:54.516+0000] {processor.py:842} WARNING - No viable dags retrieved from /opt/airflow/dags/scripts/train_model.py
[2025-04-21T13:46:54.538+0000] {processor.py:183} INFO - Processing /opt/airflow/dags/scripts/train_model.py took 0.876 seconds
[2025-04-21T13:47:25.051+0000] {processor.py:161} INFO - Started process (PID=347) to work on /opt/airflow/dags/scripts/train_model.py
[2025-04-21T13:47:25.054+0000] {processor.py:830} INFO - Processing file /opt/airflow/dags/scripts/train_model.py for tasks to queue
[2025-04-21T13:47:25.055+0000] {logging_mixin.py:188} INFO - [2025-04-21T13:47:25.055+0000] {dagbag.py:538} INFO - Filling up the DagBag from /opt/airflow/dags/scripts/train_model.py
[2025-04-21T13:47:25.895+0000] {logging_mixin.py:188} INFO - ✅ Model trained and saved as iris_model.pkl
[2025-04-21T13:47:25.896+0000] {processor.py:842} WARNING - No viable dags retrieved from /opt/airflow/dags/scripts/train_model.py
[2025-04-21T13:47:25.914+0000] {processor.py:183} INFO - Processing /opt/airflow/dags/scripts/train_model.py took 0.873 seconds
[2025-04-21T13:47:56.403+0000] {processor.py:161} INFO - Started process (PID=370) to work on /opt/airflow/dags/scripts/train_model.py
[2025-04-21T13:47:56.405+0000] {processor.py:830} INFO - Processing file /opt/airflow/dags/scripts/train_model.py for tasks to queue
[2025-04-21T13:47:56.407+0000] {logging_mixin.py:188} INFO - [2025-04-21T13:47:56.406+0000] {dagbag.py:538} INFO - Filling up the DagBag from /opt/airflow/dags/scripts/train_model.py
[2025-04-21T13:47:57.290+0000] {logging_mixin.py:188} INFO - ✅ Model trained and saved as iris_model.pkl
[2025-04-21T13:47:57.291+0000] {processor.py:842} WARNING - No viable dags retrieved from /opt/airflow/dags/scripts/train_model.py
[2025-04-21T13:47:57.306+0000] {processor.py:183} INFO - Processing /opt/airflow/dags/scripts/train_model.py took 0.914 seconds
[2025-04-21T13:48:27.866+0000] {processor.py:161} INFO - Started process (PID=393) to work on /opt/airflow/dags/scripts/train_model.py
[2025-04-21T13:48:27.868+0000] {processor.py:830} INFO - Processing file /opt/airflow/dags/scripts/train_model.py for tasks to queue
[2025-04-21T13:48:27.872+0000] {logging_mixin.py:188} INFO - [2025-04-21T13:48:27.870+0000] {dagbag.py:538} INFO - Filling up the DagBag from /opt/airflow/dags/scripts/train_model.py
[2025-04-21T13:48:28.739+0000] {logging_mixin.py:188} INFO - ✅ Model trained and saved as iris_model.pkl
[2025-04-21T13:48:28.740+0000] {processor.py:842} WARNING - No viable dags retrieved from /opt/airflow/dags/scripts/train_model.py
[2025-04-21T13:48:28.756+0000] {processor.py:183} INFO - Processing /opt/airflow/dags/scripts/train_model.py took 0.899 seconds
[2025-04-21T13:48:59.286+0000] {processor.py:161} INFO - Started process (PID=416) to work on /opt/airflow/dags/scripts/train_model.py
[2025-04-21T13:48:59.290+0000] {processor.py:830} INFO - Processing file /opt/airflow/dags/scripts/train_model.py for tasks to queue
[2025-04-21T13:48:59.292+0000] {logging_mixin.py:188} INFO - [2025-04-21T13:48:59.291+0000] {dagbag.py:538} INFO - Filling up the DagBag from /opt/airflow/dags/scripts/train_model.py
[2025-04-21T13:49:00.170+0000] {logging_mixin.py:188} INFO - ✅ Model trained and saved as iris_model.pkl
[2025-04-21T13:49:00.171+0000] {processor.py:842} WARNING - No viable dags retrieved from /opt/airflow/dags/scripts/train_model.py
[2025-04-21T13:49:00.190+0000] {processor.py:183} INFO - Processing /opt/airflow/dags/scripts/train_model.py took 0.915 seconds
[2025-04-21T13:49:30.637+0000] {processor.py:161} INFO - Started process (PID=439) to work on /opt/airflow/dags/scripts/train_model.py
[2025-04-21T13:49:30.639+0000] {processor.py:830} INFO - Processing file /opt/airflow/dags/scripts/train_model.py for tasks to queue
[2025-04-21T13:49:30.642+0000] {logging_mixin.py:188} INFO - [2025-04-21T13:49:30.641+0000] {dagbag.py:538} INFO - Filling up the DagBag from /opt/airflow/dags/scripts/train_model.py
[2025-04-21T13:49:31.487+0000] {logging_mixin.py:188} INFO - ✅ Model trained and saved as iris_model.pkl
[2025-04-21T13:49:31.488+0000] {processor.py:842} WARNING - No viable dags retrieved from /opt/airflow/dags/scripts/train_model.py
[2025-04-21T13:49:31.507+0000] {processor.py:183} INFO - Processing /opt/airflow/dags/scripts/train_model.py took 0.885 seconds
[2025-04-21T13:50:01.984+0000] {processor.py:161} INFO - Started process (PID=462) to work on /opt/airflow/dags/scripts/train_model.py
[2025-04-21T13:50:01.987+0000] {processor.py:830} INFO - Processing file /opt/airflow/dags/scripts/train_model.py for tasks to queue
[2025-04-21T13:50:01.989+0000] {logging_mixin.py:188} INFO - [2025-04-21T13:50:01.988+0000] {dagbag.py:538} INFO - Filling up the DagBag from /opt/airflow/dags/scripts/train_model.py
[2025-04-21T13:50:02.853+0000] {logging_mixin.py:188} INFO - ✅ Model trained and saved as iris_model.pkl
[2025-04-21T13:50:02.854+0000] {processor.py:842} WARNING - No viable dags retrieved from /opt/airflow/dags/scripts/train_model.py
[2025-04-21T13:50:02.870+0000] {processor.py:183} INFO - Processing /opt/airflow/dags/scripts/train_model.py took 0.904 seconds
[2025-04-21T13:50:33.311+0000] {processor.py:161} INFO - Started process (PID=485) to work on /opt/airflow/dags/scripts/train_model.py
[2025-04-21T13:50:33.314+0000] {processor.py:830} INFO - Processing file /opt/airflow/dags/scripts/train_model.py for tasks to queue
[2025-04-21T13:50:33.316+0000] {logging_mixin.py:188} INFO - [2025-04-21T13:50:33.315+0000] {dagbag.py:538} INFO - Filling up the DagBag from /opt/airflow/dags/scripts/train_model.py
[2025-04-21T13:50:34.053+0000] {logging_mixin.py:188} INFO - ✅ Model trained and saved as iris_model.pkl
[2025-04-21T13:50:34.054+0000] {processor.py:842} WARNING - No viable dags retrieved from /opt/airflow/dags/scripts/train_model.py
[2025-04-21T13:50:34.076+0000] {processor.py:183} INFO - Processing /opt/airflow/dags/scripts/train_model.py took 0.775 seconds
[2025-04-21T13:51:04.515+0000] {processor.py:161} INFO - Started process (PID=508) to work on /opt/airflow/dags/scripts/train_model.py
[2025-04-21T13:51:04.519+0000] {processor.py:830} INFO - Processing file /opt/airflow/dags/scripts/train_model.py for tasks to queue
[2025-04-21T13:51:04.521+0000] {logging_mixin.py:188} INFO - [2025-04-21T13:51:04.520+0000] {dagbag.py:538} INFO - Filling up the DagBag from /opt/airflow/dags/scripts/train_model.py
[2025-04-21T13:51:05.385+0000] {logging_mixin.py:188} INFO - ✅ Model trained and saved as iris_model.pkl
[2025-04-21T13:51:05.386+0000] {processor.py:842} WARNING - No viable dags retrieved from /opt/airflow/dags/scripts/train_model.py
[2025-04-21T13:51:05.404+0000] {processor.py:183} INFO - Processing /opt/airflow/dags/scripts/train_model.py took 0.900 seconds
[2025-04-21T13:51:35.807+0000] {processor.py:161} INFO - Started process (PID=531) to work on /opt/airflow/dags/scripts/train_model.py
[2025-04-21T13:51:35.813+0000] {processor.py:830} INFO - Processing file /opt/airflow/dags/scripts/train_model.py for tasks to queue
[2025-04-21T13:51:35.815+0000] {logging_mixin.py:188} INFO - [2025-04-21T13:51:35.815+0000] {dagbag.py:538} INFO - Filling up the DagBag from /opt/airflow/dags/scripts/train_model.py
[2025-04-21T13:51:36.679+0000] {logging_mixin.py:188} INFO - ✅ Model trained and saved as iris_model.pkl
[2025-04-21T13:51:36.680+0000] {processor.py:842} WARNING - No viable dags retrieved from /opt/airflow/dags/scripts/train_model.py
[2025-04-21T13:51:36.696+0000] {processor.py:183} INFO - Processing /opt/airflow/dags/scripts/train_model.py took 0.899 seconds
[2025-04-21T13:52:07.136+0000] {processor.py:161} INFO - Started process (PID=554) to work on /opt/airflow/dags/scripts/train_model.py
[2025-04-21T13:52:07.139+0000] {processor.py:830} INFO - Processing file /opt/airflow/dags/scripts/train_model.py for tasks to queue
[2025-04-21T13:52:07.141+0000] {logging_mixin.py:188} INFO - [2025-04-21T13:52:07.140+0000] {dagbag.py:538} INFO - Filling up the DagBag from /opt/airflow/dags/scripts/train_model.py
[2025-04-21T13:52:08.026+0000] {logging_mixin.py:188} INFO - ✅ Model trained and saved as iris_model.pkl
[2025-04-21T13:52:08.027+0000] {processor.py:842} WARNING - No viable dags retrieved from /opt/airflow/dags/scripts/train_model.py
[2025-04-21T13:52:08.048+0000] {processor.py:183} INFO - Processing /opt/airflow/dags/scripts/train_model.py took 0.925 seconds
[2025-04-21T13:52:38.559+0000] {processor.py:161} INFO - Started process (PID=577) to work on /opt/airflow/dags/scripts/train_model.py
[2025-04-21T13:52:38.563+0000] {processor.py:830} INFO - Processing file /opt/airflow/dags/scripts/train_model.py for tasks to queue
[2025-04-21T13:52:38.566+0000] {logging_mixin.py:188} INFO - [2025-04-21T13:52:38.565+0000] {dagbag.py:538} INFO - Filling up the DagBag from /opt/airflow/dags/scripts/train_model.py
[2025-04-21T13:52:39.476+0000] {logging_mixin.py:188} INFO - ✅ Model trained and saved as iris_model.pkl
[2025-04-21T13:52:39.477+0000] {processor.py:842} WARNING - No viable dags retrieved from /opt/airflow/dags/scripts/train_model.py
[2025-04-21T13:52:39.492+0000] {processor.py:183} INFO - Processing /opt/airflow/dags/scripts/train_model.py took 0.949 seconds
[2025-04-21T13:53:09.964+0000] {processor.py:161} INFO - Started process (PID=600) to work on /opt/airflow/dags/scripts/train_model.py
[2025-04-21T13:53:09.966+0000] {processor.py:830} INFO - Processing file /opt/airflow/dags/scripts/train_model.py for tasks to queue
[2025-04-21T13:53:09.968+0000] {logging_mixin.py:188} INFO - [2025-04-21T13:53:09.968+0000] {dagbag.py:538} INFO - Filling up the DagBag from /opt/airflow/dags/scripts/train_model.py
[2025-04-21T13:53:10.841+0000] {logging_mixin.py:188} INFO - ✅ Model trained and saved as iris_model.pkl
[2025-04-21T13:53:10.841+0000] {processor.py:842} WARNING - No viable dags retrieved from /opt/airflow/dags/scripts/train_model.py
[2025-04-21T13:53:10.857+0000] {processor.py:183} INFO - Processing /opt/airflow/dags/scripts/train_model.py took 0.905 seconds
[2025-04-21T13:53:41.363+0000] {processor.py:161} INFO - Started process (PID=623) to work on /opt/airflow/dags/scripts/train_model.py
[2025-04-21T13:53:41.367+0000] {processor.py:830} INFO - Processing file /opt/airflow/dags/scripts/train_model.py for tasks to queue
[2025-04-21T13:53:41.372+0000] {logging_mixin.py:188} INFO - [2025-04-21T13:53:41.369+0000] {dagbag.py:538} INFO - Filling up the DagBag from /opt/airflow/dags/scripts/train_model.py
[2025-04-21T13:53:42.283+0000] {logging_mixin.py:188} INFO - ✅ Model trained and saved as iris_model.pkl
[2025-04-21T13:53:42.284+0000] {processor.py:842} WARNING - No viable dags retrieved from /opt/airflow/dags/scripts/train_model.py
[2025-04-21T13:53:42.311+0000] {processor.py:183} INFO - Processing /opt/airflow/dags/scripts/train_model.py took 0.965 seconds
[2025-04-21T13:54:12.797+0000] {processor.py:161} INFO - Started process (PID=646) to work on /opt/airflow/dags/scripts/train_model.py
[2025-04-21T13:54:12.801+0000] {processor.py:830} INFO - Processing file /opt/airflow/dags/scripts/train_model.py for tasks to queue
[2025-04-21T13:54:12.803+0000] {logging_mixin.py:188} INFO - [2025-04-21T13:54:12.802+0000] {dagbag.py:538} INFO - Filling up the DagBag from /opt/airflow/dags/scripts/train_model.py
[2025-04-21T13:54:13.653+0000] {logging_mixin.py:188} INFO - ✅ Model trained and saved as iris_model.pkl
[2025-04-21T13:54:13.654+0000] {processor.py:842} WARNING - No viable dags retrieved from /opt/airflow/dags/scripts/train_model.py
[2025-04-21T13:54:13.672+0000] {processor.py:183} INFO - Processing /opt/airflow/dags/scripts/train_model.py took 0.883 seconds
[2025-04-21T13:54:44.115+0000] {processor.py:161} INFO - Started process (PID=669) to work on /opt/airflow/dags/scripts/train_model.py
[2025-04-21T13:54:44.118+0000] {processor.py:830} INFO - Processing file /opt/airflow/dags/scripts/train_model.py for tasks to queue
[2025-04-21T13:54:44.120+0000] {logging_mixin.py:188} INFO - [2025-04-21T13:54:44.119+0000] {dagbag.py:538} INFO - Filling up the DagBag from /opt/airflow/dags/scripts/train_model.py
[2025-04-21T13:54:44.985+0000] {logging_mixin.py:188} INFO - ✅ Model trained and saved as iris_model.pkl
[2025-04-21T13:54:44.986+0000] {processor.py:842} WARNING - No viable dags retrieved from /opt/airflow/dags/scripts/train_model.py
[2025-04-21T13:54:45.007+0000] {processor.py:183} INFO - Processing /opt/airflow/dags/scripts/train_model.py took 0.903 seconds
[2025-04-21T13:55:15.492+0000] {processor.py:161} INFO - Started process (PID=692) to work on /opt/airflow/dags/scripts/train_model.py
[2025-04-21T13:55:15.499+0000] {processor.py:830} INFO - Processing file /opt/airflow/dags/scripts/train_model.py for tasks to queue
[2025-04-21T13:55:15.501+0000] {logging_mixin.py:188} INFO - [2025-04-21T13:55:15.501+0000] {dagbag.py:538} INFO - Filling up the DagBag from /opt/airflow/dags/scripts/train_model.py
[2025-04-21T13:55:16.461+0000] {logging_mixin.py:188} INFO - ✅ Model trained and saved as iris_model.pkl
[2025-04-21T13:55:16.462+0000] {processor.py:842} WARNING - No viable dags retrieved from /opt/airflow/dags/scripts/train_model.py
[2025-04-21T13:55:16.491+0000] {processor.py:183} INFO - Processing /opt/airflow/dags/scripts/train_model.py took 1.010 seconds
[2025-04-21T13:55:46.944+0000] {processor.py:161} INFO - Started process (PID=715) to work on /opt/airflow/dags/scripts/train_model.py
[2025-04-21T13:55:46.946+0000] {processor.py:830} INFO - Processing file /opt/airflow/dags/scripts/train_model.py for tasks to queue
[2025-04-21T13:55:46.947+0000] {logging_mixin.py:188} INFO - [2025-04-21T13:55:46.947+0000] {dagbag.py:538} INFO - Filling up the DagBag from /opt/airflow/dags/scripts/train_model.py
[2025-04-21T13:55:47.813+0000] {logging_mixin.py:188} INFO - ✅ Model trained and saved as iris_model.pkl
[2025-04-21T13:55:47.814+0000] {processor.py:842} WARNING - No viable dags retrieved from /opt/airflow/dags/scripts/train_model.py
[2025-04-21T13:55:47.838+0000] {processor.py:183} INFO - Processing /opt/airflow/dags/scripts/train_model.py took 0.902 seconds
[2025-04-21T13:56:18.285+0000] {processor.py:161} INFO - Started process (PID=738) to work on /opt/airflow/dags/scripts/train_model.py
[2025-04-21T13:56:18.288+0000] {processor.py:830} INFO - Processing file /opt/airflow/dags/scripts/train_model.py for tasks to queue
[2025-04-21T13:56:18.289+0000] {logging_mixin.py:188} INFO - [2025-04-21T13:56:18.289+0000] {dagbag.py:538} INFO - Filling up the DagBag from /opt/airflow/dags/scripts/train_model.py
[2025-04-21T13:56:19.158+0000] {logging_mixin.py:188} INFO - ✅ Model trained and saved as iris_model.pkl
[2025-04-21T13:56:19.159+0000] {processor.py:842} WARNING - No viable dags retrieved from /opt/airflow/dags/scripts/train_model.py
[2025-04-21T13:56:19.185+0000] {processor.py:183} INFO - Processing /opt/airflow/dags/scripts/train_model.py took 0.909 seconds
[2025-04-21T13:56:49.629+0000] {processor.py:161} INFO - Started process (PID=761) to work on /opt/airflow/dags/scripts/train_model.py
[2025-04-21T13:56:49.632+0000] {processor.py:830} INFO - Processing file /opt/airflow/dags/scripts/train_model.py for tasks to queue
[2025-04-21T13:56:49.634+0000] {logging_mixin.py:188} INFO - [2025-04-21T13:56:49.633+0000] {dagbag.py:538} INFO - Filling up the DagBag from /opt/airflow/dags/scripts/train_model.py
[2025-04-21T13:56:50.496+0000] {logging_mixin.py:188} INFO - ✅ Model trained and saved as iris_model.pkl
[2025-04-21T13:56:50.498+0000] {processor.py:842} WARNING - No viable dags retrieved from /opt/airflow/dags/scripts/train_model.py
[2025-04-21T13:56:50.517+0000] {processor.py:183} INFO - Processing /opt/airflow/dags/scripts/train_model.py took 0.896 seconds
[2025-04-21T13:57:21.006+0000] {processor.py:161} INFO - Started process (PID=784) to work on /opt/airflow/dags/scripts/train_model.py
[2025-04-21T13:57:21.009+0000] {processor.py:830} INFO - Processing file /opt/airflow/dags/scripts/train_model.py for tasks to queue
[2025-04-21T13:57:21.011+0000] {logging_mixin.py:188} INFO - [2025-04-21T13:57:21.010+0000] {dagbag.py:538} INFO - Filling up the DagBag from /opt/airflow/dags/scripts/train_model.py
[2025-04-21T13:57:21.926+0000] {logging_mixin.py:188} INFO - ✅ Model trained and saved as iris_model.pkl
[2025-04-21T13:57:21.931+0000] {processor.py:842} WARNING - No viable dags retrieved from /opt/airflow/dags/scripts/train_model.py
[2025-04-21T13:57:21.947+0000] {processor.py:183} INFO - Processing /opt/airflow/dags/scripts/train_model.py took 0.951 seconds
[2025-04-21T13:57:52.468+0000] {processor.py:161} INFO - Started process (PID=807) to work on /opt/airflow/dags/scripts/train_model.py
[2025-04-21T13:57:52.471+0000] {processor.py:830} INFO - Processing file /opt/airflow/dags/scripts/train_model.py for tasks to queue
[2025-04-21T13:57:52.473+0000] {logging_mixin.py:188} INFO - [2025-04-21T13:57:52.472+0000] {dagbag.py:538} INFO - Filling up the DagBag from /opt/airflow/dags/scripts/train_model.py
[2025-04-21T13:57:53.306+0000] {logging_mixin.py:188} INFO - ✅ Model trained and saved as iris_model.pkl
[2025-04-21T13:57:53.307+0000] {processor.py:842} WARNING - No viable dags retrieved from /opt/airflow/dags/scripts/train_model.py
[2025-04-21T13:57:53.328+0000] {processor.py:183} INFO - Processing /opt/airflow/dags/scripts/train_model.py took 0.870 seconds
[2025-04-21T13:58:23.845+0000] {processor.py:161} INFO - Started process (PID=830) to work on /opt/airflow/dags/scripts/train_model.py
[2025-04-21T13:58:23.847+0000] {processor.py:830} INFO - Processing file /opt/airflow/dags/scripts/train_model.py for tasks to queue
[2025-04-21T13:58:23.849+0000] {logging_mixin.py:188} INFO - [2025-04-21T13:58:23.848+0000] {dagbag.py:538} INFO - Filling up the DagBag from /opt/airflow/dags/scripts/train_model.py
[2025-04-21T13:58:24.742+0000] {logging_mixin.py:188} INFO - ✅ Model trained and saved as iris_model.pkl
[2025-04-21T13:58:24.742+0000] {processor.py:842} WARNING - No viable dags retrieved from /opt/airflow/dags/scripts/train_model.py
[2025-04-21T13:58:24.758+0000] {processor.py:183} INFO - Processing /opt/airflow/dags/scripts/train_model.py took 0.922 seconds
[2025-04-21T13:58:55.207+0000] {processor.py:161} INFO - Started process (PID=853) to work on /opt/airflow/dags/scripts/train_model.py
[2025-04-21T13:58:55.209+0000] {processor.py:830} INFO - Processing file /opt/airflow/dags/scripts/train_model.py for tasks to queue
[2025-04-21T13:58:55.211+0000] {logging_mixin.py:188} INFO - [2025-04-21T13:58:55.210+0000] {dagbag.py:538} INFO - Filling up the DagBag from /opt/airflow/dags/scripts/train_model.py
[2025-04-21T13:58:56.058+0000] {logging_mixin.py:188} INFO - ✅ Model trained and saved as iris_model.pkl
[2025-04-21T13:58:56.058+0000] {processor.py:842} WARNING - No viable dags retrieved from /opt/airflow/dags/scripts/train_model.py
[2025-04-21T13:58:56.075+0000] {processor.py:183} INFO - Processing /opt/airflow/dags/scripts/train_model.py took 0.881 seconds
[2025-04-21T13:59:26.518+0000] {processor.py:161} INFO - Started process (PID=876) to work on /opt/airflow/dags/scripts/train_model.py
[2025-04-21T13:59:26.521+0000] {processor.py:830} INFO - Processing file /opt/airflow/dags/scripts/train_model.py for tasks to queue
[2025-04-21T13:59:26.523+0000] {logging_mixin.py:188} INFO - [2025-04-21T13:59:26.522+0000] {dagbag.py:538} INFO - Filling up the DagBag from /opt/airflow/dags/scripts/train_model.py
[2025-04-21T13:59:27.490+0000] {logging_mixin.py:188} INFO - ✅ Model trained and saved as iris_model.pkl
[2025-04-21T13:59:27.493+0000] {processor.py:842} WARNING - No viable dags retrieved from /opt/airflow/dags/scripts/train_model.py
[2025-04-21T13:59:27.531+0000] {processor.py:183} INFO - Processing /opt/airflow/dags/scripts/train_model.py took 1.028 seconds
[2025-04-21T13:59:57.957+0000] {processor.py:161} INFO - Started process (PID=899) to work on /opt/airflow/dags/scripts/train_model.py
[2025-04-21T13:59:57.961+0000] {processor.py:830} INFO - Processing file /opt/airflow/dags/scripts/train_model.py for tasks to queue
[2025-04-21T13:59:57.964+0000] {logging_mixin.py:188} INFO - [2025-04-21T13:59:57.963+0000] {dagbag.py:538} INFO - Filling up the DagBag from /opt/airflow/dags/scripts/train_model.py
[2025-04-21T13:59:58.914+0000] {logging_mixin.py:188} INFO - ✅ Model trained and saved as iris_model.pkl
[2025-04-21T13:59:58.915+0000] {processor.py:842} WARNING - No viable dags retrieved from /opt/airflow/dags/scripts/train_model.py
[2025-04-21T13:59:58.934+0000] {processor.py:183} INFO - Processing /opt/airflow/dags/scripts/train_model.py took 0.994 seconds
[2025-04-21T14:00:29.412+0000] {processor.py:161} INFO - Started process (PID=922) to work on /opt/airflow/dags/scripts/train_model.py
[2025-04-21T14:00:29.414+0000] {processor.py:830} INFO - Processing file /opt/airflow/dags/scripts/train_model.py for tasks to queue
[2025-04-21T14:00:29.416+0000] {logging_mixin.py:188} INFO - [2025-04-21T14:00:29.416+0000] {dagbag.py:538} INFO - Filling up the DagBag from /opt/airflow/dags/scripts/train_model.py
[2025-04-21T14:00:30.287+0000] {logging_mixin.py:188} INFO - ✅ Model trained and saved as iris_model.pkl
[2025-04-21T14:00:30.288+0000] {processor.py:842} WARNING - No viable dags retrieved from /opt/airflow/dags/scripts/train_model.py
[2025-04-21T14:00:30.304+0000] {processor.py:183} INFO - Processing /opt/airflow/dags/scripts/train_model.py took 0.902 seconds
[2025-04-21T14:01:00.810+0000] {processor.py:161} INFO - Started process (PID=945) to work on /opt/airflow/dags/scripts/train_model.py
[2025-04-21T14:01:00.812+0000] {processor.py:830} INFO - Processing file /opt/airflow/dags/scripts/train_model.py for tasks to queue
[2025-04-21T14:01:00.814+0000] {logging_mixin.py:188} INFO - [2025-04-21T14:01:00.813+0000] {dagbag.py:538} INFO - Filling up the DagBag from /opt/airflow/dags/scripts/train_model.py
[2025-04-21T14:01:01.669+0000] {logging_mixin.py:188} INFO - ✅ Model trained and saved as iris_model.pkl
[2025-04-21T14:01:01.670+0000] {processor.py:842} WARNING - No viable dags retrieved from /opt/airflow/dags/scripts/train_model.py
[2025-04-21T14:01:01.687+0000] {processor.py:183} INFO - Processing /opt/airflow/dags/scripts/train_model.py took 0.889 seconds
[2025-04-21T14:01:32.188+0000] {processor.py:161} INFO - Started process (PID=968) to work on /opt/airflow/dags/scripts/train_model.py
[2025-04-21T14:01:32.191+0000] {processor.py:830} INFO - Processing file /opt/airflow/dags/scripts/train_model.py for tasks to queue
[2025-04-21T14:01:32.193+0000] {logging_mixin.py:188} INFO - [2025-04-21T14:01:32.192+0000] {dagbag.py:538} INFO - Filling up the DagBag from /opt/airflow/dags/scripts/train_model.py
[2025-04-21T14:01:33.034+0000] {logging_mixin.py:188} INFO - ✅ Model trained and saved as iris_model.pkl
[2025-04-21T14:01:33.035+0000] {processor.py:842} WARNING - No viable dags retrieved from /opt/airflow/dags/scripts/train_model.py
[2025-04-21T14:01:33.051+0000] {processor.py:183} INFO - Processing /opt/airflow/dags/scripts/train_model.py took 0.873 seconds
[2025-04-21T14:02:03.542+0000] {processor.py:161} INFO - Started process (PID=991) to work on /opt/airflow/dags/scripts/train_model.py
[2025-04-21T14:02:03.546+0000] {processor.py:830} INFO - Processing file /opt/airflow/dags/scripts/train_model.py for tasks to queue
[2025-04-21T14:02:03.549+0000] {logging_mixin.py:188} INFO - [2025-04-21T14:02:03.548+0000] {dagbag.py:538} INFO - Filling up the DagBag from /opt/airflow/dags/scripts/train_model.py
[2025-04-21T14:02:04.438+0000] {logging_mixin.py:188} INFO - ✅ Model trained and saved as iris_model.pkl
[2025-04-21T14:02:04.439+0000] {processor.py:842} WARNING - No viable dags retrieved from /opt/airflow/dags/scripts/train_model.py
[2025-04-21T14:02:04.462+0000] {processor.py:183} INFO - Processing /opt/airflow/dags/scripts/train_model.py took 0.931 seconds
[2025-04-21T14:02:34.976+0000] {processor.py:161} INFO - Started process (PID=1014) to work on /opt/airflow/dags/scripts/train_model.py
[2025-04-21T14:02:34.981+0000] {processor.py:830} INFO - Processing file /opt/airflow/dags/scripts/train_model.py for tasks to queue
[2025-04-21T14:02:34.984+0000] {logging_mixin.py:188} INFO - [2025-04-21T14:02:34.983+0000] {dagbag.py:538} INFO - Filling up the DagBag from /opt/airflow/dags/scripts/train_model.py
[2025-04-21T14:02:35.866+0000] {logging_mixin.py:188} INFO - ✅ Model trained and saved as iris_model.pkl
[2025-04-21T14:02:35.868+0000] {processor.py:842} WARNING - No viable dags retrieved from /opt/airflow/dags/scripts/train_model.py
[2025-04-21T14:02:35.889+0000] {processor.py:183} INFO - Processing /opt/airflow/dags/scripts/train_model.py took 0.925 seconds
[2025-04-21T14:03:06.363+0000] {processor.py:161} INFO - Started process (PID=1037) to work on /opt/airflow/dags/scripts/train_model.py
[2025-04-21T14:03:06.365+0000] {processor.py:830} INFO - Processing file /opt/airflow/dags/scripts/train_model.py for tasks to queue
[2025-04-21T14:03:06.367+0000] {logging_mixin.py:188} INFO - [2025-04-21T14:03:06.367+0000] {dagbag.py:538} INFO - Filling up the DagBag from /opt/airflow/dags/scripts/train_model.py
[2025-04-21T14:03:07.208+0000] {logging_mixin.py:188} INFO - ✅ Model trained and saved as iris_model.pkl
[2025-04-21T14:03:07.209+0000] {processor.py:842} WARNING - No viable dags retrieved from /opt/airflow/dags/scripts/train_model.py
[2025-04-21T14:03:07.228+0000] {processor.py:183} INFO - Processing /opt/airflow/dags/scripts/train_model.py took 0.874 seconds
[2025-04-21T14:03:37.749+0000] {processor.py:161} INFO - Started process (PID=1060) to work on /opt/airflow/dags/scripts/train_model.py
[2025-04-21T14:03:37.751+0000] {processor.py:830} INFO - Processing file /opt/airflow/dags/scripts/train_model.py for tasks to queue
[2025-04-21T14:03:37.753+0000] {logging_mixin.py:188} INFO - [2025-04-21T14:03:37.753+0000] {dagbag.py:538} INFO - Filling up the DagBag from /opt/airflow/dags/scripts/train_model.py
[2025-04-21T14:03:38.601+0000] {logging_mixin.py:188} INFO - ✅ Model trained and saved as iris_model.pkl
[2025-04-21T14:03:38.602+0000] {processor.py:842} WARNING - No viable dags retrieved from /opt/airflow/dags/scripts/train_model.py
[2025-04-21T14:03:38.620+0000] {processor.py:183} INFO - Processing /opt/airflow/dags/scripts/train_model.py took 0.882 seconds
[2025-04-21T14:04:09.131+0000] {processor.py:161} INFO - Started process (PID=1083) to work on /opt/airflow/dags/scripts/train_model.py
[2025-04-21T14:04:09.134+0000] {processor.py:830} INFO - Processing file /opt/airflow/dags/scripts/train_model.py for tasks to queue
[2025-04-21T14:04:09.137+0000] {logging_mixin.py:188} INFO - [2025-04-21T14:04:09.136+0000] {dagbag.py:538} INFO - Filling up the DagBag from /opt/airflow/dags/scripts/train_model.py
[2025-04-21T14:04:09.957+0000] {logging_mixin.py:188} INFO - ✅ Model trained and saved as iris_model.pkl
[2025-04-21T14:04:09.958+0000] {processor.py:842} WARNING - No viable dags retrieved from /opt/airflow/dags/scripts/train_model.py
[2025-04-21T14:04:09.975+0000] {processor.py:183} INFO - Processing /opt/airflow/dags/scripts/train_model.py took 0.857 seconds
[2025-04-21T14:04:40.479+0000] {processor.py:161} INFO - Started process (PID=1106) to work on /opt/airflow/dags/scripts/train_model.py
[2025-04-21T14:04:40.482+0000] {processor.py:830} INFO - Processing file /opt/airflow/dags/scripts/train_model.py for tasks to queue
[2025-04-21T14:04:40.485+0000] {logging_mixin.py:188} INFO - [2025-04-21T14:04:40.484+0000] {dagbag.py:538} INFO - Filling up the DagBag from /opt/airflow/dags/scripts/train_model.py
[2025-04-21T14:04:41.455+0000] {logging_mixin.py:188} INFO - ✅ Model trained and saved as iris_model.pkl
[2025-04-21T14:04:41.457+0000] {processor.py:842} WARNING - No viable dags retrieved from /opt/airflow/dags/scripts/train_model.py
[2025-04-21T14:04:41.479+0000] {processor.py:183} INFO - Processing /opt/airflow/dags/scripts/train_model.py took 1.010 seconds
[2025-04-21T14:05:12.014+0000] {processor.py:161} INFO - Started process (PID=1129) to work on /opt/airflow/dags/scripts/train_model.py
[2025-04-21T14:05:12.018+0000] {processor.py:830} INFO - Processing file /opt/airflow/dags/scripts/train_model.py for tasks to queue
[2025-04-21T14:05:12.020+0000] {logging_mixin.py:188} INFO - [2025-04-21T14:05:12.019+0000] {dagbag.py:538} INFO - Filling up the DagBag from /opt/airflow/dags/scripts/train_model.py
[2025-04-21T14:05:12.861+0000] {logging_mixin.py:188} INFO - ✅ Model trained and saved as iris_model.pkl
[2025-04-21T14:05:12.861+0000] {processor.py:842} WARNING - No viable dags retrieved from /opt/airflow/dags/scripts/train_model.py
[2025-04-21T14:05:12.882+0000] {processor.py:183} INFO - Processing /opt/airflow/dags/scripts/train_model.py took 0.880 seconds
