[2025-04-21T13:16:32.246+0000] {processor.py:161} INFO - Started process (PID=166) to work on /opt/airflow/dags/iris_pipeline.py
[2025-04-21T13:16:32.252+0000] {processor.py:830} INFO - Processing file /opt/airflow/dags/iris_pipeline.py for tasks to queue
[2025-04-21T13:16:32.254+0000] {logging_mixin.py:188} INFO - [2025-04-21T13:16:32.253+0000] {dagbag.py:538} INFO - Filling up the DagBag from /opt/airflow/dags/iris_pipeline.py
[2025-04-21T13:16:32.311+0000] {processor.py:840} INFO - DAG(s) 'iris_ml_pipeline' retrieved from /opt/airflow/dags/iris_pipeline.py
[2025-04-21T13:16:32.506+0000] {logging_mixin.py:188} INFO - [2025-04-21T13:16:32.506+0000] {override.py:1769} INFO - Created Permission View: can edit on DAG:iris_ml_pipeline
[2025-04-21T13:16:32.514+0000] {logging_mixin.py:188} INFO - [2025-04-21T13:16:32.513+0000] {override.py:1769} INFO - Created Permission View: can read on DAG:iris_ml_pipeline
[2025-04-21T13:16:32.518+0000] {logging_mixin.py:188} INFO - [2025-04-21T13:16:32.518+0000] {override.py:1769} INFO - Created Permission View: can delete on DAG:iris_ml_pipeline
[2025-04-21T13:16:32.518+0000] {logging_mixin.py:188} INFO - [2025-04-21T13:16:32.518+0000] {dag.py:3036} INFO - Sync 1 DAGs
[2025-04-21T13:16:32.527+0000] {logging_mixin.py:188} INFO - [2025-04-21T13:16:32.527+0000] {dag.py:3058} INFO - Creating ORM DAG for iris_ml_pipeline
[2025-04-21T13:16:32.528+0000] {logging_mixin.py:188} INFO - [2025-04-21T13:16:32.528+0000] {dag.py:3823} INFO - Setting next_dagrun for iris_ml_pipeline to None, run_after=None
[2025-04-21T13:16:32.539+0000] {processor.py:183} INFO - Processing /opt/airflow/dags/iris_pipeline.py took 0.300 seconds
[2025-04-21T13:17:02.712+0000] {processor.py:161} INFO - Started process (PID=176) to work on /opt/airflow/dags/iris_pipeline.py
[2025-04-21T13:17:02.714+0000] {processor.py:830} INFO - Processing file /opt/airflow/dags/iris_pipeline.py for tasks to queue
[2025-04-21T13:17:02.716+0000] {logging_mixin.py:188} INFO - [2025-04-21T13:17:02.715+0000] {dagbag.py:538} INFO - Filling up the DagBag from /opt/airflow/dags/iris_pipeline.py
[2025-04-21T13:17:02.737+0000] {processor.py:840} INFO - DAG(s) 'iris_ml_pipeline' retrieved from /opt/airflow/dags/iris_pipeline.py
[2025-04-21T13:17:02.774+0000] {logging_mixin.py:188} INFO - [2025-04-21T13:17:02.773+0000] {dag.py:3036} INFO - Sync 1 DAGs
[2025-04-21T13:17:02.784+0000] {logging_mixin.py:188} INFO - [2025-04-21T13:17:02.784+0000] {dag.py:3823} INFO - Setting next_dagrun for iris_ml_pipeline to None, run_after=None
[2025-04-21T13:17:02.797+0000] {processor.py:183} INFO - Processing /opt/airflow/dags/iris_pipeline.py took 0.093 seconds
[2025-04-21T13:17:33.141+0000] {processor.py:161} INFO - Started process (PID=186) to work on /opt/airflow/dags/iris_pipeline.py
[2025-04-21T13:17:33.143+0000] {processor.py:830} INFO - Processing file /opt/airflow/dags/iris_pipeline.py for tasks to queue
[2025-04-21T13:17:33.144+0000] {logging_mixin.py:188} INFO - [2025-04-21T13:17:33.143+0000] {dagbag.py:538} INFO - Filling up the DagBag from /opt/airflow/dags/iris_pipeline.py
[2025-04-21T13:17:33.154+0000] {processor.py:840} INFO - DAG(s) 'iris_ml_pipeline' retrieved from /opt/airflow/dags/iris_pipeline.py
[2025-04-21T13:17:33.180+0000] {logging_mixin.py:188} INFO - [2025-04-21T13:17:33.180+0000] {dag.py:3036} INFO - Sync 1 DAGs
[2025-04-21T13:17:33.190+0000] {logging_mixin.py:188} INFO - [2025-04-21T13:17:33.190+0000] {dag.py:3823} INFO - Setting next_dagrun for iris_ml_pipeline to None, run_after=None
[2025-04-21T13:17:33.202+0000] {processor.py:183} INFO - Processing /opt/airflow/dags/iris_pipeline.py took 0.064 seconds
[2025-04-21T13:18:03.547+0000] {processor.py:161} INFO - Started process (PID=196) to work on /opt/airflow/dags/iris_pipeline.py
[2025-04-21T13:18:03.548+0000] {processor.py:830} INFO - Processing file /opt/airflow/dags/iris_pipeline.py for tasks to queue
[2025-04-21T13:18:03.549+0000] {logging_mixin.py:188} INFO - [2025-04-21T13:18:03.549+0000] {dagbag.py:538} INFO - Filling up the DagBag from /opt/airflow/dags/iris_pipeline.py
[2025-04-21T13:18:03.560+0000] {processor.py:840} INFO - DAG(s) 'iris_ml_pipeline' retrieved from /opt/airflow/dags/iris_pipeline.py
[2025-04-21T13:18:03.587+0000] {logging_mixin.py:188} INFO - [2025-04-21T13:18:03.587+0000] {dag.py:3036} INFO - Sync 1 DAGs
[2025-04-21T13:18:03.596+0000] {logging_mixin.py:188} INFO - [2025-04-21T13:18:03.596+0000] {dag.py:3823} INFO - Setting next_dagrun for iris_ml_pipeline to None, run_after=None
[2025-04-21T13:18:03.607+0000] {processor.py:183} INFO - Processing /opt/airflow/dags/iris_pipeline.py took 0.064 seconds
[2025-04-21T13:18:33.951+0000] {processor.py:161} INFO - Started process (PID=206) to work on /opt/airflow/dags/iris_pipeline.py
[2025-04-21T13:18:33.953+0000] {processor.py:830} INFO - Processing file /opt/airflow/dags/iris_pipeline.py for tasks to queue
[2025-04-21T13:18:33.954+0000] {logging_mixin.py:188} INFO - [2025-04-21T13:18:33.954+0000] {dagbag.py:538} INFO - Filling up the DagBag from /opt/airflow/dags/iris_pipeline.py
[2025-04-21T13:18:33.964+0000] {processor.py:840} INFO - DAG(s) 'iris_ml_pipeline' retrieved from /opt/airflow/dags/iris_pipeline.py
[2025-04-21T13:18:33.989+0000] {logging_mixin.py:188} INFO - [2025-04-21T13:18:33.989+0000] {dag.py:3036} INFO - Sync 1 DAGs
[2025-04-21T13:18:33.998+0000] {logging_mixin.py:188} INFO - [2025-04-21T13:18:33.998+0000] {dag.py:3823} INFO - Setting next_dagrun for iris_ml_pipeline to None, run_after=None
[2025-04-21T13:18:34.010+0000] {processor.py:183} INFO - Processing /opt/airflow/dags/iris_pipeline.py took 0.063 seconds
[2025-04-21T13:19:04.361+0000] {processor.py:161} INFO - Started process (PID=216) to work on /opt/airflow/dags/iris_pipeline.py
[2025-04-21T13:19:04.363+0000] {processor.py:830} INFO - Processing file /opt/airflow/dags/iris_pipeline.py for tasks to queue
[2025-04-21T13:19:04.365+0000] {logging_mixin.py:188} INFO - [2025-04-21T13:19:04.364+0000] {dagbag.py:538} INFO - Filling up the DagBag from /opt/airflow/dags/iris_pipeline.py
[2025-04-21T13:19:04.382+0000] {processor.py:840} INFO - DAG(s) 'iris_ml_pipeline' retrieved from /opt/airflow/dags/iris_pipeline.py
[2025-04-21T13:19:04.415+0000] {logging_mixin.py:188} INFO - [2025-04-21T13:19:04.415+0000] {dag.py:3036} INFO - Sync 1 DAGs
[2025-04-21T13:19:04.426+0000] {logging_mixin.py:188} INFO - [2025-04-21T13:19:04.426+0000] {dag.py:3823} INFO - Setting next_dagrun for iris_ml_pipeline to None, run_after=None
[2025-04-21T13:19:04.440+0000] {processor.py:183} INFO - Processing /opt/airflow/dags/iris_pipeline.py took 0.084 seconds
[2025-04-21T13:19:34.764+0000] {processor.py:161} INFO - Started process (PID=226) to work on /opt/airflow/dags/iris_pipeline.py
[2025-04-21T13:19:34.766+0000] {processor.py:830} INFO - Processing file /opt/airflow/dags/iris_pipeline.py for tasks to queue
[2025-04-21T13:19:34.767+0000] {logging_mixin.py:188} INFO - [2025-04-21T13:19:34.766+0000] {dagbag.py:538} INFO - Filling up the DagBag from /opt/airflow/dags/iris_pipeline.py
[2025-04-21T13:19:34.776+0000] {processor.py:840} INFO - DAG(s) 'iris_ml_pipeline' retrieved from /opt/airflow/dags/iris_pipeline.py
[2025-04-21T13:19:34.803+0000] {logging_mixin.py:188} INFO - [2025-04-21T13:19:34.803+0000] {dag.py:3036} INFO - Sync 1 DAGs
[2025-04-21T13:19:34.812+0000] {logging_mixin.py:188} INFO - [2025-04-21T13:19:34.812+0000] {dag.py:3823} INFO - Setting next_dagrun for iris_ml_pipeline to None, run_after=None
[2025-04-21T13:19:34.823+0000] {processor.py:183} INFO - Processing /opt/airflow/dags/iris_pipeline.py took 0.062 seconds
[2025-04-21T13:20:05.136+0000] {processor.py:161} INFO - Started process (PID=236) to work on /opt/airflow/dags/iris_pipeline.py
[2025-04-21T13:20:05.137+0000] {processor.py:830} INFO - Processing file /opt/airflow/dags/iris_pipeline.py for tasks to queue
[2025-04-21T13:20:05.139+0000] {logging_mixin.py:188} INFO - [2025-04-21T13:20:05.138+0000] {dagbag.py:538} INFO - Filling up the DagBag from /opt/airflow/dags/iris_pipeline.py
[2025-04-21T13:20:05.148+0000] {processor.py:840} INFO - DAG(s) 'iris_ml_pipeline' retrieved from /opt/airflow/dags/iris_pipeline.py
[2025-04-21T13:20:05.174+0000] {logging_mixin.py:188} INFO - [2025-04-21T13:20:05.174+0000] {dag.py:3036} INFO - Sync 1 DAGs
[2025-04-21T13:20:05.183+0000] {logging_mixin.py:188} INFO - [2025-04-21T13:20:05.183+0000] {dag.py:3823} INFO - Setting next_dagrun for iris_ml_pipeline to None, run_after=None
[2025-04-21T13:20:05.195+0000] {processor.py:183} INFO - Processing /opt/airflow/dags/iris_pipeline.py took 0.061 seconds
[2025-04-21T13:20:35.520+0000] {processor.py:161} INFO - Started process (PID=246) to work on /opt/airflow/dags/iris_pipeline.py
[2025-04-21T13:20:35.522+0000] {processor.py:830} INFO - Processing file /opt/airflow/dags/iris_pipeline.py for tasks to queue
[2025-04-21T13:20:35.523+0000] {logging_mixin.py:188} INFO - [2025-04-21T13:20:35.522+0000] {dagbag.py:538} INFO - Filling up the DagBag from /opt/airflow/dags/iris_pipeline.py
[2025-04-21T13:20:35.532+0000] {processor.py:840} INFO - DAG(s) 'iris_ml_pipeline' retrieved from /opt/airflow/dags/iris_pipeline.py
[2025-04-21T13:20:35.561+0000] {logging_mixin.py:188} INFO - [2025-04-21T13:20:35.561+0000] {dag.py:3036} INFO - Sync 1 DAGs
[2025-04-21T13:20:35.570+0000] {logging_mixin.py:188} INFO - [2025-04-21T13:20:35.570+0000] {dag.py:3823} INFO - Setting next_dagrun for iris_ml_pipeline to None, run_after=None
[2025-04-21T13:20:35.582+0000] {processor.py:183} INFO - Processing /opt/airflow/dags/iris_pipeline.py took 0.065 seconds
[2025-04-21T13:21:05.941+0000] {processor.py:161} INFO - Started process (PID=256) to work on /opt/airflow/dags/iris_pipeline.py
[2025-04-21T13:21:05.942+0000] {processor.py:830} INFO - Processing file /opt/airflow/dags/iris_pipeline.py for tasks to queue
[2025-04-21T13:21:05.944+0000] {logging_mixin.py:188} INFO - [2025-04-21T13:21:05.943+0000] {dagbag.py:538} INFO - Filling up the DagBag from /opt/airflow/dags/iris_pipeline.py
[2025-04-21T13:21:05.955+0000] {processor.py:840} INFO - DAG(s) 'iris_ml_pipeline' retrieved from /opt/airflow/dags/iris_pipeline.py
[2025-04-21T13:21:05.981+0000] {logging_mixin.py:188} INFO - [2025-04-21T13:21:05.981+0000] {dag.py:3036} INFO - Sync 1 DAGs
[2025-04-21T13:21:05.990+0000] {logging_mixin.py:188} INFO - [2025-04-21T13:21:05.990+0000] {dag.py:3823} INFO - Setting next_dagrun for iris_ml_pipeline to None, run_after=None
[2025-04-21T13:21:06.001+0000] {processor.py:183} INFO - Processing /opt/airflow/dags/iris_pipeline.py took 0.064 seconds
[2025-04-21T13:21:36.363+0000] {processor.py:161} INFO - Started process (PID=272) to work on /opt/airflow/dags/iris_pipeline.py
[2025-04-21T13:21:36.365+0000] {processor.py:830} INFO - Processing file /opt/airflow/dags/iris_pipeline.py for tasks to queue
[2025-04-21T13:21:36.366+0000] {logging_mixin.py:188} INFO - [2025-04-21T13:21:36.366+0000] {dagbag.py:538} INFO - Filling up the DagBag from /opt/airflow/dags/iris_pipeline.py
[2025-04-21T13:21:36.378+0000] {processor.py:840} INFO - DAG(s) 'iris_ml_pipeline' retrieved from /opt/airflow/dags/iris_pipeline.py
[2025-04-21T13:21:36.406+0000] {logging_mixin.py:188} INFO - [2025-04-21T13:21:36.406+0000] {dag.py:3036} INFO - Sync 1 DAGs
[2025-04-21T13:21:36.416+0000] {logging_mixin.py:188} INFO - [2025-04-21T13:21:36.416+0000] {dag.py:3823} INFO - Setting next_dagrun for iris_ml_pipeline to None, run_after=None
[2025-04-21T13:21:36.428+0000] {processor.py:183} INFO - Processing /opt/airflow/dags/iris_pipeline.py took 0.068 seconds
[2025-04-21T13:22:06.916+0000] {processor.py:161} INFO - Started process (PID=288) to work on /opt/airflow/dags/iris_pipeline.py
[2025-04-21T13:22:06.917+0000] {processor.py:830} INFO - Processing file /opt/airflow/dags/iris_pipeline.py for tasks to queue
[2025-04-21T13:22:06.919+0000] {logging_mixin.py:188} INFO - [2025-04-21T13:22:06.918+0000] {dagbag.py:538} INFO - Filling up the DagBag from /opt/airflow/dags/iris_pipeline.py
[2025-04-21T13:22:06.931+0000] {processor.py:840} INFO - DAG(s) 'iris_ml_pipeline' retrieved from /opt/airflow/dags/iris_pipeline.py
[2025-04-21T13:22:06.962+0000] {logging_mixin.py:188} INFO - [2025-04-21T13:22:06.962+0000] {dag.py:3036} INFO - Sync 1 DAGs
[2025-04-21T13:22:06.973+0000] {logging_mixin.py:188} INFO - [2025-04-21T13:22:06.973+0000] {dag.py:3823} INFO - Setting next_dagrun for iris_ml_pipeline to None, run_after=None
[2025-04-21T13:22:06.985+0000] {processor.py:183} INFO - Processing /opt/airflow/dags/iris_pipeline.py took 0.074 seconds
[2025-04-21T13:22:37.369+0000] {processor.py:161} INFO - Started process (PID=304) to work on /opt/airflow/dags/iris_pipeline.py
[2025-04-21T13:22:37.371+0000] {processor.py:830} INFO - Processing file /opt/airflow/dags/iris_pipeline.py for tasks to queue
[2025-04-21T13:22:37.372+0000] {logging_mixin.py:188} INFO - [2025-04-21T13:22:37.371+0000] {dagbag.py:538} INFO - Filling up the DagBag from /opt/airflow/dags/iris_pipeline.py
[2025-04-21T13:22:37.382+0000] {processor.py:840} INFO - DAG(s) 'iris_ml_pipeline' retrieved from /opt/airflow/dags/iris_pipeline.py
[2025-04-21T13:22:37.408+0000] {logging_mixin.py:188} INFO - [2025-04-21T13:22:37.407+0000] {dag.py:3036} INFO - Sync 1 DAGs
[2025-04-21T13:22:37.417+0000] {logging_mixin.py:188} INFO - [2025-04-21T13:22:37.417+0000] {dag.py:3823} INFO - Setting next_dagrun for iris_ml_pipeline to None, run_after=None
[2025-04-21T13:22:37.429+0000] {processor.py:183} INFO - Processing /opt/airflow/dags/iris_pipeline.py took 0.063 seconds
[2025-04-21T13:23:07.896+0000] {processor.py:161} INFO - Started process (PID=320) to work on /opt/airflow/dags/iris_pipeline.py
[2025-04-21T13:23:07.897+0000] {processor.py:830} INFO - Processing file /opt/airflow/dags/iris_pipeline.py for tasks to queue
[2025-04-21T13:23:07.898+0000] {logging_mixin.py:188} INFO - [2025-04-21T13:23:07.898+0000] {dagbag.py:538} INFO - Filling up the DagBag from /opt/airflow/dags/iris_pipeline.py
[2025-04-21T13:23:07.907+0000] {processor.py:840} INFO - DAG(s) 'iris_ml_pipeline' retrieved from /opt/airflow/dags/iris_pipeline.py
[2025-04-21T13:23:07.933+0000] {logging_mixin.py:188} INFO - [2025-04-21T13:23:07.933+0000] {dag.py:3036} INFO - Sync 1 DAGs
[2025-04-21T13:23:07.942+0000] {logging_mixin.py:188} INFO - [2025-04-21T13:23:07.941+0000] {dag.py:3823} INFO - Setting next_dagrun for iris_ml_pipeline to None, run_after=None
[2025-04-21T13:23:07.953+0000] {processor.py:183} INFO - Processing /opt/airflow/dags/iris_pipeline.py took 0.061 seconds
[2025-04-21T13:23:38.839+0000] {processor.py:161} INFO - Started process (PID=172) to work on /opt/airflow/dags/iris_pipeline.py
[2025-04-21T13:23:38.840+0000] {processor.py:830} INFO - Processing file /opt/airflow/dags/iris_pipeline.py for tasks to queue
[2025-04-21T13:23:38.842+0000] {logging_mixin.py:188} INFO - [2025-04-21T13:23:38.841+0000] {dagbag.py:538} INFO - Filling up the DagBag from /opt/airflow/dags/iris_pipeline.py
[2025-04-21T13:23:38.862+0000] {processor.py:840} INFO - DAG(s) 'iris_ml_pipeline' retrieved from /opt/airflow/dags/iris_pipeline.py
[2025-04-21T13:23:38.911+0000] {logging_mixin.py:188} INFO - [2025-04-21T13:23:38.910+0000] {dag.py:3036} INFO - Sync 1 DAGs
[2025-04-21T13:23:38.924+0000] {logging_mixin.py:188} INFO - [2025-04-21T13:23:38.923+0000] {dag.py:3823} INFO - Setting next_dagrun for iris_ml_pipeline to None, run_after=None
[2025-04-21T13:23:38.953+0000] {processor.py:183} INFO - Processing /opt/airflow/dags/iris_pipeline.py took 0.118 seconds
[2025-04-21T13:24:09.093+0000] {processor.py:161} INFO - Started process (PID=185) to work on /opt/airflow/dags/iris_pipeline.py
[2025-04-21T13:24:09.094+0000] {processor.py:830} INFO - Processing file /opt/airflow/dags/iris_pipeline.py for tasks to queue
[2025-04-21T13:24:09.095+0000] {logging_mixin.py:188} INFO - [2025-04-21T13:24:09.095+0000] {dagbag.py:538} INFO - Filling up the DagBag from /opt/airflow/dags/iris_pipeline.py
[2025-04-21T13:24:09.109+0000] {processor.py:840} INFO - DAG(s) 'iris_ml_pipeline' retrieved from /opt/airflow/dags/iris_pipeline.py
[2025-04-21T13:24:09.140+0000] {logging_mixin.py:188} INFO - [2025-04-21T13:24:09.139+0000] {dag.py:3036} INFO - Sync 1 DAGs
[2025-04-21T13:24:09.152+0000] {logging_mixin.py:188} INFO - [2025-04-21T13:24:09.152+0000] {dag.py:3823} INFO - Setting next_dagrun for iris_ml_pipeline to None, run_after=None
[2025-04-21T13:24:09.167+0000] {processor.py:183} INFO - Processing /opt/airflow/dags/iris_pipeline.py took 0.077 seconds
[2025-04-21T13:24:39.560+0000] {processor.py:161} INFO - Started process (PID=199) to work on /opt/airflow/dags/iris_pipeline.py
[2025-04-21T13:24:39.561+0000] {processor.py:830} INFO - Processing file /opt/airflow/dags/iris_pipeline.py for tasks to queue
[2025-04-21T13:24:39.562+0000] {logging_mixin.py:188} INFO - [2025-04-21T13:24:39.562+0000] {dagbag.py:538} INFO - Filling up the DagBag from /opt/airflow/dags/iris_pipeline.py
[2025-04-21T13:24:39.573+0000] {processor.py:840} INFO - DAG(s) 'iris_ml_pipeline' retrieved from /opt/airflow/dags/iris_pipeline.py
[2025-04-21T13:24:39.601+0000] {logging_mixin.py:188} INFO - [2025-04-21T13:24:39.601+0000] {dag.py:3036} INFO - Sync 1 DAGs
[2025-04-21T13:24:39.610+0000] {logging_mixin.py:188} INFO - [2025-04-21T13:24:39.610+0000] {dag.py:3823} INFO - Setting next_dagrun for iris_ml_pipeline to None, run_after=None
[2025-04-21T13:24:39.622+0000] {processor.py:183} INFO - Processing /opt/airflow/dags/iris_pipeline.py took 0.065 seconds
[2025-04-21T13:25:09.991+0000] {processor.py:161} INFO - Started process (PID=215) to work on /opt/airflow/dags/iris_pipeline.py
[2025-04-21T13:25:09.992+0000] {processor.py:830} INFO - Processing file /opt/airflow/dags/iris_pipeline.py for tasks to queue
[2025-04-21T13:25:09.993+0000] {logging_mixin.py:188} INFO - [2025-04-21T13:25:09.993+0000] {dagbag.py:538} INFO - Filling up the DagBag from /opt/airflow/dags/iris_pipeline.py
[2025-04-21T13:25:10.003+0000] {processor.py:840} INFO - DAG(s) 'iris_ml_pipeline' retrieved from /opt/airflow/dags/iris_pipeline.py
[2025-04-21T13:25:10.030+0000] {logging_mixin.py:188} INFO - [2025-04-21T13:25:10.030+0000] {dag.py:3036} INFO - Sync 1 DAGs
[2025-04-21T13:25:10.038+0000] {logging_mixin.py:188} INFO - [2025-04-21T13:25:10.038+0000] {dag.py:3823} INFO - Setting next_dagrun for iris_ml_pipeline to None, run_after=None
[2025-04-21T13:25:10.050+0000] {processor.py:183} INFO - Processing /opt/airflow/dags/iris_pipeline.py took 0.062 seconds
[2025-04-21T13:25:40.431+0000] {processor.py:161} INFO - Started process (PID=230) to work on /opt/airflow/dags/iris_pipeline.py
[2025-04-21T13:25:40.433+0000] {processor.py:830} INFO - Processing file /opt/airflow/dags/iris_pipeline.py for tasks to queue
[2025-04-21T13:25:40.435+0000] {logging_mixin.py:188} INFO - [2025-04-21T13:25:40.434+0000] {dagbag.py:538} INFO - Filling up the DagBag from /opt/airflow/dags/iris_pipeline.py
[2025-04-21T13:25:40.456+0000] {processor.py:840} INFO - DAG(s) 'iris_ml_pipeline' retrieved from /opt/airflow/dags/iris_pipeline.py
[2025-04-21T13:25:40.490+0000] {logging_mixin.py:188} INFO - [2025-04-21T13:25:40.490+0000] {dag.py:3036} INFO - Sync 1 DAGs
[2025-04-21T13:25:40.500+0000] {logging_mixin.py:188} INFO - [2025-04-21T13:25:40.500+0000] {dag.py:3823} INFO - Setting next_dagrun for iris_ml_pipeline to None, run_after=None
[2025-04-21T13:25:40.513+0000] {processor.py:183} INFO - Processing /opt/airflow/dags/iris_pipeline.py took 0.088 seconds
[2025-04-21T13:26:10.932+0000] {processor.py:161} INFO - Started process (PID=247) to work on /opt/airflow/dags/iris_pipeline.py
[2025-04-21T13:26:10.933+0000] {processor.py:830} INFO - Processing file /opt/airflow/dags/iris_pipeline.py for tasks to queue
[2025-04-21T13:26:10.935+0000] {logging_mixin.py:188} INFO - [2025-04-21T13:26:10.934+0000] {dagbag.py:538} INFO - Filling up the DagBag from /opt/airflow/dags/iris_pipeline.py
[2025-04-21T13:26:10.958+0000] {processor.py:840} INFO - DAG(s) 'iris_ml_pipeline' retrieved from /opt/airflow/dags/iris_pipeline.py
[2025-04-21T13:26:10.998+0000] {logging_mixin.py:188} INFO - [2025-04-21T13:26:10.998+0000] {dag.py:3036} INFO - Sync 1 DAGs
[2025-04-21T13:26:11.012+0000] {logging_mixin.py:188} INFO - [2025-04-21T13:26:11.012+0000] {dag.py:3823} INFO - Setting next_dagrun for iris_ml_pipeline to None, run_after=None
[2025-04-21T13:26:11.025+0000] {processor.py:183} INFO - Processing /opt/airflow/dags/iris_pipeline.py took 0.101 seconds
[2025-04-21T13:26:41.432+0000] {processor.py:161} INFO - Started process (PID=263) to work on /opt/airflow/dags/iris_pipeline.py
[2025-04-21T13:26:41.434+0000] {processor.py:830} INFO - Processing file /opt/airflow/dags/iris_pipeline.py for tasks to queue
[2025-04-21T13:26:41.435+0000] {logging_mixin.py:188} INFO - [2025-04-21T13:26:41.435+0000] {dagbag.py:538} INFO - Filling up the DagBag from /opt/airflow/dags/iris_pipeline.py
[2025-04-21T13:26:41.452+0000] {processor.py:840} INFO - DAG(s) 'iris_ml_pipeline' retrieved from /opt/airflow/dags/iris_pipeline.py
[2025-04-21T13:26:41.498+0000] {logging_mixin.py:188} INFO - [2025-04-21T13:26:41.498+0000] {dag.py:3036} INFO - Sync 1 DAGs
[2025-04-21T13:26:41.509+0000] {logging_mixin.py:188} INFO - [2025-04-21T13:26:41.509+0000] {dag.py:3823} INFO - Setting next_dagrun for iris_ml_pipeline to None, run_after=None
[2025-04-21T13:26:41.524+0000] {processor.py:183} INFO - Processing /opt/airflow/dags/iris_pipeline.py took 0.096 seconds
[2025-04-21T13:27:11.882+0000] {processor.py:161} INFO - Started process (PID=279) to work on /opt/airflow/dags/iris_pipeline.py
[2025-04-21T13:27:11.883+0000] {processor.py:830} INFO - Processing file /opt/airflow/dags/iris_pipeline.py for tasks to queue
[2025-04-21T13:27:11.885+0000] {logging_mixin.py:188} INFO - [2025-04-21T13:27:11.884+0000] {dagbag.py:538} INFO - Filling up the DagBag from /opt/airflow/dags/iris_pipeline.py
[2025-04-21T13:27:11.897+0000] {processor.py:840} INFO - DAG(s) 'iris_ml_pipeline' retrieved from /opt/airflow/dags/iris_pipeline.py
[2025-04-21T13:27:11.927+0000] {logging_mixin.py:188} INFO - [2025-04-21T13:27:11.927+0000] {dag.py:3036} INFO - Sync 1 DAGs
[2025-04-21T13:27:11.936+0000] {logging_mixin.py:188} INFO - [2025-04-21T13:27:11.936+0000] {dag.py:3823} INFO - Setting next_dagrun for iris_ml_pipeline to None, run_after=None
[2025-04-21T13:27:11.948+0000] {processor.py:183} INFO - Processing /opt/airflow/dags/iris_pipeline.py took 0.070 seconds
[2025-04-21T13:27:42.311+0000] {processor.py:161} INFO - Started process (PID=295) to work on /opt/airflow/dags/iris_pipeline.py
[2025-04-21T13:27:42.314+0000] {processor.py:830} INFO - Processing file /opt/airflow/dags/iris_pipeline.py for tasks to queue
[2025-04-21T13:27:42.316+0000] {logging_mixin.py:188} INFO - [2025-04-21T13:27:42.316+0000] {dagbag.py:538} INFO - Filling up the DagBag from /opt/airflow/dags/iris_pipeline.py
[2025-04-21T13:27:42.329+0000] {processor.py:840} INFO - DAG(s) 'iris_ml_pipeline' retrieved from /opt/airflow/dags/iris_pipeline.py
[2025-04-21T13:27:42.361+0000] {logging_mixin.py:188} INFO - [2025-04-21T13:27:42.361+0000] {dag.py:3036} INFO - Sync 1 DAGs
[2025-04-21T13:27:42.372+0000] {logging_mixin.py:188} INFO - [2025-04-21T13:27:42.372+0000] {dag.py:3823} INFO - Setting next_dagrun for iris_ml_pipeline to None, run_after=None
[2025-04-21T13:27:42.385+0000] {processor.py:183} INFO - Processing /opt/airflow/dags/iris_pipeline.py took 0.078 seconds
[2025-04-21T13:28:12.783+0000] {processor.py:161} INFO - Started process (PID=311) to work on /opt/airflow/dags/iris_pipeline.py
[2025-04-21T13:28:12.785+0000] {processor.py:830} INFO - Processing file /opt/airflow/dags/iris_pipeline.py for tasks to queue
[2025-04-21T13:28:12.786+0000] {logging_mixin.py:188} INFO - [2025-04-21T13:28:12.785+0000] {dagbag.py:538} INFO - Filling up the DagBag from /opt/airflow/dags/iris_pipeline.py
[2025-04-21T13:28:12.798+0000] {processor.py:840} INFO - DAG(s) 'iris_ml_pipeline' retrieved from /opt/airflow/dags/iris_pipeline.py
[2025-04-21T13:28:12.825+0000] {logging_mixin.py:188} INFO - [2025-04-21T13:28:12.825+0000] {dag.py:3036} INFO - Sync 1 DAGs
[2025-04-21T13:28:12.834+0000] {logging_mixin.py:188} INFO - [2025-04-21T13:28:12.834+0000] {dag.py:3823} INFO - Setting next_dagrun for iris_ml_pipeline to None, run_after=None
[2025-04-21T13:28:12.847+0000] {processor.py:183} INFO - Processing /opt/airflow/dags/iris_pipeline.py took 0.066 seconds
[2025-04-21T13:28:43.326+0000] {processor.py:161} INFO - Started process (PID=327) to work on /opt/airflow/dags/iris_pipeline.py
[2025-04-21T13:28:43.327+0000] {processor.py:830} INFO - Processing file /opt/airflow/dags/iris_pipeline.py for tasks to queue
[2025-04-21T13:28:43.328+0000] {logging_mixin.py:188} INFO - [2025-04-21T13:28:43.328+0000] {dagbag.py:538} INFO - Filling up the DagBag from /opt/airflow/dags/iris_pipeline.py
[2025-04-21T13:28:43.349+0000] {processor.py:840} INFO - DAG(s) 'iris_ml_pipeline' retrieved from /opt/airflow/dags/iris_pipeline.py
[2025-04-21T13:28:43.390+0000] {logging_mixin.py:188} INFO - [2025-04-21T13:28:43.390+0000] {dag.py:3036} INFO - Sync 1 DAGs
[2025-04-21T13:28:43.401+0000] {logging_mixin.py:188} INFO - [2025-04-21T13:28:43.401+0000] {dag.py:3823} INFO - Setting next_dagrun for iris_ml_pipeline to None, run_after=None
[2025-04-21T13:28:43.414+0000] {processor.py:183} INFO - Processing /opt/airflow/dags/iris_pipeline.py took 0.092 seconds
[2025-04-21T13:29:13.826+0000] {processor.py:161} INFO - Started process (PID=343) to work on /opt/airflow/dags/iris_pipeline.py
[2025-04-21T13:29:13.828+0000] {processor.py:830} INFO - Processing file /opt/airflow/dags/iris_pipeline.py for tasks to queue
[2025-04-21T13:29:13.830+0000] {logging_mixin.py:188} INFO - [2025-04-21T13:29:13.829+0000] {dagbag.py:538} INFO - Filling up the DagBag from /opt/airflow/dags/iris_pipeline.py
[2025-04-21T13:29:13.849+0000] {processor.py:840} INFO - DAG(s) 'iris_ml_pipeline' retrieved from /opt/airflow/dags/iris_pipeline.py
[2025-04-21T13:29:13.892+0000] {logging_mixin.py:188} INFO - [2025-04-21T13:29:13.892+0000] {dag.py:3036} INFO - Sync 1 DAGs
[2025-04-21T13:29:13.905+0000] {logging_mixin.py:188} INFO - [2025-04-21T13:29:13.904+0000] {dag.py:3823} INFO - Setting next_dagrun for iris_ml_pipeline to None, run_after=None
[2025-04-21T13:29:13.919+0000] {processor.py:183} INFO - Processing /opt/airflow/dags/iris_pipeline.py took 0.098 seconds
[2025-04-21T13:29:44.318+0000] {processor.py:161} INFO - Started process (PID=359) to work on /opt/airflow/dags/iris_pipeline.py
[2025-04-21T13:29:44.320+0000] {processor.py:830} INFO - Processing file /opt/airflow/dags/iris_pipeline.py for tasks to queue
[2025-04-21T13:29:44.322+0000] {logging_mixin.py:188} INFO - [2025-04-21T13:29:44.322+0000] {dagbag.py:538} INFO - Filling up the DagBag from /opt/airflow/dags/iris_pipeline.py
[2025-04-21T13:29:44.347+0000] {processor.py:840} INFO - DAG(s) 'iris_ml_pipeline' retrieved from /opt/airflow/dags/iris_pipeline.py
[2025-04-21T13:29:44.390+0000] {logging_mixin.py:188} INFO - [2025-04-21T13:29:44.390+0000] {dag.py:3036} INFO - Sync 1 DAGs
[2025-04-21T13:29:44.406+0000] {logging_mixin.py:188} INFO - [2025-04-21T13:29:44.405+0000] {dag.py:3823} INFO - Setting next_dagrun for iris_ml_pipeline to None, run_after=None
[2025-04-21T13:29:44.424+0000] {processor.py:183} INFO - Processing /opt/airflow/dags/iris_pipeline.py took 0.110 seconds
[2025-04-21T13:30:14.799+0000] {processor.py:161} INFO - Started process (PID=375) to work on /opt/airflow/dags/iris_pipeline.py
[2025-04-21T13:30:14.801+0000] {processor.py:830} INFO - Processing file /opt/airflow/dags/iris_pipeline.py for tasks to queue
[2025-04-21T13:30:14.802+0000] {logging_mixin.py:188} INFO - [2025-04-21T13:30:14.801+0000] {dagbag.py:538} INFO - Filling up the DagBag from /opt/airflow/dags/iris_pipeline.py
[2025-04-21T13:30:14.825+0000] {processor.py:840} INFO - DAG(s) 'iris_ml_pipeline' retrieved from /opt/airflow/dags/iris_pipeline.py
[2025-04-21T13:30:14.869+0000] {logging_mixin.py:188} INFO - [2025-04-21T13:30:14.869+0000] {dag.py:3036} INFO - Sync 1 DAGs
[2025-04-21T13:30:14.882+0000] {logging_mixin.py:188} INFO - [2025-04-21T13:30:14.881+0000] {dag.py:3823} INFO - Setting next_dagrun for iris_ml_pipeline to None, run_after=None
[2025-04-21T13:30:14.896+0000] {processor.py:183} INFO - Processing /opt/airflow/dags/iris_pipeline.py took 0.101 seconds
[2025-04-21T13:30:45.344+0000] {processor.py:161} INFO - Started process (PID=391) to work on /opt/airflow/dags/iris_pipeline.py
[2025-04-21T13:30:45.346+0000] {processor.py:830} INFO - Processing file /opt/airflow/dags/iris_pipeline.py for tasks to queue
[2025-04-21T13:30:45.350+0000] {logging_mixin.py:188} INFO - [2025-04-21T13:30:45.349+0000] {dagbag.py:538} INFO - Filling up the DagBag from /opt/airflow/dags/iris_pipeline.py
[2025-04-21T13:30:45.372+0000] {processor.py:840} INFO - DAG(s) 'iris_ml_pipeline' retrieved from /opt/airflow/dags/iris_pipeline.py
[2025-04-21T13:30:45.420+0000] {logging_mixin.py:188} INFO - [2025-04-21T13:30:45.420+0000] {dag.py:3036} INFO - Sync 1 DAGs
[2025-04-21T13:30:45.435+0000] {logging_mixin.py:188} INFO - [2025-04-21T13:30:45.435+0000] {dag.py:3823} INFO - Setting next_dagrun for iris_ml_pipeline to None, run_after=None
[2025-04-21T13:30:45.451+0000] {processor.py:183} INFO - Processing /opt/airflow/dags/iris_pipeline.py took 0.116 seconds
[2025-04-21T13:31:15.798+0000] {processor.py:161} INFO - Started process (PID=406) to work on /opt/airflow/dags/iris_pipeline.py
[2025-04-21T13:31:15.800+0000] {processor.py:830} INFO - Processing file /opt/airflow/dags/iris_pipeline.py for tasks to queue
[2025-04-21T13:31:15.802+0000] {logging_mixin.py:188} INFO - [2025-04-21T13:31:15.801+0000] {dagbag.py:538} INFO - Filling up the DagBag from /opt/airflow/dags/iris_pipeline.py
[2025-04-21T13:31:15.826+0000] {processor.py:840} INFO - DAG(s) 'iris_ml_pipeline' retrieved from /opt/airflow/dags/iris_pipeline.py
[2025-04-21T13:31:15.868+0000] {logging_mixin.py:188} INFO - [2025-04-21T13:31:15.868+0000] {dag.py:3036} INFO - Sync 1 DAGs
[2025-04-21T13:31:15.883+0000] {logging_mixin.py:188} INFO - [2025-04-21T13:31:15.883+0000] {dag.py:3823} INFO - Setting next_dagrun for iris_ml_pipeline to None, run_after=None
[2025-04-21T13:31:15.898+0000] {processor.py:183} INFO - Processing /opt/airflow/dags/iris_pipeline.py took 0.107 seconds
[2025-04-21T13:31:46.310+0000] {processor.py:161} INFO - Started process (PID=423) to work on /opt/airflow/dags/iris_pipeline.py
[2025-04-21T13:31:46.312+0000] {processor.py:830} INFO - Processing file /opt/airflow/dags/iris_pipeline.py for tasks to queue
[2025-04-21T13:31:46.314+0000] {logging_mixin.py:188} INFO - [2025-04-21T13:31:46.313+0000] {dagbag.py:538} INFO - Filling up the DagBag from /opt/airflow/dags/iris_pipeline.py
[2025-04-21T13:31:46.338+0000] {processor.py:840} INFO - DAG(s) 'iris_ml_pipeline' retrieved from /opt/airflow/dags/iris_pipeline.py
[2025-04-21T13:31:46.380+0000] {logging_mixin.py:188} INFO - [2025-04-21T13:31:46.380+0000] {dag.py:3036} INFO - Sync 1 DAGs
[2025-04-21T13:31:46.396+0000] {logging_mixin.py:188} INFO - [2025-04-21T13:31:46.396+0000] {dag.py:3823} INFO - Setting next_dagrun for iris_ml_pipeline to None, run_after=None
[2025-04-21T13:31:46.411+0000] {processor.py:183} INFO - Processing /opt/airflow/dags/iris_pipeline.py took 0.109 seconds
[2025-04-21T13:32:16.808+0000] {processor.py:161} INFO - Started process (PID=439) to work on /opt/airflow/dags/iris_pipeline.py
[2025-04-21T13:32:16.809+0000] {processor.py:830} INFO - Processing file /opt/airflow/dags/iris_pipeline.py for tasks to queue
[2025-04-21T13:32:16.812+0000] {logging_mixin.py:188} INFO - [2025-04-21T13:32:16.811+0000] {dagbag.py:538} INFO - Filling up the DagBag from /opt/airflow/dags/iris_pipeline.py
[2025-04-21T13:32:16.839+0000] {processor.py:840} INFO - DAG(s) 'iris_ml_pipeline' retrieved from /opt/airflow/dags/iris_pipeline.py
[2025-04-21T13:32:16.880+0000] {logging_mixin.py:188} INFO - [2025-04-21T13:32:16.880+0000] {dag.py:3036} INFO - Sync 1 DAGs
[2025-04-21T13:32:16.891+0000] {logging_mixin.py:188} INFO - [2025-04-21T13:32:16.891+0000] {dag.py:3823} INFO - Setting next_dagrun for iris_ml_pipeline to None, run_after=None
[2025-04-21T13:32:16.905+0000] {processor.py:183} INFO - Processing /opt/airflow/dags/iris_pipeline.py took 0.103 seconds
[2025-04-21T13:32:47.322+0000] {processor.py:161} INFO - Started process (PID=454) to work on /opt/airflow/dags/iris_pipeline.py
[2025-04-21T13:32:47.323+0000] {processor.py:830} INFO - Processing file /opt/airflow/dags/iris_pipeline.py for tasks to queue
[2025-04-21T13:32:47.325+0000] {logging_mixin.py:188} INFO - [2025-04-21T13:32:47.324+0000] {dagbag.py:538} INFO - Filling up the DagBag from /opt/airflow/dags/iris_pipeline.py
[2025-04-21T13:32:47.344+0000] {processor.py:840} INFO - DAG(s) 'iris_ml_pipeline' retrieved from /opt/airflow/dags/iris_pipeline.py
[2025-04-21T13:32:47.383+0000] {logging_mixin.py:188} INFO - [2025-04-21T13:32:47.383+0000] {dag.py:3036} INFO - Sync 1 DAGs
[2025-04-21T13:32:47.394+0000] {logging_mixin.py:188} INFO - [2025-04-21T13:32:47.394+0000] {dag.py:3823} INFO - Setting next_dagrun for iris_ml_pipeline to None, run_after=None
[2025-04-21T13:32:47.407+0000] {processor.py:183} INFO - Processing /opt/airflow/dags/iris_pipeline.py took 0.090 seconds
[2025-04-21T13:33:17.789+0000] {processor.py:161} INFO - Started process (PID=471) to work on /opt/airflow/dags/iris_pipeline.py
[2025-04-21T13:33:17.791+0000] {processor.py:830} INFO - Processing file /opt/airflow/dags/iris_pipeline.py for tasks to queue
[2025-04-21T13:33:17.792+0000] {logging_mixin.py:188} INFO - [2025-04-21T13:33:17.792+0000] {dagbag.py:538} INFO - Filling up the DagBag from /opt/airflow/dags/iris_pipeline.py
[2025-04-21T13:33:17.813+0000] {processor.py:840} INFO - DAG(s) 'iris_ml_pipeline' retrieved from /opt/airflow/dags/iris_pipeline.py
[2025-04-21T13:33:17.852+0000] {logging_mixin.py:188} INFO - [2025-04-21T13:33:17.852+0000] {dag.py:3036} INFO - Sync 1 DAGs
[2025-04-21T13:33:17.863+0000] {logging_mixin.py:188} INFO - [2025-04-21T13:33:17.863+0000] {dag.py:3823} INFO - Setting next_dagrun for iris_ml_pipeline to None, run_after=None
[2025-04-21T13:33:17.877+0000] {processor.py:183} INFO - Processing /opt/airflow/dags/iris_pipeline.py took 0.094 seconds
[2025-04-21T13:33:48.252+0000] {processor.py:161} INFO - Started process (PID=486) to work on /opt/airflow/dags/iris_pipeline.py
[2025-04-21T13:33:48.255+0000] {processor.py:830} INFO - Processing file /opt/airflow/dags/iris_pipeline.py for tasks to queue
[2025-04-21T13:33:48.257+0000] {logging_mixin.py:188} INFO - [2025-04-21T13:33:48.256+0000] {dagbag.py:538} INFO - Filling up the DagBag from /opt/airflow/dags/iris_pipeline.py
[2025-04-21T13:33:48.287+0000] {processor.py:840} INFO - DAG(s) 'iris_ml_pipeline' retrieved from /opt/airflow/dags/iris_pipeline.py
[2025-04-21T13:33:48.336+0000] {logging_mixin.py:188} INFO - [2025-04-21T13:33:48.336+0000] {dag.py:3036} INFO - Sync 1 DAGs
[2025-04-21T13:33:48.354+0000] {logging_mixin.py:188} INFO - [2025-04-21T13:33:48.354+0000] {dag.py:3823} INFO - Setting next_dagrun for iris_ml_pipeline to None, run_after=None
[2025-04-21T13:33:48.376+0000] {processor.py:183} INFO - Processing /opt/airflow/dags/iris_pipeline.py took 0.130 seconds
[2025-04-21T13:34:18.804+0000] {processor.py:161} INFO - Started process (PID=503) to work on /opt/airflow/dags/iris_pipeline.py
[2025-04-21T13:34:18.806+0000] {processor.py:830} INFO - Processing file /opt/airflow/dags/iris_pipeline.py for tasks to queue
[2025-04-21T13:34:18.807+0000] {logging_mixin.py:188} INFO - [2025-04-21T13:34:18.807+0000] {dagbag.py:538} INFO - Filling up the DagBag from /opt/airflow/dags/iris_pipeline.py
[2025-04-21T13:34:18.830+0000] {processor.py:840} INFO - DAG(s) 'iris_ml_pipeline' retrieved from /opt/airflow/dags/iris_pipeline.py
[2025-04-21T13:34:18.870+0000] {logging_mixin.py:188} INFO - [2025-04-21T13:34:18.870+0000] {dag.py:3036} INFO - Sync 1 DAGs
[2025-04-21T13:34:18.882+0000] {logging_mixin.py:188} INFO - [2025-04-21T13:34:18.882+0000] {dag.py:3823} INFO - Setting next_dagrun for iris_ml_pipeline to None, run_after=None
[2025-04-21T13:34:18.901+0000] {processor.py:183} INFO - Processing /opt/airflow/dags/iris_pipeline.py took 0.103 seconds
[2025-04-21T13:43:14.746+0000] {processor.py:161} INFO - Started process (PID=179) to work on /opt/airflow/dags/iris_pipeline.py
[2025-04-21T13:43:14.747+0000] {processor.py:830} INFO - Processing file /opt/airflow/dags/iris_pipeline.py for tasks to queue
[2025-04-21T13:43:14.749+0000] {logging_mixin.py:188} INFO - [2025-04-21T13:43:14.748+0000] {dagbag.py:538} INFO - Filling up the DagBag from /opt/airflow/dags/iris_pipeline.py
[2025-04-21T13:43:14.766+0000] {processor.py:840} INFO - DAG(s) 'iris_ml_pipeline' retrieved from /opt/airflow/dags/iris_pipeline.py
[2025-04-21T13:43:14.944+0000] {logging_mixin.py:188} INFO - [2025-04-21T13:43:14.943+0000] {override.py:1769} INFO - Created Permission View: can edit on DAG:iris_ml_pipeline
[2025-04-21T13:43:14.950+0000] {logging_mixin.py:188} INFO - [2025-04-21T13:43:14.950+0000] {override.py:1769} INFO - Created Permission View: can delete on DAG:iris_ml_pipeline
[2025-04-21T13:43:14.954+0000] {logging_mixin.py:188} INFO - [2025-04-21T13:43:14.954+0000] {override.py:1769} INFO - Created Permission View: can read on DAG:iris_ml_pipeline
[2025-04-21T13:43:14.955+0000] {logging_mixin.py:188} INFO - [2025-04-21T13:43:14.955+0000] {dag.py:3036} INFO - Sync 1 DAGs
[2025-04-21T13:43:14.964+0000] {logging_mixin.py:188} INFO - [2025-04-21T13:43:14.964+0000] {dag.py:3058} INFO - Creating ORM DAG for iris_ml_pipeline
[2025-04-21T13:43:14.966+0000] {logging_mixin.py:188} INFO - [2025-04-21T13:43:14.965+0000] {dag.py:3823} INFO - Setting next_dagrun for iris_ml_pipeline to None, run_after=None
[2025-04-21T13:43:14.977+0000] {processor.py:183} INFO - Processing /opt/airflow/dags/iris_pipeline.py took 0.235 seconds
[2025-04-21T13:43:46.324+0000] {processor.py:161} INFO - Started process (PID=202) to work on /opt/airflow/dags/iris_pipeline.py
[2025-04-21T13:43:46.325+0000] {processor.py:830} INFO - Processing file /opt/airflow/dags/iris_pipeline.py for tasks to queue
[2025-04-21T13:43:46.327+0000] {logging_mixin.py:188} INFO - [2025-04-21T13:43:46.326+0000] {dagbag.py:538} INFO - Filling up the DagBag from /opt/airflow/dags/iris_pipeline.py
[2025-04-21T13:43:46.338+0000] {processor.py:840} INFO - DAG(s) 'iris_ml_pipeline' retrieved from /opt/airflow/dags/iris_pipeline.py
[2025-04-21T13:43:46.368+0000] {logging_mixin.py:188} INFO - [2025-04-21T13:43:46.368+0000] {dag.py:3036} INFO - Sync 1 DAGs
[2025-04-21T13:43:46.379+0000] {logging_mixin.py:188} INFO - [2025-04-21T13:43:46.379+0000] {dag.py:3823} INFO - Setting next_dagrun for iris_ml_pipeline to None, run_after=None
[2025-04-21T13:43:46.391+0000] {processor.py:183} INFO - Processing /opt/airflow/dags/iris_pipeline.py took 0.071 seconds
[2025-04-21T13:44:17.680+0000] {processor.py:161} INFO - Started process (PID=225) to work on /opt/airflow/dags/iris_pipeline.py
[2025-04-21T13:44:17.683+0000] {processor.py:830} INFO - Processing file /opt/airflow/dags/iris_pipeline.py for tasks to queue
[2025-04-21T13:44:17.684+0000] {logging_mixin.py:188} INFO - [2025-04-21T13:44:17.684+0000] {dagbag.py:538} INFO - Filling up the DagBag from /opt/airflow/dags/iris_pipeline.py
[2025-04-21T13:44:17.699+0000] {processor.py:840} INFO - DAG(s) 'iris_ml_pipeline' retrieved from /opt/airflow/dags/iris_pipeline.py
[2025-04-21T13:44:17.738+0000] {logging_mixin.py:188} INFO - [2025-04-21T13:44:17.738+0000] {dag.py:3036} INFO - Sync 1 DAGs
[2025-04-21T13:44:17.755+0000] {logging_mixin.py:188} INFO - [2025-04-21T13:44:17.755+0000] {dag.py:3823} INFO - Setting next_dagrun for iris_ml_pipeline to None, run_after=None
[2025-04-21T13:44:17.777+0000] {processor.py:183} INFO - Processing /opt/airflow/dags/iris_pipeline.py took 0.101 seconds
[2025-04-21T13:44:49.034+0000] {processor.py:161} INFO - Started process (PID=248) to work on /opt/airflow/dags/iris_pipeline.py
[2025-04-21T13:44:49.035+0000] {processor.py:830} INFO - Processing file /opt/airflow/dags/iris_pipeline.py for tasks to queue
[2025-04-21T13:44:49.037+0000] {logging_mixin.py:188} INFO - [2025-04-21T13:44:49.036+0000] {dagbag.py:538} INFO - Filling up the DagBag from /opt/airflow/dags/iris_pipeline.py
[2025-04-21T13:44:49.049+0000] {processor.py:840} INFO - DAG(s) 'iris_ml_pipeline' retrieved from /opt/airflow/dags/iris_pipeline.py
[2025-04-21T13:44:49.083+0000] {logging_mixin.py:188} INFO - [2025-04-21T13:44:49.083+0000] {dag.py:3036} INFO - Sync 1 DAGs
[2025-04-21T13:44:49.095+0000] {logging_mixin.py:188} INFO - [2025-04-21T13:44:49.094+0000] {dag.py:3823} INFO - Setting next_dagrun for iris_ml_pipeline to None, run_after=None
[2025-04-21T13:44:49.108+0000] {processor.py:183} INFO - Processing /opt/airflow/dags/iris_pipeline.py took 0.079 seconds
[2025-04-21T13:45:20.373+0000] {processor.py:161} INFO - Started process (PID=271) to work on /opt/airflow/dags/iris_pipeline.py
[2025-04-21T13:45:20.375+0000] {processor.py:830} INFO - Processing file /opt/airflow/dags/iris_pipeline.py for tasks to queue
[2025-04-21T13:45:20.376+0000] {logging_mixin.py:188} INFO - [2025-04-21T13:45:20.375+0000] {dagbag.py:538} INFO - Filling up the DagBag from /opt/airflow/dags/iris_pipeline.py
[2025-04-21T13:45:20.386+0000] {processor.py:840} INFO - DAG(s) 'iris_ml_pipeline' retrieved from /opt/airflow/dags/iris_pipeline.py
[2025-04-21T13:45:20.415+0000] {logging_mixin.py:188} INFO - [2025-04-21T13:45:20.415+0000] {dag.py:3036} INFO - Sync 1 DAGs
[2025-04-21T13:45:20.425+0000] {logging_mixin.py:188} INFO - [2025-04-21T13:45:20.424+0000] {dag.py:3823} INFO - Setting next_dagrun for iris_ml_pipeline to None, run_after=None
[2025-04-21T13:45:20.437+0000] {processor.py:183} INFO - Processing /opt/airflow/dags/iris_pipeline.py took 0.069 seconds
[2025-04-21T13:45:51.799+0000] {processor.py:161} INFO - Started process (PID=294) to work on /opt/airflow/dags/iris_pipeline.py
[2025-04-21T13:45:51.801+0000] {processor.py:830} INFO - Processing file /opt/airflow/dags/iris_pipeline.py for tasks to queue
[2025-04-21T13:45:51.803+0000] {logging_mixin.py:188} INFO - [2025-04-21T13:45:51.802+0000] {dagbag.py:538} INFO - Filling up the DagBag from /opt/airflow/dags/iris_pipeline.py
[2025-04-21T13:45:51.818+0000] {processor.py:840} INFO - DAG(s) 'iris_ml_pipeline' retrieved from /opt/airflow/dags/iris_pipeline.py
[2025-04-21T13:45:51.848+0000] {logging_mixin.py:188} INFO - [2025-04-21T13:45:51.848+0000] {dag.py:3036} INFO - Sync 1 DAGs
[2025-04-21T13:45:51.858+0000] {logging_mixin.py:188} INFO - [2025-04-21T13:45:51.857+0000] {dag.py:3823} INFO - Setting next_dagrun for iris_ml_pipeline to None, run_after=None
[2025-04-21T13:45:51.871+0000] {processor.py:183} INFO - Processing /opt/airflow/dags/iris_pipeline.py took 0.076 seconds
[2025-04-21T13:46:23.150+0000] {processor.py:161} INFO - Started process (PID=317) to work on /opt/airflow/dags/iris_pipeline.py
[2025-04-21T13:46:23.152+0000] {processor.py:830} INFO - Processing file /opt/airflow/dags/iris_pipeline.py for tasks to queue
[2025-04-21T13:46:23.154+0000] {logging_mixin.py:188} INFO - [2025-04-21T13:46:23.153+0000] {dagbag.py:538} INFO - Filling up the DagBag from /opt/airflow/dags/iris_pipeline.py
[2025-04-21T13:46:23.168+0000] {processor.py:840} INFO - DAG(s) 'iris_ml_pipeline' retrieved from /opt/airflow/dags/iris_pipeline.py
[2025-04-21T13:46:23.201+0000] {logging_mixin.py:188} INFO - [2025-04-21T13:46:23.201+0000] {dag.py:3036} INFO - Sync 1 DAGs
[2025-04-21T13:46:23.212+0000] {logging_mixin.py:188} INFO - [2025-04-21T13:46:23.212+0000] {dag.py:3823} INFO - Setting next_dagrun for iris_ml_pipeline to None, run_after=None
[2025-04-21T13:46:23.227+0000] {processor.py:183} INFO - Processing /opt/airflow/dags/iris_pipeline.py took 0.081 seconds
[2025-04-21T13:46:54.523+0000] {processor.py:161} INFO - Started process (PID=340) to work on /opt/airflow/dags/iris_pipeline.py
[2025-04-21T13:46:54.525+0000] {processor.py:830} INFO - Processing file /opt/airflow/dags/iris_pipeline.py for tasks to queue
[2025-04-21T13:46:54.527+0000] {logging_mixin.py:188} INFO - [2025-04-21T13:46:54.527+0000] {dagbag.py:538} INFO - Filling up the DagBag from /opt/airflow/dags/iris_pipeline.py
[2025-04-21T13:46:54.543+0000] {processor.py:840} INFO - DAG(s) 'iris_ml_pipeline' retrieved from /opt/airflow/dags/iris_pipeline.py
[2025-04-21T13:46:54.577+0000] {logging_mixin.py:188} INFO - [2025-04-21T13:46:54.577+0000] {dag.py:3036} INFO - Sync 1 DAGs
[2025-04-21T13:46:54.589+0000] {logging_mixin.py:188} INFO - [2025-04-21T13:46:54.589+0000] {dag.py:3823} INFO - Setting next_dagrun for iris_ml_pipeline to None, run_after=None
[2025-04-21T13:46:54.606+0000] {processor.py:183} INFO - Processing /opt/airflow/dags/iris_pipeline.py took 0.092 seconds
[2025-04-21T13:47:25.870+0000] {processor.py:161} INFO - Started process (PID=363) to work on /opt/airflow/dags/iris_pipeline.py
[2025-04-21T13:47:25.873+0000] {processor.py:830} INFO - Processing file /opt/airflow/dags/iris_pipeline.py for tasks to queue
[2025-04-21T13:47:25.874+0000] {logging_mixin.py:188} INFO - [2025-04-21T13:47:25.873+0000] {dagbag.py:538} INFO - Filling up the DagBag from /opt/airflow/dags/iris_pipeline.py
[2025-04-21T13:47:25.886+0000] {processor.py:840} INFO - DAG(s) 'iris_ml_pipeline' retrieved from /opt/airflow/dags/iris_pipeline.py
[2025-04-21T13:47:25.924+0000] {logging_mixin.py:188} INFO - [2025-04-21T13:47:25.924+0000] {dag.py:3036} INFO - Sync 1 DAGs
[2025-04-21T13:47:25.940+0000] {logging_mixin.py:188} INFO - [2025-04-21T13:47:25.940+0000] {dag.py:3823} INFO - Setting next_dagrun for iris_ml_pipeline to None, run_after=None
[2025-04-21T13:47:25.960+0000] {processor.py:183} INFO - Processing /opt/airflow/dags/iris_pipeline.py took 0.093 seconds
[2025-04-21T13:47:57.269+0000] {processor.py:161} INFO - Started process (PID=386) to work on /opt/airflow/dags/iris_pipeline.py
[2025-04-21T13:47:57.271+0000] {processor.py:830} INFO - Processing file /opt/airflow/dags/iris_pipeline.py for tasks to queue
[2025-04-21T13:47:57.272+0000] {logging_mixin.py:188} INFO - [2025-04-21T13:47:57.272+0000] {dagbag.py:538} INFO - Filling up the DagBag from /opt/airflow/dags/iris_pipeline.py
[2025-04-21T13:47:57.284+0000] {processor.py:840} INFO - DAG(s) 'iris_ml_pipeline' retrieved from /opt/airflow/dags/iris_pipeline.py
[2025-04-21T13:47:57.317+0000] {logging_mixin.py:188} INFO - [2025-04-21T13:47:57.317+0000] {dag.py:3036} INFO - Sync 1 DAGs
[2025-04-21T13:47:57.337+0000] {logging_mixin.py:188} INFO - [2025-04-21T13:47:57.337+0000] {dag.py:3823} INFO - Setting next_dagrun for iris_ml_pipeline to None, run_after=None
[2025-04-21T13:47:57.355+0000] {processor.py:183} INFO - Processing /opt/airflow/dags/iris_pipeline.py took 0.091 seconds
[2025-04-21T13:48:28.718+0000] {processor.py:161} INFO - Started process (PID=409) to work on /opt/airflow/dags/iris_pipeline.py
[2025-04-21T13:48:28.720+0000] {processor.py:830} INFO - Processing file /opt/airflow/dags/iris_pipeline.py for tasks to queue
[2025-04-21T13:48:28.722+0000] {logging_mixin.py:188} INFO - [2025-04-21T13:48:28.721+0000] {dagbag.py:538} INFO - Filling up the DagBag from /opt/airflow/dags/iris_pipeline.py
[2025-04-21T13:48:28.734+0000] {processor.py:840} INFO - DAG(s) 'iris_ml_pipeline' retrieved from /opt/airflow/dags/iris_pipeline.py
[2025-04-21T13:48:28.770+0000] {logging_mixin.py:188} INFO - [2025-04-21T13:48:28.770+0000] {dag.py:3036} INFO - Sync 1 DAGs
[2025-04-21T13:48:28.785+0000] {logging_mixin.py:188} INFO - [2025-04-21T13:48:28.784+0000] {dag.py:3823} INFO - Setting next_dagrun for iris_ml_pipeline to None, run_after=None
[2025-04-21T13:48:28.801+0000] {processor.py:183} INFO - Processing /opt/airflow/dags/iris_pipeline.py took 0.089 seconds
[2025-04-21T13:49:00.143+0000] {processor.py:161} INFO - Started process (PID=432) to work on /opt/airflow/dags/iris_pipeline.py
[2025-04-21T13:49:00.145+0000] {processor.py:830} INFO - Processing file /opt/airflow/dags/iris_pipeline.py for tasks to queue
[2025-04-21T13:49:00.147+0000] {logging_mixin.py:188} INFO - [2025-04-21T13:49:00.147+0000] {dagbag.py:538} INFO - Filling up the DagBag from /opt/airflow/dags/iris_pipeline.py
[2025-04-21T13:49:00.160+0000] {processor.py:840} INFO - DAG(s) 'iris_ml_pipeline' retrieved from /opt/airflow/dags/iris_pipeline.py
[2025-04-21T13:49:00.198+0000] {logging_mixin.py:188} INFO - [2025-04-21T13:49:00.198+0000] {dag.py:3036} INFO - Sync 1 DAGs
[2025-04-21T13:49:00.214+0000] {logging_mixin.py:188} INFO - [2025-04-21T13:49:00.214+0000] {dag.py:3823} INFO - Setting next_dagrun for iris_ml_pipeline to None, run_after=None
[2025-04-21T13:49:00.244+0000] {processor.py:183} INFO - Processing /opt/airflow/dags/iris_pipeline.py took 0.105 seconds
[2025-04-21T13:49:31.469+0000] {processor.py:161} INFO - Started process (PID=455) to work on /opt/airflow/dags/iris_pipeline.py
[2025-04-21T13:49:31.471+0000] {processor.py:830} INFO - Processing file /opt/airflow/dags/iris_pipeline.py for tasks to queue
[2025-04-21T13:49:31.474+0000] {logging_mixin.py:188} INFO - [2025-04-21T13:49:31.473+0000] {dagbag.py:538} INFO - Filling up the DagBag from /opt/airflow/dags/iris_pipeline.py
[2025-04-21T13:49:31.489+0000] {processor.py:840} INFO - DAG(s) 'iris_ml_pipeline' retrieved from /opt/airflow/dags/iris_pipeline.py
[2025-04-21T13:49:31.527+0000] {logging_mixin.py:188} INFO - [2025-04-21T13:49:31.527+0000] {dag.py:3036} INFO - Sync 1 DAGs
[2025-04-21T13:49:31.544+0000] {logging_mixin.py:188} INFO - [2025-04-21T13:49:31.544+0000] {dag.py:3823} INFO - Setting next_dagrun for iris_ml_pipeline to None, run_after=None
[2025-04-21T13:49:31.571+0000] {processor.py:183} INFO - Processing /opt/airflow/dags/iris_pipeline.py took 0.106 seconds
[2025-04-21T13:50:02.836+0000] {processor.py:161} INFO - Started process (PID=478) to work on /opt/airflow/dags/iris_pipeline.py
[2025-04-21T13:50:02.838+0000] {processor.py:830} INFO - Processing file /opt/airflow/dags/iris_pipeline.py for tasks to queue
[2025-04-21T13:50:02.839+0000] {logging_mixin.py:188} INFO - [2025-04-21T13:50:02.839+0000] {dagbag.py:538} INFO - Filling up the DagBag from /opt/airflow/dags/iris_pipeline.py
[2025-04-21T13:50:02.853+0000] {processor.py:840} INFO - DAG(s) 'iris_ml_pipeline' retrieved from /opt/airflow/dags/iris_pipeline.py
[2025-04-21T13:50:02.889+0000] {logging_mixin.py:188} INFO - [2025-04-21T13:50:02.888+0000] {dag.py:3036} INFO - Sync 1 DAGs
[2025-04-21T13:50:02.902+0000] {logging_mixin.py:188} INFO - [2025-04-21T13:50:02.902+0000] {dag.py:3823} INFO - Setting next_dagrun for iris_ml_pipeline to None, run_after=None
[2025-04-21T13:50:02.919+0000] {processor.py:183} INFO - Processing /opt/airflow/dags/iris_pipeline.py took 0.087 seconds
[2025-04-21T13:50:34.069+0000] {processor.py:161} INFO - Started process (PID=501) to work on /opt/airflow/dags/iris_pipeline.py
[2025-04-21T13:50:34.071+0000] {processor.py:830} INFO - Processing file /opt/airflow/dags/iris_pipeline.py for tasks to queue
[2025-04-21T13:50:34.072+0000] {logging_mixin.py:188} INFO - [2025-04-21T13:50:34.072+0000] {dagbag.py:538} INFO - Filling up the DagBag from /opt/airflow/dags/iris_pipeline.py
[2025-04-21T13:50:34.088+0000] {processor.py:840} INFO - DAG(s) 'iris_ml_pipeline' retrieved from /opt/airflow/dags/iris_pipeline.py
[2025-04-21T13:50:34.128+0000] {logging_mixin.py:188} INFO - [2025-04-21T13:50:34.128+0000] {dag.py:3036} INFO - Sync 1 DAGs
[2025-04-21T13:50:34.144+0000] {logging_mixin.py:188} INFO - [2025-04-21T13:50:34.144+0000] {dag.py:3823} INFO - Setting next_dagrun for iris_ml_pipeline to None, run_after=None
[2025-04-21T13:50:34.159+0000] {processor.py:183} INFO - Processing /opt/airflow/dags/iris_pipeline.py took 0.095 seconds
[2025-04-21T13:51:05.381+0000] {processor.py:161} INFO - Started process (PID=524) to work on /opt/airflow/dags/iris_pipeline.py
[2025-04-21T13:51:05.383+0000] {processor.py:830} INFO - Processing file /opt/airflow/dags/iris_pipeline.py for tasks to queue
[2025-04-21T13:51:05.385+0000] {logging_mixin.py:188} INFO - [2025-04-21T13:51:05.384+0000] {dagbag.py:538} INFO - Filling up the DagBag from /opt/airflow/dags/iris_pipeline.py
[2025-04-21T13:51:05.397+0000] {processor.py:840} INFO - DAG(s) 'iris_ml_pipeline' retrieved from /opt/airflow/dags/iris_pipeline.py
[2025-04-21T13:51:05.430+0000] {logging_mixin.py:188} INFO - [2025-04-21T13:51:05.430+0000] {dag.py:3036} INFO - Sync 1 DAGs
[2025-04-21T13:51:05.443+0000] {logging_mixin.py:188} INFO - [2025-04-21T13:51:05.443+0000] {dag.py:3823} INFO - Setting next_dagrun for iris_ml_pipeline to None, run_after=None
[2025-04-21T13:51:05.463+0000] {processor.py:183} INFO - Processing /opt/airflow/dags/iris_pipeline.py took 0.089 seconds
[2025-04-21T13:51:36.671+0000] {processor.py:161} INFO - Started process (PID=547) to work on /opt/airflow/dags/iris_pipeline.py
[2025-04-21T13:51:36.672+0000] {processor.py:830} INFO - Processing file /opt/airflow/dags/iris_pipeline.py for tasks to queue
[2025-04-21T13:51:36.673+0000] {logging_mixin.py:188} INFO - [2025-04-21T13:51:36.673+0000] {dagbag.py:538} INFO - Filling up the DagBag from /opt/airflow/dags/iris_pipeline.py
[2025-04-21T13:51:36.685+0000] {processor.py:840} INFO - DAG(s) 'iris_ml_pipeline' retrieved from /opt/airflow/dags/iris_pipeline.py
[2025-04-21T13:51:36.712+0000] {logging_mixin.py:188} INFO - [2025-04-21T13:51:36.712+0000] {dag.py:3036} INFO - Sync 1 DAGs
[2025-04-21T13:51:36.723+0000] {logging_mixin.py:188} INFO - [2025-04-21T13:51:36.723+0000] {dag.py:3823} INFO - Setting next_dagrun for iris_ml_pipeline to None, run_after=None
[2025-04-21T13:51:36.738+0000] {processor.py:183} INFO - Processing /opt/airflow/dags/iris_pipeline.py took 0.071 seconds
[2025-04-21T13:52:08.023+0000] {processor.py:161} INFO - Started process (PID=570) to work on /opt/airflow/dags/iris_pipeline.py
[2025-04-21T13:52:08.025+0000] {processor.py:830} INFO - Processing file /opt/airflow/dags/iris_pipeline.py for tasks to queue
[2025-04-21T13:52:08.027+0000] {logging_mixin.py:188} INFO - [2025-04-21T13:52:08.026+0000] {dagbag.py:538} INFO - Filling up the DagBag from /opt/airflow/dags/iris_pipeline.py
[2025-04-21T13:52:08.040+0000] {processor.py:840} INFO - DAG(s) 'iris_ml_pipeline' retrieved from /opt/airflow/dags/iris_pipeline.py
[2025-04-21T13:52:08.079+0000] {logging_mixin.py:188} INFO - [2025-04-21T13:52:08.079+0000] {dag.py:3036} INFO - Sync 1 DAGs
[2025-04-21T13:52:08.097+0000] {logging_mixin.py:188} INFO - [2025-04-21T13:52:08.097+0000] {dag.py:3823} INFO - Setting next_dagrun for iris_ml_pipeline to None, run_after=None
[2025-04-21T13:52:08.120+0000] {processor.py:183} INFO - Processing /opt/airflow/dags/iris_pipeline.py took 0.102 seconds
[2025-04-21T13:52:39.450+0000] {processor.py:161} INFO - Started process (PID=593) to work on /opt/airflow/dags/iris_pipeline.py
[2025-04-21T13:52:39.452+0000] {processor.py:830} INFO - Processing file /opt/airflow/dags/iris_pipeline.py for tasks to queue
[2025-04-21T13:52:39.453+0000] {logging_mixin.py:188} INFO - [2025-04-21T13:52:39.453+0000] {dagbag.py:538} INFO - Filling up the DagBag from /opt/airflow/dags/iris_pipeline.py
[2025-04-21T13:52:39.468+0000] {processor.py:840} INFO - DAG(s) 'iris_ml_pipeline' retrieved from /opt/airflow/dags/iris_pipeline.py
[2025-04-21T13:52:39.500+0000] {logging_mixin.py:188} INFO - [2025-04-21T13:52:39.500+0000] {dag.py:3036} INFO - Sync 1 DAGs
[2025-04-21T13:52:39.516+0000] {logging_mixin.py:188} INFO - [2025-04-21T13:52:39.515+0000] {dag.py:3823} INFO - Setting next_dagrun for iris_ml_pipeline to None, run_after=None
[2025-04-21T13:52:39.534+0000] {processor.py:183} INFO - Processing /opt/airflow/dags/iris_pipeline.py took 0.087 seconds
[2025-04-21T13:53:10.828+0000] {processor.py:161} INFO - Started process (PID=616) to work on /opt/airflow/dags/iris_pipeline.py
[2025-04-21T13:53:10.830+0000] {processor.py:830} INFO - Processing file /opt/airflow/dags/iris_pipeline.py for tasks to queue
[2025-04-21T13:53:10.831+0000] {logging_mixin.py:188} INFO - [2025-04-21T13:53:10.831+0000] {dagbag.py:538} INFO - Filling up the DagBag from /opt/airflow/dags/iris_pipeline.py
[2025-04-21T13:53:10.842+0000] {processor.py:840} INFO - DAG(s) 'iris_ml_pipeline' retrieved from /opt/airflow/dags/iris_pipeline.py
[2025-04-21T13:53:10.870+0000] {logging_mixin.py:188} INFO - [2025-04-21T13:53:10.870+0000] {dag.py:3036} INFO - Sync 1 DAGs
[2025-04-21T13:53:10.882+0000] {logging_mixin.py:188} INFO - [2025-04-21T13:53:10.881+0000] {dag.py:3823} INFO - Setting next_dagrun for iris_ml_pipeline to None, run_after=None
[2025-04-21T13:53:10.895+0000] {processor.py:183} INFO - Processing /opt/airflow/dags/iris_pipeline.py took 0.070 seconds
[2025-04-21T13:53:42.286+0000] {processor.py:161} INFO - Started process (PID=639) to work on /opt/airflow/dags/iris_pipeline.py
[2025-04-21T13:53:42.290+0000] {processor.py:830} INFO - Processing file /opt/airflow/dags/iris_pipeline.py for tasks to queue
[2025-04-21T13:53:42.294+0000] {logging_mixin.py:188} INFO - [2025-04-21T13:53:42.293+0000] {dagbag.py:538} INFO - Filling up the DagBag from /opt/airflow/dags/iris_pipeline.py
[2025-04-21T13:53:42.312+0000] {processor.py:840} INFO - DAG(s) 'iris_ml_pipeline' retrieved from /opt/airflow/dags/iris_pipeline.py
[2025-04-21T13:53:42.368+0000] {logging_mixin.py:188} INFO - [2025-04-21T13:53:42.368+0000] {dag.py:3036} INFO - Sync 1 DAGs
[2025-04-21T13:53:42.391+0000] {logging_mixin.py:188} INFO - [2025-04-21T13:53:42.391+0000] {dag.py:3823} INFO - Setting next_dagrun for iris_ml_pipeline to None, run_after=None
[2025-04-21T13:53:42.416+0000] {processor.py:183} INFO - Processing /opt/airflow/dags/iris_pipeline.py took 0.135 seconds
[2025-04-21T13:54:13.646+0000] {processor.py:161} INFO - Started process (PID=662) to work on /opt/airflow/dags/iris_pipeline.py
[2025-04-21T13:54:13.648+0000] {processor.py:830} INFO - Processing file /opt/airflow/dags/iris_pipeline.py for tasks to queue
[2025-04-21T13:54:13.650+0000] {logging_mixin.py:188} INFO - [2025-04-21T13:54:13.649+0000] {dagbag.py:538} INFO - Filling up the DagBag from /opt/airflow/dags/iris_pipeline.py
[2025-04-21T13:54:13.666+0000] {processor.py:840} INFO - DAG(s) 'iris_ml_pipeline' retrieved from /opt/airflow/dags/iris_pipeline.py
[2025-04-21T13:54:13.703+0000] {logging_mixin.py:188} INFO - [2025-04-21T13:54:13.703+0000] {dag.py:3036} INFO - Sync 1 DAGs
[2025-04-21T13:54:13.717+0000] {logging_mixin.py:188} INFO - [2025-04-21T13:54:13.717+0000] {dag.py:3823} INFO - Setting next_dagrun for iris_ml_pipeline to None, run_after=None
[2025-04-21T13:54:13.742+0000] {processor.py:183} INFO - Processing /opt/airflow/dags/iris_pipeline.py took 0.099 seconds
[2025-04-21T13:54:44.990+0000] {processor.py:161} INFO - Started process (PID=685) to work on /opt/airflow/dags/iris_pipeline.py
[2025-04-21T13:54:44.991+0000] {processor.py:830} INFO - Processing file /opt/airflow/dags/iris_pipeline.py for tasks to queue
[2025-04-21T13:54:44.994+0000] {logging_mixin.py:188} INFO - [2025-04-21T13:54:44.994+0000] {dagbag.py:538} INFO - Filling up the DagBag from /opt/airflow/dags/iris_pipeline.py
[2025-04-21T13:54:45.009+0000] {processor.py:840} INFO - DAG(s) 'iris_ml_pipeline' retrieved from /opt/airflow/dags/iris_pipeline.py
[2025-04-21T13:54:45.054+0000] {logging_mixin.py:188} INFO - [2025-04-21T13:54:45.053+0000] {dag.py:3036} INFO - Sync 1 DAGs
[2025-04-21T13:54:45.076+0000] {logging_mixin.py:188} INFO - [2025-04-21T13:54:45.076+0000] {dag.py:3823} INFO - Setting next_dagrun for iris_ml_pipeline to None, run_after=None
[2025-04-21T13:54:45.094+0000] {processor.py:183} INFO - Processing /opt/airflow/dags/iris_pipeline.py took 0.109 seconds
[2025-04-21T13:55:16.544+0000] {processor.py:161} INFO - Started process (PID=710) to work on /opt/airflow/dags/iris_pipeline.py
[2025-04-21T13:55:16.546+0000] {processor.py:830} INFO - Processing file /opt/airflow/dags/iris_pipeline.py for tasks to queue
[2025-04-21T13:55:16.548+0000] {logging_mixin.py:188} INFO - [2025-04-21T13:55:16.547+0000] {dagbag.py:538} INFO - Filling up the DagBag from /opt/airflow/dags/iris_pipeline.py
[2025-04-21T13:55:16.568+0000] {processor.py:840} INFO - DAG(s) 'iris_ml_pipeline' retrieved from /opt/airflow/dags/iris_pipeline.py
[2025-04-21T13:55:16.610+0000] {logging_mixin.py:188} INFO - [2025-04-21T13:55:16.610+0000] {dag.py:3036} INFO - Sync 1 DAGs
[2025-04-21T13:55:16.627+0000] {logging_mixin.py:188} INFO - [2025-04-21T13:55:16.626+0000] {dag.py:3823} INFO - Setting next_dagrun for iris_ml_pipeline to None, run_after=None
[2025-04-21T13:55:16.644+0000] {processor.py:183} INFO - Processing /opt/airflow/dags/iris_pipeline.py took 0.107 seconds
[2025-04-21T13:55:47.861+0000] {processor.py:161} INFO - Started process (PID=731) to work on /opt/airflow/dags/iris_pipeline.py
[2025-04-21T13:55:47.863+0000] {processor.py:830} INFO - Processing file /opt/airflow/dags/iris_pipeline.py for tasks to queue
[2025-04-21T13:55:47.865+0000] {logging_mixin.py:188} INFO - [2025-04-21T13:55:47.864+0000] {dagbag.py:538} INFO - Filling up the DagBag from /opt/airflow/dags/iris_pipeline.py
[2025-04-21T13:55:47.883+0000] {processor.py:840} INFO - DAG(s) 'iris_ml_pipeline' retrieved from /opt/airflow/dags/iris_pipeline.py
[2025-04-21T13:55:47.927+0000] {logging_mixin.py:188} INFO - [2025-04-21T13:55:47.926+0000] {dag.py:3036} INFO - Sync 1 DAGs
[2025-04-21T13:55:47.941+0000] {logging_mixin.py:188} INFO - [2025-04-21T13:55:47.941+0000] {dag.py:3823} INFO - Setting next_dagrun for iris_ml_pipeline to None, run_after=None
[2025-04-21T13:55:47.959+0000] {processor.py:183} INFO - Processing /opt/airflow/dags/iris_pipeline.py took 0.103 seconds
[2025-04-21T13:56:19.160+0000] {processor.py:161} INFO - Started process (PID=754) to work on /opt/airflow/dags/iris_pipeline.py
[2025-04-21T13:56:19.162+0000] {processor.py:830} INFO - Processing file /opt/airflow/dags/iris_pipeline.py for tasks to queue
[2025-04-21T13:56:19.164+0000] {logging_mixin.py:188} INFO - [2025-04-21T13:56:19.163+0000] {dagbag.py:538} INFO - Filling up the DagBag from /opt/airflow/dags/iris_pipeline.py
[2025-04-21T13:56:19.182+0000] {processor.py:840} INFO - DAG(s) 'iris_ml_pipeline' retrieved from /opt/airflow/dags/iris_pipeline.py
[2025-04-21T13:56:19.232+0000] {logging_mixin.py:188} INFO - [2025-04-21T13:56:19.232+0000] {dag.py:3036} INFO - Sync 1 DAGs
[2025-04-21T13:56:19.246+0000] {logging_mixin.py:188} INFO - [2025-04-21T13:56:19.246+0000] {dag.py:3823} INFO - Setting next_dagrun for iris_ml_pipeline to None, run_after=None
[2025-04-21T13:56:19.265+0000] {processor.py:183} INFO - Processing /opt/airflow/dags/iris_pipeline.py took 0.113 seconds
[2025-04-21T13:56:50.503+0000] {processor.py:161} INFO - Started process (PID=777) to work on /opt/airflow/dags/iris_pipeline.py
[2025-04-21T13:56:50.505+0000] {processor.py:830} INFO - Processing file /opt/airflow/dags/iris_pipeline.py for tasks to queue
[2025-04-21T13:56:50.506+0000] {logging_mixin.py:188} INFO - [2025-04-21T13:56:50.506+0000] {dagbag.py:538} INFO - Filling up the DagBag from /opt/airflow/dags/iris_pipeline.py
[2025-04-21T13:56:50.519+0000] {processor.py:840} INFO - DAG(s) 'iris_ml_pipeline' retrieved from /opt/airflow/dags/iris_pipeline.py
[2025-04-21T13:56:50.552+0000] {logging_mixin.py:188} INFO - [2025-04-21T13:56:50.552+0000] {dag.py:3036} INFO - Sync 1 DAGs
[2025-04-21T13:56:50.562+0000] {logging_mixin.py:188} INFO - [2025-04-21T13:56:50.562+0000] {dag.py:3823} INFO - Setting next_dagrun for iris_ml_pipeline to None, run_after=None
[2025-04-21T13:56:50.574+0000] {processor.py:183} INFO - Processing /opt/airflow/dags/iris_pipeline.py took 0.075 seconds
[2025-04-21T13:57:21.968+0000] {processor.py:161} INFO - Started process (PID=802) to work on /opt/airflow/dags/iris_pipeline.py
[2025-04-21T13:57:21.970+0000] {processor.py:830} INFO - Processing file /opt/airflow/dags/iris_pipeline.py for tasks to queue
[2025-04-21T13:57:21.971+0000] {logging_mixin.py:188} INFO - [2025-04-21T13:57:21.971+0000] {dagbag.py:538} INFO - Filling up the DagBag from /opt/airflow/dags/iris_pipeline.py
[2025-04-21T13:57:21.983+0000] {processor.py:840} INFO - DAG(s) 'iris_ml_pipeline' retrieved from /opt/airflow/dags/iris_pipeline.py
[2025-04-21T13:57:22.008+0000] {logging_mixin.py:188} INFO - [2025-04-21T13:57:22.008+0000] {dag.py:3036} INFO - Sync 1 DAGs
[2025-04-21T13:57:22.017+0000] {logging_mixin.py:188} INFO - [2025-04-21T13:57:22.017+0000] {dag.py:3823} INFO - Setting next_dagrun for iris_ml_pipeline to None, run_after=None
[2025-04-21T13:57:22.030+0000] {processor.py:183} INFO - Processing /opt/airflow/dags/iris_pipeline.py took 0.069 seconds
[2025-04-21T13:57:53.323+0000] {processor.py:161} INFO - Started process (PID=823) to work on /opt/airflow/dags/iris_pipeline.py
[2025-04-21T13:57:53.325+0000] {processor.py:830} INFO - Processing file /opt/airflow/dags/iris_pipeline.py for tasks to queue
[2025-04-21T13:57:53.326+0000] {logging_mixin.py:188} INFO - [2025-04-21T13:57:53.326+0000] {dagbag.py:538} INFO - Filling up the DagBag from /opt/airflow/dags/iris_pipeline.py
[2025-04-21T13:57:53.339+0000] {processor.py:840} INFO - DAG(s) 'iris_ml_pipeline' retrieved from /opt/airflow/dags/iris_pipeline.py
[2025-04-21T13:57:53.371+0000] {logging_mixin.py:188} INFO - [2025-04-21T13:57:53.370+0000] {dag.py:3036} INFO - Sync 1 DAGs
[2025-04-21T13:57:53.385+0000] {logging_mixin.py:188} INFO - [2025-04-21T13:57:53.385+0000] {dag.py:3823} INFO - Setting next_dagrun for iris_ml_pipeline to None, run_after=None
[2025-04-21T13:57:53.404+0000] {processor.py:183} INFO - Processing /opt/airflow/dags/iris_pipeline.py took 0.085 seconds
[2025-04-21T13:58:24.727+0000] {processor.py:161} INFO - Started process (PID=846) to work on /opt/airflow/dags/iris_pipeline.py
[2025-04-21T13:58:24.728+0000] {processor.py:830} INFO - Processing file /opt/airflow/dags/iris_pipeline.py for tasks to queue
[2025-04-21T13:58:24.730+0000] {logging_mixin.py:188} INFO - [2025-04-21T13:58:24.729+0000] {dagbag.py:538} INFO - Filling up the DagBag from /opt/airflow/dags/iris_pipeline.py
[2025-04-21T13:58:24.742+0000] {processor.py:840} INFO - DAG(s) 'iris_ml_pipeline' retrieved from /opt/airflow/dags/iris_pipeline.py
[2025-04-21T13:58:24.773+0000] {logging_mixin.py:188} INFO - [2025-04-21T13:58:24.773+0000] {dag.py:3036} INFO - Sync 1 DAGs
[2025-04-21T13:58:24.784+0000] {logging_mixin.py:188} INFO - [2025-04-21T13:58:24.784+0000] {dag.py:3823} INFO - Setting next_dagrun for iris_ml_pipeline to None, run_after=None
[2025-04-21T13:58:24.804+0000] {processor.py:183} INFO - Processing /opt/airflow/dags/iris_pipeline.py took 0.081 seconds
[2025-04-21T13:58:56.047+0000] {processor.py:161} INFO - Started process (PID=869) to work on /opt/airflow/dags/iris_pipeline.py
[2025-04-21T13:58:56.051+0000] {processor.py:830} INFO - Processing file /opt/airflow/dags/iris_pipeline.py for tasks to queue
[2025-04-21T13:58:56.053+0000] {logging_mixin.py:188} INFO - [2025-04-21T13:58:56.052+0000] {dagbag.py:538} INFO - Filling up the DagBag from /opt/airflow/dags/iris_pipeline.py
[2025-04-21T13:58:56.066+0000] {processor.py:840} INFO - DAG(s) 'iris_ml_pipeline' retrieved from /opt/airflow/dags/iris_pipeline.py
[2025-04-21T13:58:56.103+0000] {logging_mixin.py:188} INFO - [2025-04-21T13:58:56.102+0000] {dag.py:3036} INFO - Sync 1 DAGs
[2025-04-21T13:58:56.122+0000] {logging_mixin.py:188} INFO - [2025-04-21T13:58:56.122+0000] {dag.py:3823} INFO - Setting next_dagrun for iris_ml_pipeline to None, run_after=None
[2025-04-21T13:58:56.141+0000] {processor.py:183} INFO - Processing /opt/airflow/dags/iris_pipeline.py took 0.100 seconds
[2025-04-21T13:59:27.502+0000] {processor.py:161} INFO - Started process (PID=892) to work on /opt/airflow/dags/iris_pipeline.py
[2025-04-21T13:59:27.505+0000] {processor.py:830} INFO - Processing file /opt/airflow/dags/iris_pipeline.py for tasks to queue
[2025-04-21T13:59:27.509+0000] {logging_mixin.py:188} INFO - [2025-04-21T13:59:27.507+0000] {dagbag.py:538} INFO - Filling up the DagBag from /opt/airflow/dags/iris_pipeline.py
[2025-04-21T13:59:27.539+0000] {processor.py:840} INFO - DAG(s) 'iris_ml_pipeline' retrieved from /opt/airflow/dags/iris_pipeline.py
[2025-04-21T13:59:27.608+0000] {logging_mixin.py:188} INFO - [2025-04-21T13:59:27.607+0000] {dag.py:3036} INFO - Sync 1 DAGs
[2025-04-21T13:59:27.625+0000] {logging_mixin.py:188} INFO - [2025-04-21T13:59:27.625+0000] {dag.py:3823} INFO - Setting next_dagrun for iris_ml_pipeline to None, run_after=None
[2025-04-21T13:59:27.648+0000] {processor.py:183} INFO - Processing /opt/airflow/dags/iris_pipeline.py took 0.159 seconds
[2025-04-21T13:59:58.912+0000] {processor.py:161} INFO - Started process (PID=915) to work on /opt/airflow/dags/iris_pipeline.py
[2025-04-21T13:59:58.914+0000] {processor.py:830} INFO - Processing file /opt/airflow/dags/iris_pipeline.py for tasks to queue
[2025-04-21T13:59:58.916+0000] {logging_mixin.py:188} INFO - [2025-04-21T13:59:58.915+0000] {dagbag.py:538} INFO - Filling up the DagBag from /opt/airflow/dags/iris_pipeline.py
[2025-04-21T13:59:58.929+0000] {processor.py:840} INFO - DAG(s) 'iris_ml_pipeline' retrieved from /opt/airflow/dags/iris_pipeline.py
[2025-04-21T13:59:58.968+0000] {logging_mixin.py:188} INFO - [2025-04-21T13:59:58.968+0000] {dag.py:3036} INFO - Sync 1 DAGs
[2025-04-21T13:59:58.980+0000] {logging_mixin.py:188} INFO - [2025-04-21T13:59:58.980+0000] {dag.py:3823} INFO - Setting next_dagrun for iris_ml_pipeline to None, run_after=None
[2025-04-21T13:59:59.004+0000] {processor.py:183} INFO - Processing /opt/airflow/dags/iris_pipeline.py took 0.097 seconds
[2025-04-21T14:00:30.286+0000] {processor.py:161} INFO - Started process (PID=938) to work on /opt/airflow/dags/iris_pipeline.py
[2025-04-21T14:00:30.288+0000] {processor.py:830} INFO - Processing file /opt/airflow/dags/iris_pipeline.py for tasks to queue
[2025-04-21T14:00:30.289+0000] {logging_mixin.py:188} INFO - [2025-04-21T14:00:30.288+0000] {dagbag.py:538} INFO - Filling up the DagBag from /opt/airflow/dags/iris_pipeline.py
[2025-04-21T14:00:30.301+0000] {processor.py:840} INFO - DAG(s) 'iris_ml_pipeline' retrieved from /opt/airflow/dags/iris_pipeline.py
[2025-04-21T14:00:30.334+0000] {logging_mixin.py:188} INFO - [2025-04-21T14:00:30.334+0000] {dag.py:3036} INFO - Sync 1 DAGs
[2025-04-21T14:00:30.344+0000] {logging_mixin.py:188} INFO - [2025-04-21T14:00:30.344+0000] {dag.py:3823} INFO - Setting next_dagrun for iris_ml_pipeline to None, run_after=None
[2025-04-21T14:00:30.359+0000] {processor.py:183} INFO - Processing /opt/airflow/dags/iris_pipeline.py took 0.076 seconds
[2025-04-21T14:01:01.669+0000] {processor.py:161} INFO - Started process (PID=961) to work on /opt/airflow/dags/iris_pipeline.py
[2025-04-21T14:01:01.670+0000] {processor.py:830} INFO - Processing file /opt/airflow/dags/iris_pipeline.py for tasks to queue
[2025-04-21T14:01:01.672+0000] {logging_mixin.py:188} INFO - [2025-04-21T14:01:01.671+0000] {dagbag.py:538} INFO - Filling up the DagBag from /opt/airflow/dags/iris_pipeline.py
[2025-04-21T14:01:01.684+0000] {processor.py:840} INFO - DAG(s) 'iris_ml_pipeline' retrieved from /opt/airflow/dags/iris_pipeline.py
[2025-04-21T14:01:01.716+0000] {logging_mixin.py:188} INFO - [2025-04-21T14:01:01.716+0000] {dag.py:3036} INFO - Sync 1 DAGs
[2025-04-21T14:01:01.730+0000] {logging_mixin.py:188} INFO - [2025-04-21T14:01:01.729+0000] {dag.py:3823} INFO - Setting next_dagrun for iris_ml_pipeline to None, run_after=None
[2025-04-21T14:01:01.752+0000] {processor.py:183} INFO - Processing /opt/airflow/dags/iris_pipeline.py took 0.091 seconds
[2025-04-21T14:01:33.027+0000] {processor.py:161} INFO - Started process (PID=984) to work on /opt/airflow/dags/iris_pipeline.py
[2025-04-21T14:01:33.029+0000] {processor.py:830} INFO - Processing file /opt/airflow/dags/iris_pipeline.py for tasks to queue
[2025-04-21T14:01:33.031+0000] {logging_mixin.py:188} INFO - [2025-04-21T14:01:33.030+0000] {dagbag.py:538} INFO - Filling up the DagBag from /opt/airflow/dags/iris_pipeline.py
[2025-04-21T14:01:33.045+0000] {processor.py:840} INFO - DAG(s) 'iris_ml_pipeline' retrieved from /opt/airflow/dags/iris_pipeline.py
[2025-04-21T14:01:33.083+0000] {logging_mixin.py:188} INFO - [2025-04-21T14:01:33.083+0000] {dag.py:3036} INFO - Sync 1 DAGs
[2025-04-21T14:01:33.093+0000] {logging_mixin.py:188} INFO - [2025-04-21T14:01:33.093+0000] {dag.py:3823} INFO - Setting next_dagrun for iris_ml_pipeline to None, run_after=None
[2025-04-21T14:01:33.113+0000] {processor.py:183} INFO - Processing /opt/airflow/dags/iris_pipeline.py took 0.090 seconds
[2025-04-21T14:02:04.390+0000] {processor.py:161} INFO - Started process (PID=1007) to work on /opt/airflow/dags/iris_pipeline.py
[2025-04-21T14:02:04.392+0000] {processor.py:830} INFO - Processing file /opt/airflow/dags/iris_pipeline.py for tasks to queue
[2025-04-21T14:02:04.394+0000] {logging_mixin.py:188} INFO - [2025-04-21T14:02:04.393+0000] {dagbag.py:538} INFO - Filling up the DagBag from /opt/airflow/dags/iris_pipeline.py
[2025-04-21T14:02:04.408+0000] {processor.py:840} INFO - DAG(s) 'iris_ml_pipeline' retrieved from /opt/airflow/dags/iris_pipeline.py
[2025-04-21T14:02:04.451+0000] {logging_mixin.py:188} INFO - [2025-04-21T14:02:04.450+0000] {dag.py:3036} INFO - Sync 1 DAGs
[2025-04-21T14:02:04.467+0000] {logging_mixin.py:188} INFO - [2025-04-21T14:02:04.467+0000] {dag.py:3823} INFO - Setting next_dagrun for iris_ml_pipeline to None, run_after=None
[2025-04-21T14:02:04.486+0000] {processor.py:183} INFO - Processing /opt/airflow/dags/iris_pipeline.py took 0.101 seconds
[2025-04-21T14:02:35.863+0000] {processor.py:161} INFO - Started process (PID=1030) to work on /opt/airflow/dags/iris_pipeline.py
[2025-04-21T14:02:35.865+0000] {processor.py:830} INFO - Processing file /opt/airflow/dags/iris_pipeline.py for tasks to queue
[2025-04-21T14:02:35.867+0000] {logging_mixin.py:188} INFO - [2025-04-21T14:02:35.867+0000] {dagbag.py:538} INFO - Filling up the DagBag from /opt/airflow/dags/iris_pipeline.py
[2025-04-21T14:02:35.883+0000] {processor.py:840} INFO - DAG(s) 'iris_ml_pipeline' retrieved from /opt/airflow/dags/iris_pipeline.py
[2025-04-21T14:02:35.916+0000] {logging_mixin.py:188} INFO - [2025-04-21T14:02:35.916+0000] {dag.py:3036} INFO - Sync 1 DAGs
[2025-04-21T14:02:35.935+0000] {logging_mixin.py:188} INFO - [2025-04-21T14:02:35.935+0000] {dag.py:3823} INFO - Setting next_dagrun for iris_ml_pipeline to None, run_after=None
[2025-04-21T14:02:35.955+0000] {processor.py:183} INFO - Processing /opt/airflow/dags/iris_pipeline.py took 0.096 seconds
[2025-04-21T14:03:07.206+0000] {processor.py:161} INFO - Started process (PID=1053) to work on /opt/airflow/dags/iris_pipeline.py
[2025-04-21T14:03:07.208+0000] {processor.py:830} INFO - Processing file /opt/airflow/dags/iris_pipeline.py for tasks to queue
[2025-04-21T14:03:07.210+0000] {logging_mixin.py:188} INFO - [2025-04-21T14:03:07.209+0000] {dagbag.py:538} INFO - Filling up the DagBag from /opt/airflow/dags/iris_pipeline.py
[2025-04-21T14:03:07.225+0000] {processor.py:840} INFO - DAG(s) 'iris_ml_pipeline' retrieved from /opt/airflow/dags/iris_pipeline.py
[2025-04-21T14:03:07.272+0000] {logging_mixin.py:188} INFO - [2025-04-21T14:03:07.272+0000] {dag.py:3036} INFO - Sync 1 DAGs
[2025-04-21T14:03:07.302+0000] {logging_mixin.py:188} INFO - [2025-04-21T14:03:07.302+0000] {dag.py:3823} INFO - Setting next_dagrun for iris_ml_pipeline to None, run_after=None
[2025-04-21T14:03:07.329+0000] {processor.py:183} INFO - Processing /opt/airflow/dags/iris_pipeline.py took 0.127 seconds
[2025-04-21T14:03:38.597+0000] {processor.py:161} INFO - Started process (PID=1076) to work on /opt/airflow/dags/iris_pipeline.py
[2025-04-21T14:03:38.599+0000] {processor.py:830} INFO - Processing file /opt/airflow/dags/iris_pipeline.py for tasks to queue
[2025-04-21T14:03:38.601+0000] {logging_mixin.py:188} INFO - [2025-04-21T14:03:38.600+0000] {dagbag.py:538} INFO - Filling up the DagBag from /opt/airflow/dags/iris_pipeline.py
[2025-04-21T14:03:38.614+0000] {processor.py:840} INFO - DAG(s) 'iris_ml_pipeline' retrieved from /opt/airflow/dags/iris_pipeline.py
[2025-04-21T14:03:38.645+0000] {logging_mixin.py:188} INFO - [2025-04-21T14:03:38.645+0000] {dag.py:3036} INFO - Sync 1 DAGs
[2025-04-21T14:03:38.656+0000] {logging_mixin.py:188} INFO - [2025-04-21T14:03:38.656+0000] {dag.py:3823} INFO - Setting next_dagrun for iris_ml_pipeline to None, run_after=None
[2025-04-21T14:03:38.688+0000] {processor.py:183} INFO - Processing /opt/airflow/dags/iris_pipeline.py took 0.094 seconds
[2025-04-21T14:04:09.968+0000] {processor.py:161} INFO - Started process (PID=1099) to work on /opt/airflow/dags/iris_pipeline.py
[2025-04-21T14:04:09.969+0000] {processor.py:830} INFO - Processing file /opt/airflow/dags/iris_pipeline.py for tasks to queue
[2025-04-21T14:04:09.971+0000] {logging_mixin.py:188} INFO - [2025-04-21T14:04:09.970+0000] {dagbag.py:538} INFO - Filling up the DagBag from /opt/airflow/dags/iris_pipeline.py
[2025-04-21T14:04:09.984+0000] {processor.py:840} INFO - DAG(s) 'iris_ml_pipeline' retrieved from /opt/airflow/dags/iris_pipeline.py
[2025-04-21T14:04:10.016+0000] {logging_mixin.py:188} INFO - [2025-04-21T14:04:10.016+0000] {dag.py:3036} INFO - Sync 1 DAGs
[2025-04-21T14:04:10.030+0000] {logging_mixin.py:188} INFO - [2025-04-21T14:04:10.030+0000] {dag.py:3823} INFO - Setting next_dagrun for iris_ml_pipeline to None, run_after=None
[2025-04-21T14:04:10.045+0000] {processor.py:183} INFO - Processing /opt/airflow/dags/iris_pipeline.py took 0.081 seconds
[2025-04-21T14:04:41.443+0000] {processor.py:161} INFO - Started process (PID=1122) to work on /opt/airflow/dags/iris_pipeline.py
[2025-04-21T14:04:41.446+0000] {processor.py:830} INFO - Processing file /opt/airflow/dags/iris_pipeline.py for tasks to queue
[2025-04-21T14:04:41.449+0000] {logging_mixin.py:188} INFO - [2025-04-21T14:04:41.448+0000] {dagbag.py:538} INFO - Filling up the DagBag from /opt/airflow/dags/iris_pipeline.py
[2025-04-21T14:04:41.466+0000] {processor.py:840} INFO - DAG(s) 'iris_ml_pipeline' retrieved from /opt/airflow/dags/iris_pipeline.py
[2025-04-21T14:04:41.522+0000] {logging_mixin.py:188} INFO - [2025-04-21T14:04:41.521+0000] {dag.py:3036} INFO - Sync 1 DAGs
[2025-04-21T14:04:41.539+0000] {logging_mixin.py:188} INFO - [2025-04-21T14:04:41.538+0000] {dag.py:3823} INFO - Setting next_dagrun for iris_ml_pipeline to None, run_after=None
[2025-04-21T14:04:41.561+0000] {processor.py:183} INFO - Processing /opt/airflow/dags/iris_pipeline.py took 0.122 seconds
[2025-04-21T14:05:12.848+0000] {processor.py:161} INFO - Started process (PID=1145) to work on /opt/airflow/dags/iris_pipeline.py
[2025-04-21T14:05:12.850+0000] {processor.py:830} INFO - Processing file /opt/airflow/dags/iris_pipeline.py for tasks to queue
[2025-04-21T14:05:12.854+0000] {logging_mixin.py:188} INFO - [2025-04-21T14:05:12.853+0000] {dagbag.py:538} INFO - Filling up the DagBag from /opt/airflow/dags/iris_pipeline.py
[2025-04-21T14:05:12.869+0000] {processor.py:840} INFO - DAG(s) 'iris_ml_pipeline' retrieved from /opt/airflow/dags/iris_pipeline.py
[2025-04-21T14:05:12.906+0000] {logging_mixin.py:188} INFO - [2025-04-21T14:05:12.906+0000] {dag.py:3036} INFO - Sync 1 DAGs
[2025-04-21T14:05:12.925+0000] {logging_mixin.py:188} INFO - [2025-04-21T14:05:12.925+0000] {dag.py:3823} INFO - Setting next_dagrun for iris_ml_pipeline to None, run_after=None
[2025-04-21T14:05:12.945+0000] {processor.py:183} INFO - Processing /opt/airflow/dags/iris_pipeline.py took 0.102 seconds
